<?xml version="1.0" encoding="UTF-8"?>
<robot generator="Robot 7.3 (Python 3.10.12 on linux)" generated="2025-06-20T14:30:28.579974" rpa="false" schemaversion="5">
<suite id="s1" name="Gherkins" source="/home/arthur/Inmetrics/Inmetrics---Desafios/Robot_Tests/TestCases/gherkins">
<suite id="s1-s1" name="addressGherkins" source="/home/arthur/Inmetrics/Inmetrics---Desafios/Robot_Tests/TestCases/gherkins/addressGherkins.robot">
<test id="s1-s1-t1" name="POSITIVE - Criação de endereço com sucesso" line="10">
<kw name="DADO que o usuário possui um token de autenticação válido" owner="authSteps">
<kw name="Login Usando Basic Auth E Obter Token" owner="auth">
<kw name="Create List" owner="BuiltIn">
<msg time="2025-06-20T14:30:29.322236" level="INFO">${auth} = ['AturM', 'Testando']</msg>
<var>${auth}</var>
<arg>${USERNAME}</arg>
<arg>${PASSWORD}</arg>
<doc>Returns a list containing given items.</doc>
<status status="PASS" start="2025-06-20T14:30:29.321942" elapsed="0.000349"/>
</kw>
<kw name="Create Session" owner="RequestsLibrary">
<msg time="2025-06-20T14:30:29.322701" level="INFO">Creating Session using : alias=auth_session, url=http://172.23.208.1, headers={},                     cookies={}, auth=&lt;requests.auth.HTTPBasicAuth object at 0x72dbfcce2440&gt;, timeout=None, proxies=None, verify=False,                     debug=0 </msg>
<arg>auth_session</arg>
<arg>${login_url}</arg>
<arg>auth=${auth}</arg>
<doc>Create Session: create a HTTP session to a server</doc>
<status status="PASS" start="2025-06-20T14:30:29.322476" elapsed="0.000475"/>
</kw>
<kw name="POST On Session" owner="RequestsLibrary">
<msg time="2025-06-20T14:30:29.480458" level="INFO">POST Request : url=http://172.23.208.1/user/login 
 path_url=/user/login 
 headers={'User-Agent': 'python-requests/2.32.3', 'Accept-Encoding': 'gzip, deflate', 'Accept': '*/*', 'Connection': 'keep-alive', 'Content-Length': '0', 'Authorization': 'Basic QXR1ck06VGVzdGFuZG8='} 
 body=None 
 </msg>
<msg time="2025-06-20T14:30:29.480691" level="INFO">POST Response : url=http://172.23.208.1/user/login 
 status=200, reason=OK 
 headers={'Server': 'nginx/1.28.0', 'Date': 'Fri, 20 Jun 2025 17:30:29 GMT', 'Content-Type': 'application/json', 'Content-Length': '171', 'Connection': 'keep-alive', 'Access-Control-Allow-Origin': '*'} 
 body={"msg":"Success logging in","token":"eyJ0eXAiOiJKV1QiLCJhbGciOiJIUzI1NiJ9.eyJ1c2VybmFtZSI6IkF0dXJNIiwiZXhwIjoxNzUwNTI3MDI5fQ.atxtIhK0LqZiPD3y1_UcLHqz9lVV6aBhSThTH_ZMA3k"}
 
 </msg>
<msg time="2025-06-20T14:30:29.480954" level="INFO">${response} = &lt;Response [200]&gt;</msg>
<var>${response}</var>
<arg>auth_session</arg>
<arg>/user/login</arg>
<arg>expected_status=Anything</arg>
<doc>Sends a POST request on a previously created HTTP Session.</doc>
<status status="PASS" start="2025-06-20T14:30:29.323051" elapsed="0.157969"/>
</kw>
<if>
<branch type="IF" condition="${response.status_code} == 401">
<kw name="Create Dictionary" owner="BuiltIn">
<var>${header}</var>
<arg>content-type=application/json</arg>
<doc>Creates and returns a dictionary based on the given ``items``.</doc>
<status status="NOT RUN" start="2025-06-20T14:30:29.481894" elapsed="0.000024"/>
</kw>
<kw name="Create Dictionary" owner="BuiltIn">
<var>${body}</var>
<arg>username=${USERNAME}</arg>
<arg>password=${PASSWORD}</arg>
<doc>Creates and returns a dictionary based on the given ``items``.</doc>
<status status="NOT RUN" start="2025-06-20T14:30:29.482012" elapsed="0.000013"/>
</kw>
<kw name="POST" owner="RequestsLibrary">
<var>${response}</var>
<arg>url=${login_url}/user/create</arg>
<arg>headers=${header}</arg>
<arg>json=${body}</arg>
<doc>Sends a POST request.</doc>
<status status="NOT RUN" start="2025-06-20T14:30:29.482102" elapsed="0.000012"/>
</kw>
<kw name="Should Be Equal As Integers" owner="BuiltIn">
<arg>${response.status_code}</arg>
<arg>201</arg>
<doc>Fails if objects are unequal after converting them to integers.</doc>
<status status="NOT RUN" start="2025-06-20T14:30:29.482191" elapsed="0.000012"/>
</kw>
<kw name="POST On Session" owner="RequestsLibrary">
<var>${response}</var>
<arg>auth_session</arg>
<arg>/user/login</arg>
<doc>Sends a POST request on a previously created HTTP Session.</doc>
<status status="NOT RUN" start="2025-06-20T14:30:29.482272" elapsed="0.000012"/>
</kw>
<status status="NOT RUN" start="2025-06-20T14:30:29.481242" elapsed="0.001064"/>
</branch>
<status status="PASS" start="2025-06-20T14:30:29.481196" elapsed="0.001131"/>
</if>
<kw name="Set Global Variable" owner="BuiltIn">
<msg time="2025-06-20T14:30:29.483289" level="INFO">${AUTH_TOKEN} = eyJ0eXAiOiJKV1QiLCJhbGciOiJIUzI1NiJ9.eyJ1c2VybmFtZSI6IkF0dXJNIiwiZXhwIjoxNzUwNTI3MDI5fQ.atxtIhK0LqZiPD3y1_UcLHqz9lVV6aBhSThTH_ZMA3k</msg>
<arg>${AUTH_TOKEN}</arg>
<arg>${response.json()['token']}</arg>
<doc>Makes a variable available globally in all tests and suites.</doc>
<status status="PASS" start="2025-06-20T14:30:29.482448" elapsed="0.000924"/>
</kw>
<status status="PASS" start="2025-06-20T14:30:29.320888" elapsed="0.162605"/>
</kw>
<status status="PASS" start="2025-06-20T14:30:29.320328" elapsed="0.163215"/>
</kw>
<kw name="QUANDO ele faz a requisição de criar um endereço no sistema com dados corretos" owner="addressSteps">
<kw name="Name" owner="FakerLibrary">
<msg time="2025-06-20T14:30:29.484572" level="INFO">${fake_name} = Ayla Gomes</msg>
<var>${fake_name}</var>
<doc>:example: 'John Doe'</doc>
<status status="PASS" start="2025-06-20T14:30:29.484317" elapsed="0.000278"/>
</kw>
<kw name="Email" owner="FakerLibrary">
<msg time="2025-06-20T14:30:29.484841" level="INFO">${fake_email} = ssilveira@example.com</msg>
<var>${fake_email}</var>
<status status="PASS" start="2025-06-20T14:30:29.484685" elapsed="0.000174"/>
</kw>
<kw name="Cpf" owner="FakerLibrary">
<msg time="2025-06-20T14:30:29.485058" level="INFO">${fake_cpf} = 037.924.185-41</msg>
<var>${fake_cpf}</var>
<status status="PASS" start="2025-06-20T14:30:29.484932" elapsed="0.000144"/>
</kw>
<kw name="Criar cliente" owner="clients">
<kw name="Run Keyword If" owner="BuiltIn">
<kw name="Set Variable" owner="BuiltIn">
<arg>${name}</arg>
<doc>Returns the given values which can then be assigned to a variables.</doc>
<status status="PASS" start="2025-06-20T14:30:29.486068" elapsed="0.000104"/>
</kw>
<msg time="2025-06-20T14:30:29.486250" level="INFO">${name} = Ayla Gomes</msg>
<var>${name}</var>
<arg>'${name}' == 'None'</arg>
<arg>FakerLibrary.Name</arg>
<arg>ELSE</arg>
<arg>Set Variable</arg>
<arg>${name}</arg>
<doc>Runs the given keyword with the given arguments, if ``condition`` is true.</doc>
<status status="PASS" start="2025-06-20T14:30:29.485844" elapsed="0.000426"/>
</kw>
<kw name="Run Keyword If" owner="BuiltIn">
<kw name="Set Variable" owner="BuiltIn">
<arg>${email}</arg>
<doc>Returns the given values which can then be assigned to a variables.</doc>
<status status="PASS" start="2025-06-20T14:30:29.486592" elapsed="0.000092"/>
</kw>
<msg time="2025-06-20T14:30:29.486766" level="INFO">${email} = ssilveira@example.com</msg>
<var>${email}</var>
<arg>'${email}' == 'None'</arg>
<arg>FakerLibrary.Email</arg>
<arg>ELSE</arg>
<arg>Set Variable</arg>
<arg>${email}</arg>
<doc>Runs the given keyword with the given arguments, if ``condition`` is true.</doc>
<status status="PASS" start="2025-06-20T14:30:29.486394" elapsed="0.000390"/>
</kw>
<kw name="Run Keyword If" owner="BuiltIn">
<kw name="Set Variable" owner="BuiltIn">
<arg>${cpf}</arg>
<doc>Returns the given values which can then be assigned to a variables.</doc>
<status status="PASS" start="2025-06-20T14:30:29.487033" elapsed="0.000084"/>
</kw>
<msg time="2025-06-20T14:30:29.487171" level="INFO">${cpf} = 037.924.185-41</msg>
<var>${cpf}</var>
<arg>'${cpf}' == 'None'</arg>
<arg>FakerLibrary.CPF</arg>
<arg>ELSE</arg>
<arg>Set Variable</arg>
<arg>${cpf}</arg>
<doc>Runs the given keyword with the given arguments, if ``condition`` is true.</doc>
<status status="PASS" start="2025-06-20T14:30:29.486878" elapsed="0.000309"/>
</kw>
<kw name="Run Keyword If" owner="BuiltIn">
<kw name="Set Variable" owner="BuiltIn">
<arg>${balance}</arg>
<doc>Returns the given values which can then be assigned to a variables.</doc>
<status status="PASS" start="2025-06-20T14:30:29.487511" elapsed="0.000142"/>
</kw>
<msg time="2025-06-20T14:30:29.487796" level="INFO">${balance} = 1000.0</msg>
<var>${balance}</var>
<arg>'${balance}' == 'None'</arg>
<arg>FakerLibrary.Pyfloat</arg>
<arg>min_value=0.0</arg>
<arg>max_value=10000.0</arg>
<arg>right_digits=2</arg>
<arg>ELSE</arg>
<arg>Set Variable</arg>
<arg>${balance}</arg>
<doc>Runs the given keyword with the given arguments, if ``condition`` is true.</doc>
<status status="PASS" start="2025-06-20T14:30:29.487325" elapsed="0.000490"/>
</kw>
<kw name="Create Dictionary" owner="BuiltIn">
<msg time="2025-06-20T14:30:29.488329" level="INFO">&amp;{headers} = { content-type=application/json | authorization=Bearer eyJ0eXAiOiJKV1QiLCJhbGciOiJIUzI1NiJ9.eyJ1c2VybmFtZSI6IkF0dXJNIiwiZXhwIjoxNzUwNTI3MDI5fQ.atxtIhK0LqZiPD3y1_UcLHqz9lVV6aBhSThTH_ZMA3k }</msg>
<var>&amp;{headers}</var>
<arg>content-type=application/json</arg>
<arg>authorization=Bearer ${AUTH_TOKEN}</arg>
<doc>Creates and returns a dictionary based on the given ``items``.</doc>
<status status="PASS" start="2025-06-20T14:30:29.487935" elapsed="0.000428"/>
</kw>
<kw name="Create Dictionary" owner="BuiltIn">
<msg time="2025-06-20T14:30:29.488787" level="INFO">${body} = {'name': 'Ayla Gomes', 'email': 'ssilveira@example.com', 'cpf': '037.924.185-41', 'balance': 1000.0}</msg>
<var>${body}</var>
<arg>name=${name}</arg>
<arg>email=${email}</arg>
<arg>cpf=${cpf}</arg>
<arg>balance=${balance}</arg>
<doc>Creates and returns a dictionary based on the given ``items``.</doc>
<status status="PASS" start="2025-06-20T14:30:29.488486" elapsed="0.000321"/>
</kw>
<kw name="POST" owner="RequestsLibrary">
<msg time="2025-06-20T14:30:29.524467" level="INFO">POST Request : url=http://172.23.208.1/clients/create 
 path_url=/clients/create 
 headers={'User-Agent': 'python-requests/2.32.3', 'Accept-Encoding': 'gzip, deflate', 'Accept': '*/*', 'Connection': 'keep-alive', 'content-type': 'application/json', 'authorization': 'Bearer eyJ0eXAiOiJKV1QiLCJhbGciOiJIUzI1NiJ9.eyJ1c2VybmFtZSI6IkF0dXJNIiwiZXhwIjoxNzUwNTI3MDI5fQ.atxtIhK0LqZiPD3y1_UcLHqz9lVV6aBhSThTH_ZMA3k', 'Content-Length': '100'} 
 body=b'{"name": "Ayla Gomes", "email": "ssilveira@example.com", "cpf": "037.924.185-41", "balance": 1000.0}' 
 </msg>
<msg time="2025-06-20T14:30:29.524559" level="INFO">POST Response : url=http://172.23.208.1/clients/create 
 status=201, reason=CREATED 
 headers={'Server': 'nginx/1.28.0', 'Date': 'Fri, 20 Jun 2025 17:30:29 GMT', 'Content-Type': 'application/json', 'Content-Length': '46', 'Connection': 'keep-alive', 'Access-Control-Allow-Origin': '*'} 
 body={"id":27,"msg":"Success creating the client"}
 
 </msg>
<msg time="2025-06-20T14:30:29.524684" level="INFO">${response} = &lt;Response [201]&gt;</msg>
<var>${response}</var>
<arg>url=${client_url}/create</arg>
<arg>headers=${headers}</arg>
<arg>json=${body}</arg>
<arg>expected_status=Anything</arg>
<doc>Sends a POST request.</doc>
<status status="PASS" start="2025-06-20T14:30:29.488906" elapsed="0.035799"/>
</kw>
<return>
<value>${response}</value>
<status status="PASS" start="2025-06-20T14:30:29.524844" elapsed="0.000078"/>
</return>
<msg time="2025-06-20T14:30:29.525167" level="INFO">${response} = &lt;Response [201]&gt;</msg>
<var>${response}</var>
<arg>name=${fake_name}</arg>
<arg>email=${fake_email}</arg>
<arg>cpf=${fake_cpf}</arg>
<arg>balance=${1000.00}</arg>
<status status="PASS" start="2025-06-20T14:30:29.485214" elapsed="0.039975"/>
</kw>
<if>
<branch type="IF" condition="${response.status_code} == 201">
<kw name="Set Variable" owner="BuiltIn">
<msg time="2025-06-20T14:30:29.526181" level="INFO">${client_id} = 27</msg>
<var>${client_id}</var>
<arg>${response.json()['id']}</arg>
<doc>Returns the given values which can then be assigned to a variables.</doc>
<status status="PASS" start="2025-06-20T14:30:29.525759" elapsed="0.000444"/>
</kw>
<kw name="Street Name" owner="FakerLibrary">
<msg time="2025-06-20T14:30:29.526480" level="INFO">${street} = Recanto Siqueira</msg>
<var>${street}</var>
<doc>:example: 'Crist Parks'</doc>
<status status="PASS" start="2025-06-20T14:30:29.526326" elapsed="0.000172"/>
</kw>
<kw name="Building Number" owner="FakerLibrary">
<msg time="2025-06-20T14:30:29.526680" level="INFO">${number} = 91</msg>
<var>${number}</var>
<doc>:example: '791'</doc>
<status status="PASS" start="2025-06-20T14:30:29.526576" elapsed="0.000121"/>
</kw>
<kw name="Postcode" owner="FakerLibrary">
<msg time="2025-06-20T14:30:29.526918" level="INFO">${cep} = 82452749</msg>
<var>${cep}</var>
<doc>Randomly returns a postcode.
:param formatted: True to allow formatted postcodes, else False (default True)
:example formatted: '41224-212' '83992-291' '12324322'
:example raw: '43920231' '34239530'</doc>
<status status="PASS" start="2025-06-20T14:30:29.526768" elapsed="0.000178"/>
</kw>
<kw name="City" owner="FakerLibrary">
<msg time="2025-06-20T14:30:29.527113" level="INFO">${city} = Albuquerque</msg>
<var>${city}</var>
<doc>:example: 'Sashabury'</doc>
<status status="PASS" start="2025-06-20T14:30:29.527017" elapsed="0.000112"/>
</kw>
<kw name="State Abbr" owner="FakerLibrary">
<msg time="2025-06-20T14:30:29.527291" level="INFO">${state} = PE</msg>
<var>${state}</var>
<status status="PASS" start="2025-06-20T14:30:29.527194" elapsed="0.000112"/>
</kw>
<kw name="Criar endereco" owner="address">
<kw name="Create Dictionary" owner="BuiltIn">
<msg time="2025-06-20T14:30:29.528458" level="INFO">&amp;{headers} = { content-type=application/json | authorization=Bearer eyJ0eXAiOiJKV1QiLCJhbGciOiJIUzI1NiJ9.eyJ1c2VybmFtZSI6IkF0dXJNIiwiZXhwIjoxNzUwNTI3MDI5fQ.atxtIhK0LqZiPD3y1_UcLHqz9lVV6aBhSThTH_ZMA3k }</msg>
<var>&amp;{headers}</var>
<arg>content-type=application/json</arg>
<arg>authorization=Bearer ${AUTH_TOKEN}</arg>
<doc>Creates and returns a dictionary based on the given ``items``.</doc>
<status status="PASS" start="2025-06-20T14:30:29.528212" elapsed="0.000269"/>
</kw>
<kw name="Create Dictionary" owner="BuiltIn">
<msg time="2025-06-20T14:30:29.528890" level="INFO">${body} = {'client_id': 27, 'CEP': '82452749', 'street': 'Recanto Siqueira', 'number': 512, 'city': 'Albuquerque', 'state': 'PE'}</msg>
<var>${body}</var>
<arg>client_id=${client_id}</arg>
<arg>CEP=${CEP}</arg>
<arg>street=${street}</arg>
<arg>number=${number}</arg>
<arg>city=${city}</arg>
<arg>state=${state}</arg>
<doc>Creates and returns a dictionary based on the given ``items``.</doc>
<status status="PASS" start="2025-06-20T14:30:29.528578" elapsed="0.000331"/>
</kw>
<kw name="POST" owner="RequestsLibrary">
<msg time="2025-06-20T14:30:29.558416" level="INFO">POST Request : url=http://172.23.208.1/address/create 
 path_url=/address/create 
 headers={'User-Agent': 'python-requests/2.32.3', 'Accept-Encoding': 'gzip, deflate', 'Accept': '*/*', 'Connection': 'keep-alive', 'content-type': 'application/json', 'authorization': 'Bearer eyJ0eXAiOiJKV1QiLCJhbGciOiJIUzI1NiJ9.eyJ1c2VybmFtZSI6IkF0dXJNIiwiZXhwIjoxNzUwNTI3MDI5fQ.atxtIhK0LqZiPD3y1_UcLHqz9lVV6aBhSThTH_ZMA3k', 'Content-Length': '119'} 
 body=b'{"client_id": 27, "CEP": "82452749", "street": "Recanto Siqueira", "number": 512, "city": "Albuquerque", "state": "PE"}' 
 </msg>
<msg time="2025-06-20T14:30:29.558538" level="INFO">POST Response : url=http://172.23.208.1/address/create 
 status=201, reason=CREATED 
 headers={'Server': 'nginx/1.28.0', 'Date': 'Fri, 20 Jun 2025 17:30:29 GMT', 'Content-Type': 'application/json', 'Content-Length': '43', 'Connection': 'keep-alive', 'Access-Control-Allow-Origin': '*'} 
 body={"id":10,"msg":"Success creating address"}
 
 </msg>
<msg time="2025-06-20T14:30:29.558693" level="INFO">${response} = &lt;Response [201]&gt;</msg>
<var>${response}</var>
<arg>url=${HOST}/create</arg>
<arg>headers=${headers}</arg>
<arg>json=${body}</arg>
<arg>expected_status=Anything</arg>
<doc>Sends a POST request.</doc>
<status status="PASS" start="2025-06-20T14:30:29.529002" elapsed="0.029713"/>
</kw>
<return>
<value>${response}</value>
<status status="PASS" start="2025-06-20T14:30:29.558791" elapsed="0.000045"/>
</return>
<msg time="2025-06-20T14:30:29.558995" level="INFO">${response} = &lt;Response [201]&gt;</msg>
<var>${response}</var>
<arg>client_id=${client_id}</arg>
<arg>CEP=${cep}</arg>
<arg>street=${street}</arg>
<arg>number=${512}</arg>
<arg>city=${city}</arg>
<arg>state=${state}</arg>
<status status="PASS" start="2025-06-20T14:30:29.527480" elapsed="0.031548"/>
</kw>
<kw name="Set Variable" owner="BuiltIn">
<msg time="2025-06-20T14:30:29.559730" level="INFO">${status_code} = 201</msg>
<var>${status_code}</var>
<arg>${response.status_code}</arg>
<doc>Returns the given values which can then be assigned to a variables.</doc>
<status status="PASS" start="2025-06-20T14:30:29.559265" elapsed="0.000490"/>
</kw>
<kw name="Set Suite Variable" owner="BuiltIn">
<msg time="2025-06-20T14:30:29.560226" level="INFO">${status_code} = 201</msg>
<msg time="2025-06-20T14:30:29.560313" level="INFO">${status_code} = None</msg>
<var>${status_code}</var>
<arg>${status_code}</arg>
<doc>Makes a variable available everywhere within the scope of the current suite.</doc>
<status status="PASS" start="2025-06-20T14:30:29.559930" elapsed="0.000400"/>
</kw>
<status status="PASS" start="2025-06-20T14:30:29.525266" elapsed="0.035099"/>
</branch>
<branch type="ELSE">
<kw name="Fail" owner="BuiltIn">
<arg>Não foi possível criar o cliente para criação do endereço</arg>
<doc>Fails the test with the given message and optionally alters its tags.</doc>
<status status="NOT RUN" start="2025-06-20T14:30:29.560515" elapsed="0.000015"/>
</kw>
<status status="NOT RUN" start="2025-06-20T14:30:29.560392" elapsed="0.000163"/>
</branch>
<status status="PASS" start="2025-06-20T14:30:29.525247" elapsed="0.035323"/>
</if>
<status status="PASS" start="2025-06-20T14:30:29.483986" elapsed="0.076634"/>
</kw>
<kw name="ENTÃO o sistema deve salvar o endereço no banco de dados e retornar sucesso" owner="addressSteps">
<kw name="Should Be Equal As Integers" owner="BuiltIn">
<msg time="2025-06-20T14:30:29.561610" level="INFO">Argument types are:
&lt;class 'int'&gt;
&lt;class 'str'&gt;</msg>
<arg>${status_code}</arg>
<arg>201</arg>
<doc>Fails if objects are unequal after converting them to integers.</doc>
<status status="PASS" start="2025-06-20T14:30:29.561437" elapsed="0.000234"/>
</kw>
<status status="PASS" start="2025-06-20T14:30:29.560978" elapsed="0.000744"/>
</kw>
<status status="PASS" start="2025-06-20T14:30:29.319591" elapsed="0.242325"/>
</test>
<test id="s1-s1-t2" name="NEGATIVE - Criação de endereço com dados inválidos" line="15">
<kw name="DADO que o usuário possui um token de autenticação válido" owner="authSteps">
<kw name="Login Usando Basic Auth E Obter Token" owner="auth">
<kw name="Create List" owner="BuiltIn">
<msg time="2025-06-20T14:30:29.563655" level="INFO">${auth} = ['AturM', 'Testando']</msg>
<var>${auth}</var>
<arg>${USERNAME}</arg>
<arg>${PASSWORD}</arg>
<doc>Returns a list containing given items.</doc>
<status status="PASS" start="2025-06-20T14:30:29.563458" elapsed="0.000219"/>
</kw>
<kw name="Create Session" owner="RequestsLibrary">
<msg time="2025-06-20T14:30:29.564181" level="INFO">Creating Session using : alias=auth_session, url=http://172.23.208.1, headers={},                     cookies={}, auth=&lt;requests.auth.HTTPBasicAuth object at 0x72dbfcd45bd0&gt;, timeout=None, proxies=None, verify=False,                     debug=0 </msg>
<arg>auth_session</arg>
<arg>${login_url}</arg>
<arg>auth=${auth}</arg>
<doc>Create Session: create a HTTP session to a server</doc>
<status status="PASS" start="2025-06-20T14:30:29.563772" elapsed="0.000678"/>
</kw>
<kw name="POST On Session" owner="RequestsLibrary">
<msg time="2025-06-20T14:30:29.690709" level="INFO">POST Request : url=http://172.23.208.1/user/login 
 path_url=/user/login 
 headers={'User-Agent': 'python-requests/2.32.3', 'Accept-Encoding': 'gzip, deflate', 'Accept': '*/*', 'Connection': 'keep-alive', 'Content-Length': '0', 'Authorization': 'Basic QXR1ck06VGVzdGFuZG8='} 
 body=None 
 </msg>
<msg time="2025-06-20T14:30:29.690853" level="INFO">POST Response : url=http://172.23.208.1/user/login 
 status=200, reason=OK 
 headers={'Server': 'nginx/1.28.0', 'Date': 'Fri, 20 Jun 2025 17:30:29 GMT', 'Content-Type': 'application/json', 'Content-Length': '171', 'Connection': 'keep-alive', 'Access-Control-Allow-Origin': '*'} 
 body={"msg":"Success logging in","token":"eyJ0eXAiOiJKV1QiLCJhbGciOiJIUzI1NiJ9.eyJ1c2VybmFtZSI6IkF0dXJNIiwiZXhwIjoxNzUwNTI3MDI5fQ.atxtIhK0LqZiPD3y1_UcLHqz9lVV6aBhSThTH_ZMA3k"}
 
 </msg>
<msg time="2025-06-20T14:30:29.690990" level="INFO">${response} = &lt;Response [200]&gt;</msg>
<var>${response}</var>
<arg>auth_session</arg>
<arg>/user/login</arg>
<arg>expected_status=Anything</arg>
<doc>Sends a POST request on a previously created HTTP Session.</doc>
<status status="PASS" start="2025-06-20T14:30:29.564600" elapsed="0.126413"/>
</kw>
<if>
<branch type="IF" condition="${response.status_code} == 401">
<kw name="Create Dictionary" owner="BuiltIn">
<var>${header}</var>
<arg>content-type=application/json</arg>
<doc>Creates and returns a dictionary based on the given ``items``.</doc>
<status status="NOT RUN" start="2025-06-20T14:30:29.691704" elapsed="0.000023"/>
</kw>
<kw name="Create Dictionary" owner="BuiltIn">
<var>${body}</var>
<arg>username=${USERNAME}</arg>
<arg>password=${PASSWORD}</arg>
<doc>Creates and returns a dictionary based on the given ``items``.</doc>
<status status="NOT RUN" start="2025-06-20T14:30:29.691830" elapsed="0.000014"/>
</kw>
<kw name="POST" owner="RequestsLibrary">
<var>${response}</var>
<arg>url=${login_url}/user/create</arg>
<arg>headers=${header}</arg>
<arg>json=${body}</arg>
<doc>Sends a POST request.</doc>
<status status="NOT RUN" start="2025-06-20T14:30:29.691927" elapsed="0.000014"/>
</kw>
<kw name="Should Be Equal As Integers" owner="BuiltIn">
<arg>${response.status_code}</arg>
<arg>201</arg>
<doc>Fails if objects are unequal after converting them to integers.</doc>
<status status="NOT RUN" start="2025-06-20T14:30:29.692022" elapsed="0.000014"/>
</kw>
<kw name="POST On Session" owner="RequestsLibrary">
<var>${response}</var>
<arg>auth_session</arg>
<arg>/user/login</arg>
<doc>Sends a POST request on a previously created HTTP Session.</doc>
<status status="NOT RUN" start="2025-06-20T14:30:29.692112" elapsed="0.000012"/>
</kw>
<status status="NOT RUN" start="2025-06-20T14:30:29.691145" elapsed="0.001004"/>
</branch>
<status status="PASS" start="2025-06-20T14:30:29.691100" elapsed="0.001070"/>
</if>
<kw name="Set Global Variable" owner="BuiltIn">
<msg time="2025-06-20T14:30:29.692816" level="INFO">${AUTH_TOKEN} = eyJ0eXAiOiJKV1QiLCJhbGciOiJIUzI1NiJ9.eyJ1c2VybmFtZSI6IkF0dXJNIiwiZXhwIjoxNzUwNTI3MDI5fQ.atxtIhK0LqZiPD3y1_UcLHqz9lVV6aBhSThTH_ZMA3k</msg>
<arg>${AUTH_TOKEN}</arg>
<arg>${response.json()['token']}</arg>
<doc>Makes a variable available globally in all tests and suites.</doc>
<status status="PASS" start="2025-06-20T14:30:29.692249" elapsed="0.000616"/>
</kw>
<status status="PASS" start="2025-06-20T14:30:29.563257" elapsed="0.129671"/>
</kw>
<status status="PASS" start="2025-06-20T14:30:29.562689" elapsed="0.130277"/>
</kw>
<kw name="QUANDO ele faz a requisição de criar um endereço no sistema com dados inválidos" owner="addressSteps">
<kw name="Name" owner="FakerLibrary">
<msg time="2025-06-20T14:30:29.694153" level="INFO">${fake_name} = Kevin Aparecida</msg>
<var>${fake_name}</var>
<doc>:example: 'John Doe'</doc>
<status status="PASS" start="2025-06-20T14:30:29.693896" elapsed="0.000301"/>
</kw>
<kw name="Email" owner="FakerLibrary">
<msg time="2025-06-20T14:30:29.694564" level="INFO">${fake_email} = ana-luiza88@example.org</msg>
<var>${fake_email}</var>
<status status="PASS" start="2025-06-20T14:30:29.694330" elapsed="0.000258"/>
</kw>
<kw name="Cpf" owner="FakerLibrary">
<msg time="2025-06-20T14:30:29.694817" level="INFO">${fake_cpf} = 538.079.246-47</msg>
<var>${fake_cpf}</var>
<status status="PASS" start="2025-06-20T14:30:29.694689" elapsed="0.000148"/>
</kw>
<kw name="Criar cliente" owner="clients">
<kw name="Run Keyword If" owner="BuiltIn">
<kw name="Set Variable" owner="BuiltIn">
<arg>${name}</arg>
<doc>Returns the given values which can then be assigned to a variables.</doc>
<status status="PASS" start="2025-06-20T14:30:29.696063" elapsed="0.000135"/>
</kw>
<msg time="2025-06-20T14:30:29.696278" level="INFO">${name} = Kevin Aparecida</msg>
<var>${name}</var>
<arg>'${name}' == 'None'</arg>
<arg>FakerLibrary.Name</arg>
<arg>ELSE</arg>
<arg>Set Variable</arg>
<arg>${name}</arg>
<doc>Runs the given keyword with the given arguments, if ``condition`` is true.</doc>
<status status="PASS" start="2025-06-20T14:30:29.695847" elapsed="0.000507"/>
</kw>
<kw name="Run Keyword If" owner="BuiltIn">
<kw name="Set Variable" owner="BuiltIn">
<arg>${email}</arg>
<doc>Returns the given values which can then be assigned to a variables.</doc>
<status status="PASS" start="2025-06-20T14:30:29.696779" elapsed="0.000138"/>
</kw>
<msg time="2025-06-20T14:30:29.697012" level="INFO">${email} = ana-luiza88@example.org</msg>
<var>${email}</var>
<arg>'${email}' == 'None'</arg>
<arg>FakerLibrary.Email</arg>
<arg>ELSE</arg>
<arg>Set Variable</arg>
<arg>${email}</arg>
<doc>Runs the given keyword with the given arguments, if ``condition`` is true.</doc>
<status status="PASS" start="2025-06-20T14:30:29.696526" elapsed="0.000505"/>
</kw>
<kw name="Run Keyword If" owner="BuiltIn">
<kw name="Set Variable" owner="BuiltIn">
<arg>${cpf}</arg>
<doc>Returns the given values which can then be assigned to a variables.</doc>
<status status="PASS" start="2025-06-20T14:30:29.697458" elapsed="0.000124"/>
</kw>
<msg time="2025-06-20T14:30:29.697656" level="INFO">${cpf} = 538.079.246-47</msg>
<var>${cpf}</var>
<arg>'${cpf}' == 'None'</arg>
<arg>FakerLibrary.CPF</arg>
<arg>ELSE</arg>
<arg>Set Variable</arg>
<arg>${cpf}</arg>
<doc>Runs the given keyword with the given arguments, if ``condition`` is true.</doc>
<status status="PASS" start="2025-06-20T14:30:29.697149" elapsed="0.000529"/>
</kw>
<kw name="Run Keyword If" owner="BuiltIn">
<kw name="Set Variable" owner="BuiltIn">
<arg>${balance}</arg>
<doc>Returns the given values which can then be assigned to a variables.</doc>
<status status="PASS" start="2025-06-20T14:30:29.697989" elapsed="0.000100"/>
</kw>
<msg time="2025-06-20T14:30:29.698156" level="INFO">${balance} = 1000.0</msg>
<var>${balance}</var>
<arg>'${balance}' == 'None'</arg>
<arg>FakerLibrary.Pyfloat</arg>
<arg>min_value=0.0</arg>
<arg>max_value=10000.0</arg>
<arg>right_digits=2</arg>
<arg>ELSE</arg>
<arg>Set Variable</arg>
<arg>${balance}</arg>
<doc>Runs the given keyword with the given arguments, if ``condition`` is true.</doc>
<status status="PASS" start="2025-06-20T14:30:29.697782" elapsed="0.000392"/>
</kw>
<kw name="Create Dictionary" owner="BuiltIn">
<msg time="2025-06-20T14:30:29.698590" level="INFO">&amp;{headers} = { content-type=application/json | authorization=Bearer eyJ0eXAiOiJKV1QiLCJhbGciOiJIUzI1NiJ9.eyJ1c2VybmFtZSI6IkF0dXJNIiwiZXhwIjoxNzUwNTI3MDI5fQ.atxtIhK0LqZiPD3y1_UcLHqz9lVV6aBhSThTH_ZMA3k }</msg>
<var>&amp;{headers}</var>
<arg>content-type=application/json</arg>
<arg>authorization=Bearer ${AUTH_TOKEN}</arg>
<doc>Creates and returns a dictionary based on the given ``items``.</doc>
<status status="PASS" start="2025-06-20T14:30:29.698302" elapsed="0.000331"/>
</kw>
<kw name="Create Dictionary" owner="BuiltIn">
<msg time="2025-06-20T14:30:29.698984" level="INFO">${body} = {'name': 'Kevin Aparecida', 'email': 'ana-luiza88@example.org', 'cpf': '538.079.246-47', 'balance': 1000.0}</msg>
<var>${body}</var>
<arg>name=${name}</arg>
<arg>email=${email}</arg>
<arg>cpf=${cpf}</arg>
<arg>balance=${balance}</arg>
<doc>Creates and returns a dictionary based on the given ``items``.</doc>
<status status="PASS" start="2025-06-20T14:30:29.698739" elapsed="0.000266"/>
</kw>
<kw name="POST" owner="RequestsLibrary">
<msg time="2025-06-20T14:30:31.725161" level="INFO">POST Request : url=http://172.23.208.1/clients/create 
 path_url=/clients/create 
 headers={'User-Agent': 'python-requests/2.32.3', 'Accept-Encoding': 'gzip, deflate', 'Accept': '*/*', 'Connection': 'keep-alive', 'content-type': 'application/json', 'authorization': 'Bearer eyJ0eXAiOiJKV1QiLCJhbGciOiJIUzI1NiJ9.eyJ1c2VybmFtZSI6IkF0dXJNIiwiZXhwIjoxNzUwNTI3MDI5fQ.atxtIhK0LqZiPD3y1_UcLHqz9lVV6aBhSThTH_ZMA3k', 'Content-Length': '107'} 
 body=b'{"name": "Kevin Aparecida", "email": "ana-luiza88@example.org", "cpf": "538.079.246-47", "balance": 1000.0}' 
 </msg>
<msg time="2025-06-20T14:30:31.725420" level="INFO">POST Response : url=http://172.23.208.1/clients/create 
 status=201, reason=CREATED 
 headers={'Server': 'nginx/1.28.0', 'Date': 'Fri, 20 Jun 2025 17:30:31 GMT', 'Content-Type': 'application/json', 'Content-Length': '46', 'Connection': 'keep-alive', 'Access-Control-Allow-Origin': '*'} 
 body={"id":28,"msg":"Success creating the client"}
 
 </msg>
<msg time="2025-06-20T14:30:31.725592" level="INFO">${response} = &lt;Response [201]&gt;</msg>
<var>${response}</var>
<arg>url=${client_url}/create</arg>
<arg>headers=${headers}</arg>
<arg>json=${body}</arg>
<arg>expected_status=Anything</arg>
<doc>Sends a POST request.</doc>
<status status="PASS" start="2025-06-20T14:30:29.699092" elapsed="2.026524"/>
</kw>
<return>
<value>${response}</value>
<status status="PASS" start="2025-06-20T14:30:31.725736" elapsed="0.000051"/>
</return>
<msg time="2025-06-20T14:30:31.725938" level="INFO">${response} = &lt;Response [201]&gt;</msg>
<var>${response}</var>
<arg>name=${fake_name}</arg>
<arg>email=${fake_email}</arg>
<arg>cpf=${fake_cpf}</arg>
<arg>balance=${1000.00}</arg>
<status status="PASS" start="2025-06-20T14:30:29.695013" elapsed="2.030944"/>
</kw>
<if>
<branch type="IF" condition="${response.status_code} == 201">
<kw name="Set Variable" owner="BuiltIn">
<msg time="2025-06-20T14:30:31.726955" level="INFO">${client_id} = 28</msg>
<var>${client_id}</var>
<arg>${response.json()['id']}</arg>
<doc>Returns the given values which can then be assigned to a variables.</doc>
<status status="PASS" start="2025-06-20T14:30:31.726497" elapsed="0.000494"/>
</kw>
<kw name="Criar endereco" owner="address">
<kw name="Create Dictionary" owner="BuiltIn">
<msg time="2025-06-20T14:30:31.728180" level="INFO">&amp;{headers} = { content-type=application/json | authorization=Bearer eyJ0eXAiOiJKV1QiLCJhbGciOiJIUzI1NiJ9.eyJ1c2VybmFtZSI6IkF0dXJNIiwiZXhwIjoxNzUwNTI3MDI5fQ.atxtIhK0LqZiPD3y1_UcLHqz9lVV6aBhSThTH_ZMA3k }</msg>
<var>&amp;{headers}</var>
<arg>content-type=application/json</arg>
<arg>authorization=Bearer ${AUTH_TOKEN}</arg>
<doc>Creates and returns a dictionary based on the given ``items``.</doc>
<status status="PASS" start="2025-06-20T14:30:31.727957" elapsed="0.000246"/>
</kw>
<kw name="Create Dictionary" owner="BuiltIn">
<msg time="2025-06-20T14:30:31.728623" level="INFO">${body} = {'client_id': 28, 'CEP': '12345678', 'street': 'Rua Inexistente', 'number': '512', 'city': 'Cidade Inexistente', 'state': 'XX'}</msg>
<var>${body}</var>
<arg>client_id=${client_id}</arg>
<arg>CEP=${CEP}</arg>
<arg>street=${street}</arg>
<arg>number=${number}</arg>
<arg>city=${city}</arg>
<arg>state=${state}</arg>
<doc>Creates and returns a dictionary based on the given ``items``.</doc>
<status status="PASS" start="2025-06-20T14:30:31.728307" elapsed="0.000358"/>
</kw>
<kw name="POST" owner="RequestsLibrary">
<msg time="2025-06-20T14:30:31.750686" level="INFO">POST Request : url=http://172.23.208.1/address/create 
 path_url=/address/create 
 headers={'User-Agent': 'python-requests/2.32.3', 'Accept-Encoding': 'gzip, deflate', 'Accept': '*/*', 'Connection': 'keep-alive', 'content-type': 'application/json', 'authorization': 'Bearer eyJ0eXAiOiJKV1QiLCJhbGciOiJIUzI1NiJ9.eyJ1c2VybmFtZSI6IkF0dXJNIiwiZXhwIjoxNzUwNTI3MDI5fQ.atxtIhK0LqZiPD3y1_UcLHqz9lVV6aBhSThTH_ZMA3k', 'Content-Length': '127'} 
 body=b'{"client_id": 28, "CEP": "12345678", "street": "Rua Inexistente", "number": "512", "city": "Cidade Inexistente", "state": "XX"}' 
 </msg>
<msg time="2025-06-20T14:30:31.750806" level="INFO">POST Response : url=http://172.23.208.1/address/create 
 status=400, reason=BAD REQUEST 
 headers={'Server': 'nginx/1.28.0', 'Date': 'Fri, 20 Jun 2025 17:30:31 GMT', 'Content-Type': 'application/json', 'Content-Length': '29', 'Connection': 'keep-alive', 'Access-Control-Allow-Origin': '*'} 
 body={"msg":"Invalid data types"}
 
 </msg>
<msg time="2025-06-20T14:30:31.750969" level="INFO">${response} = &lt;Response [400]&gt;</msg>
<var>${response}</var>
<arg>url=${HOST}/create</arg>
<arg>headers=${headers}</arg>
<arg>json=${body}</arg>
<arg>expected_status=Anything</arg>
<doc>Sends a POST request.</doc>
<status status="PASS" start="2025-06-20T14:30:31.728787" elapsed="0.022208"/>
</kw>
<return>
<value>${response}</value>
<status status="PASS" start="2025-06-20T14:30:31.751247" elapsed="0.000090"/>
</return>
<msg time="2025-06-20T14:30:31.751633" level="INFO">${response} = &lt;Response [400]&gt;</msg>
<var>${response}</var>
<arg>client_id=${client_id}</arg>
<arg>CEP=12345678</arg>
<arg>street=Rua Inexistente</arg>
<arg>number=512</arg>
<arg>city=Cidade Inexistente</arg>
<arg>state=XX</arg>
<status status="PASS" start="2025-06-20T14:30:31.727476" elapsed="0.024200"/>
</kw>
<kw name="Set Variable" owner="BuiltIn">
<msg time="2025-06-20T14:30:31.752650" level="INFO">${status_code} = 400</msg>
<var>${status_code}</var>
<arg>${response.status_code}</arg>
<doc>Returns the given values which can then be assigned to a variables.</doc>
<status status="PASS" start="2025-06-20T14:30:31.751864" elapsed="0.000817"/>
</kw>
<kw name="Set Suite Variable" owner="BuiltIn">
<msg time="2025-06-20T14:30:31.753182" level="INFO">${status_code} = 400</msg>
<msg time="2025-06-20T14:30:31.753277" level="INFO">${status_code} = None</msg>
<var>${status_code}</var>
<arg>${status_code}</arg>
<doc>Makes a variable available everywhere within the scope of the current suite.</doc>
<status status="PASS" start="2025-06-20T14:30:31.752878" elapsed="0.000439"/>
</kw>
<status status="PASS" start="2025-06-20T14:30:31.726038" elapsed="0.027358"/>
</branch>
<branch type="ELSE">
<kw name="Fail" owner="BuiltIn">
<arg>Não foi possível criar o cliente para criação do endereço inválido</arg>
<doc>Fails the test with the given message and optionally alters its tags.</doc>
<status status="NOT RUN" start="2025-06-20T14:30:31.753541" elapsed="0.000015"/>
</kw>
<status status="NOT RUN" start="2025-06-20T14:30:31.753433" elapsed="0.000146"/>
</branch>
<status status="PASS" start="2025-06-20T14:30:31.726020" elapsed="0.027572"/>
</if>
<status status="PASS" start="2025-06-20T14:30:29.693324" elapsed="2.060308"/>
</kw>
<kw name="ENTÃO o sistema deve retornar erro de dados inválidos" owner="addressSteps">
<kw name="Should Be Equal As Integers" owner="BuiltIn">
<msg time="2025-06-20T14:30:31.754279" level="INFO">Argument types are:
&lt;class 'int'&gt;
&lt;class 'str'&gt;</msg>
<arg>${status_code}</arg>
<arg>400</arg>
<doc>Fails if objects are unequal after converting them to integers.</doc>
<status status="PASS" start="2025-06-20T14:30:31.754124" elapsed="0.000204"/>
</kw>
<status status="PASS" start="2025-06-20T14:30:31.753844" elapsed="0.000544"/>
</kw>
<status status="PASS" start="2025-06-20T14:30:29.562274" elapsed="2.192286"/>
</test>
<test id="s1-s1-t3" name="NEGATIVE - Criação de endereço com ID de cliente inexistente" line="20">
<kw name="DADO que o usuário possui um token de autenticação válido" owner="authSteps">
<kw name="Login Usando Basic Auth E Obter Token" owner="auth">
<kw name="Create List" owner="BuiltIn">
<msg time="2025-06-20T14:30:31.756313" level="INFO">${auth} = ['AturM', 'Testando']</msg>
<var>${auth}</var>
<arg>${USERNAME}</arg>
<arg>${PASSWORD}</arg>
<doc>Returns a list containing given items.</doc>
<status status="PASS" start="2025-06-20T14:30:31.756139" elapsed="0.000198"/>
</kw>
<kw name="Create Session" owner="RequestsLibrary">
<msg time="2025-06-20T14:30:31.756610" level="INFO">Creating Session using : alias=auth_session, url=http://172.23.208.1, headers={},                     cookies={}, auth=&lt;requests.auth.HTTPBasicAuth object at 0x72dbfcb7ba30&gt;, timeout=None, proxies=None, verify=False,                     debug=0 </msg>
<arg>auth_session</arg>
<arg>${login_url}</arg>
<arg>auth=${auth}</arg>
<doc>Create Session: create a HTTP session to a server</doc>
<status status="PASS" start="2025-06-20T14:30:31.756432" elapsed="0.000304"/>
</kw>
<kw name="POST On Session" owner="RequestsLibrary">
<msg time="2025-06-20T14:30:33.867127" level="INFO">POST Request : url=http://172.23.208.1/user/login 
 path_url=/user/login 
 headers={'User-Agent': 'python-requests/2.32.3', 'Accept-Encoding': 'gzip, deflate', 'Accept': '*/*', 'Connection': 'keep-alive', 'Content-Length': '0', 'Authorization': 'Basic QXR1ck06VGVzdGFuZG8='} 
 body=None 
 </msg>
<msg time="2025-06-20T14:30:33.867278" level="INFO">POST Response : url=http://172.23.208.1/user/login 
 status=200, reason=OK 
 headers={'Server': 'nginx/1.28.0', 'Date': 'Fri, 20 Jun 2025 17:30:33 GMT', 'Content-Type': 'application/json', 'Content-Length': '171', 'Connection': 'keep-alive', 'Access-Control-Allow-Origin': '*'} 
 body={"msg":"Success logging in","token":"eyJ0eXAiOiJKV1QiLCJhbGciOiJIUzI1NiJ9.eyJ1c2VybmFtZSI6IkF0dXJNIiwiZXhwIjoxNzUwNTI3MDMzfQ.2yy3Ysj_bOhIfi3MWeY9KgX4RLof5GcEUdw39-5gqBQ"}
 
 </msg>
<msg time="2025-06-20T14:30:33.867545" level="INFO">${response} = &lt;Response [200]&gt;</msg>
<var>${response}</var>
<arg>auth_session</arg>
<arg>/user/login</arg>
<arg>expected_status=Anything</arg>
<doc>Sends a POST request on a previously created HTTP Session.</doc>
<status status="PASS" start="2025-06-20T14:30:31.756820" elapsed="2.110813"/>
</kw>
<if>
<branch type="IF" condition="${response.status_code} == 401">
<kw name="Create Dictionary" owner="BuiltIn">
<var>${header}</var>
<arg>content-type=application/json</arg>
<doc>Creates and returns a dictionary based on the given ``items``.</doc>
<status status="NOT RUN" start="2025-06-20T14:30:33.868384" elapsed="0.000028"/>
</kw>
<kw name="Create Dictionary" owner="BuiltIn">
<var>${body}</var>
<arg>username=${USERNAME}</arg>
<arg>password=${PASSWORD}</arg>
<doc>Creates and returns a dictionary based on the given ``items``.</doc>
<status status="NOT RUN" start="2025-06-20T14:30:33.868518" elapsed="0.000015"/>
</kw>
<kw name="POST" owner="RequestsLibrary">
<var>${response}</var>
<arg>url=${login_url}/user/create</arg>
<arg>headers=${header}</arg>
<arg>json=${body}</arg>
<doc>Sends a POST request.</doc>
<status status="NOT RUN" start="2025-06-20T14:30:33.868705" elapsed="0.000028"/>
</kw>
<kw name="Should Be Equal As Integers" owner="BuiltIn">
<arg>${response.status_code}</arg>
<arg>201</arg>
<doc>Fails if objects are unequal after converting them to integers.</doc>
<status status="NOT RUN" start="2025-06-20T14:30:33.868875" elapsed="0.000024"/>
</kw>
<kw name="POST On Session" owner="RequestsLibrary">
<var>${response}</var>
<arg>auth_session</arg>
<arg>/user/login</arg>
<doc>Sends a POST request on a previously created HTTP Session.</doc>
<status status="NOT RUN" start="2025-06-20T14:30:33.868992" elapsed="0.000014"/>
</kw>
<status status="NOT RUN" start="2025-06-20T14:30:33.867770" elapsed="0.001262"/>
</branch>
<status status="PASS" start="2025-06-20T14:30:33.867728" elapsed="0.001326"/>
</if>
<kw name="Set Global Variable" owner="BuiltIn">
<msg time="2025-06-20T14:30:33.869779" level="INFO">${AUTH_TOKEN} = eyJ0eXAiOiJKV1QiLCJhbGciOiJIUzI1NiJ9.eyJ1c2VybmFtZSI6IkF0dXJNIiwiZXhwIjoxNzUwNTI3MDMzfQ.2yy3Ysj_bOhIfi3MWeY9KgX4RLof5GcEUdw39-5gqBQ</msg>
<arg>${AUTH_TOKEN}</arg>
<arg>${response.json()['token']}</arg>
<doc>Makes a variable available globally in all tests and suites.</doc>
<status status="PASS" start="2025-06-20T14:30:33.869145" elapsed="0.000717"/>
</kw>
<status status="PASS" start="2025-06-20T14:30:31.755900" elapsed="2.114044"/>
</kw>
<status status="PASS" start="2025-06-20T14:30:31.755411" elapsed="2.114584"/>
</kw>
<kw name="QUANDO ele faz a requisição de criar um endereço no sistema com ID de cliente inexistente" owner="addressSteps">
<kw name="Criar endereco" owner="address">
<kw name="Create Dictionary" owner="BuiltIn">
<msg time="2025-06-20T14:30:33.872163" level="INFO">&amp;{headers} = { content-type=application/json | authorization=Bearer eyJ0eXAiOiJKV1QiLCJhbGciOiJIUzI1NiJ9.eyJ1c2VybmFtZSI6IkF0dXJNIiwiZXhwIjoxNzUwNTI3MDMzfQ.2yy3Ysj_bOhIfi3MWeY9KgX4RLof5GcEUdw39-5gqBQ }</msg>
<var>&amp;{headers}</var>
<arg>content-type=application/json</arg>
<arg>authorization=Bearer ${AUTH_TOKEN}</arg>
<doc>Creates and returns a dictionary based on the given ``items``.</doc>
<status status="PASS" start="2025-06-20T14:30:33.871915" elapsed="0.000277"/>
</kw>
<kw name="Create Dictionary" owner="BuiltIn">
<msg time="2025-06-20T14:30:33.872732" level="INFO">${body} = {'client_id': 99999999, 'CEP': '00000-000', 'street': 'Rua Inexistente', 'number': 512, 'city': 'Cidade Inexistente', 'state': 'SP'}</msg>
<var>${body}</var>
<arg>client_id=${client_id}</arg>
<arg>CEP=${CEP}</arg>
<arg>street=${street}</arg>
<arg>number=${number}</arg>
<arg>city=${city}</arg>
<arg>state=${state}</arg>
<doc>Creates and returns a dictionary based on the given ``items``.</doc>
<status status="PASS" start="2025-06-20T14:30:33.872384" elapsed="0.000372"/>
</kw>
<kw name="POST" owner="RequestsLibrary">
<msg time="2025-06-20T14:30:33.888858" level="INFO">POST Request : url=http://172.23.208.1/address/create 
 path_url=/address/create 
 headers={'User-Agent': 'python-requests/2.32.3', 'Accept-Encoding': 'gzip, deflate', 'Accept': '*/*', 'Connection': 'keep-alive', 'content-type': 'application/json', 'authorization': 'Bearer eyJ0eXAiOiJKV1QiLCJhbGciOiJIUzI1NiJ9.eyJ1c2VybmFtZSI6IkF0dXJNIiwiZXhwIjoxNzUwNTI3MDMzfQ.2yy3Ysj_bOhIfi3MWeY9KgX4RLof5GcEUdw39-5gqBQ', 'Content-Length': '132'} 
 body=b'{"client_id": 99999999, "CEP": "00000-000", "street": "Rua Inexistente", "number": 512, "city": "Cidade Inexistente", "state": "SP"}' 
 </msg>
<msg time="2025-06-20T14:30:33.889001" level="INFO">POST Response : url=http://172.23.208.1/address/create 
 status=404, reason=NOT FOUND 
 headers={'Server': 'nginx/1.28.0', 'Date': 'Fri, 20 Jun 2025 17:30:33 GMT', 'Content-Type': 'application/json', 'Content-Length': '35', 'Connection': 'keep-alive', 'Access-Control-Allow-Origin': '*'} 
 body={"msg":"Client ID does not exist"}
 
 </msg>
<msg time="2025-06-20T14:30:33.889237" level="INFO">${response} = &lt;Response [404]&gt;</msg>
<var>${response}</var>
<arg>url=${HOST}/create</arg>
<arg>headers=${headers}</arg>
<arg>json=${body}</arg>
<arg>expected_status=Anything</arg>
<doc>Sends a POST request.</doc>
<status status="PASS" start="2025-06-20T14:30:33.872862" elapsed="0.016411"/>
</kw>
<return>
<value>${response}</value>
<status status="PASS" start="2025-06-20T14:30:33.889413" elapsed="0.000057"/>
</return>
<msg time="2025-06-20T14:30:33.889640" level="INFO">${response} = &lt;Response [404]&gt;</msg>
<var>${response}</var>
<arg>client_id=${99999999}</arg>
<arg>CEP=00000-000</arg>
<arg>street=Rua Inexistente</arg>
<arg>number=${512}</arg>
<arg>city=Cidade Inexistente</arg>
<arg>state=SP</arg>
<status status="PASS" start="2025-06-20T14:30:33.870870" elapsed="0.018790"/>
</kw>
<kw name="Set Variable" owner="BuiltIn">
<msg time="2025-06-20T14:30:33.890471" level="INFO">${status_code} = 404</msg>
<var>${status_code}</var>
<arg>${response.status_code}</arg>
<doc>Returns the given values which can then be assigned to a variables.</doc>
<status status="PASS" start="2025-06-20T14:30:33.889833" elapsed="0.000678"/>
</kw>
<kw name="Set Suite Variable" owner="BuiltIn">
<msg time="2025-06-20T14:30:33.890840" level="INFO">${status_code} = 404</msg>
<msg time="2025-06-20T14:30:33.890891" level="INFO">${status_code} = None</msg>
<var>${status_code}</var>
<arg>${status_code}</arg>
<doc>Makes a variable available everywhere within the scope of the current suite.</doc>
<status status="PASS" start="2025-06-20T14:30:33.890668" elapsed="0.000239"/>
</kw>
<status status="PASS" start="2025-06-20T14:30:33.870347" elapsed="0.020610"/>
</kw>
<kw name="ENTÃO o sistema deve retornar erro de cliente não encontrado" owner="addressSteps">
<kw name="Should Be Equal As Integers" owner="BuiltIn">
<msg time="2025-06-20T14:30:33.891656" level="INFO">Argument types are:
&lt;class 'int'&gt;
&lt;class 'str'&gt;</msg>
<arg>${status_code}</arg>
<arg>404</arg>
<doc>Fails if objects are unequal after converting them to integers.</doc>
<status status="PASS" start="2025-06-20T14:30:33.891529" elapsed="0.000174"/>
</kw>
<status status="PASS" start="2025-06-20T14:30:33.891222" elapsed="0.000528"/>
</kw>
<status status="PASS" start="2025-06-20T14:30:31.754808" elapsed="2.137107"/>
</test>
<test id="s1-s1-t4" name="POSITIVE - Atualização de endereço com sucesso" line="26">
<kw name="DADO que o usuário possui um token de autenticação válido" owner="authSteps">
<kw name="Login Usando Basic Auth E Obter Token" owner="auth">
<kw name="Create List" owner="BuiltIn">
<msg time="2025-06-20T14:30:33.893488" level="INFO">${auth} = ['AturM', 'Testando']</msg>
<var>${auth}</var>
<arg>${USERNAME}</arg>
<arg>${PASSWORD}</arg>
<doc>Returns a list containing given items.</doc>
<status status="PASS" start="2025-06-20T14:30:33.893279" elapsed="0.000235"/>
</kw>
<kw name="Create Session" owner="RequestsLibrary">
<msg time="2025-06-20T14:30:33.893896" level="INFO">Creating Session using : alias=auth_session, url=http://172.23.208.1, headers={},                     cookies={}, auth=&lt;requests.auth.HTTPBasicAuth object at 0x72dbfcb99de0&gt;, timeout=None, proxies=None, verify=False,                     debug=0 </msg>
<arg>auth_session</arg>
<arg>${login_url}</arg>
<arg>auth=${auth}</arg>
<doc>Create Session: create a HTTP session to a server</doc>
<status status="PASS" start="2025-06-20T14:30:33.893628" elapsed="0.000468"/>
</kw>
<kw name="POST On Session" owner="RequestsLibrary">
<msg time="2025-06-20T14:30:34.003084" level="INFO">POST Request : url=http://172.23.208.1/user/login 
 path_url=/user/login 
 headers={'User-Agent': 'python-requests/2.32.3', 'Accept-Encoding': 'gzip, deflate', 'Accept': '*/*', 'Connection': 'keep-alive', 'Content-Length': '0', 'Authorization': 'Basic QXR1ck06VGVzdGFuZG8='} 
 body=None 
 </msg>
<msg time="2025-06-20T14:30:34.003177" level="INFO">POST Response : url=http://172.23.208.1/user/login 
 status=200, reason=OK 
 headers={'Server': 'nginx/1.28.0', 'Date': 'Fri, 20 Jun 2025 17:30:34 GMT', 'Content-Type': 'application/json', 'Content-Length': '171', 'Connection': 'keep-alive', 'Access-Control-Allow-Origin': '*'} 
 body={"msg":"Success logging in","token":"eyJ0eXAiOiJKV1QiLCJhbGciOiJIUzI1NiJ9.eyJ1c2VybmFtZSI6IkF0dXJNIiwiZXhwIjoxNzUwNTI3MDMzfQ.2yy3Ysj_bOhIfi3MWeY9KgX4RLof5GcEUdw39-5gqBQ"}
 
 </msg>
<msg time="2025-06-20T14:30:34.003307" level="INFO">${response} = &lt;Response [200]&gt;</msg>
<var>${response}</var>
<arg>auth_session</arg>
<arg>/user/login</arg>
<arg>expected_status=Anything</arg>
<doc>Sends a POST request on a previously created HTTP Session.</doc>
<status status="PASS" start="2025-06-20T14:30:33.894212" elapsed="0.109136"/>
</kw>
<if>
<branch type="IF" condition="${response.status_code} == 401">
<kw name="Create Dictionary" owner="BuiltIn">
<var>${header}</var>
<arg>content-type=application/json</arg>
<doc>Creates and returns a dictionary based on the given ``items``.</doc>
<status status="NOT RUN" start="2025-06-20T14:30:34.004508" elapsed="0.000073"/>
</kw>
<kw name="Create Dictionary" owner="BuiltIn">
<var>${body}</var>
<arg>username=${USERNAME}</arg>
<arg>password=${PASSWORD}</arg>
<doc>Creates and returns a dictionary based on the given ``items``.</doc>
<status status="NOT RUN" start="2025-06-20T14:30:34.004792" elapsed="0.000023"/>
</kw>
<kw name="POST" owner="RequestsLibrary">
<var>${response}</var>
<arg>url=${login_url}/user/create</arg>
<arg>headers=${header}</arg>
<arg>json=${body}</arg>
<doc>Sends a POST request.</doc>
<status status="NOT RUN" start="2025-06-20T14:30:34.004956" elapsed="0.000023"/>
</kw>
<kw name="Should Be Equal As Integers" owner="BuiltIn">
<arg>${response.status_code}</arg>
<arg>201</arg>
<doc>Fails if objects are unequal after converting them to integers.</doc>
<status status="NOT RUN" start="2025-06-20T14:30:34.005100" elapsed="0.000019"/>
</kw>
<kw name="POST On Session" owner="RequestsLibrary">
<var>${response}</var>
<arg>auth_session</arg>
<arg>/user/login</arg>
<doc>Sends a POST request on a previously created HTTP Session.</doc>
<status status="NOT RUN" start="2025-06-20T14:30:34.005243" elapsed="0.000025"/>
</kw>
<status status="NOT RUN" start="2025-06-20T14:30:34.003593" elapsed="0.001731"/>
</branch>
<status status="PASS" start="2025-06-20T14:30:34.003557" elapsed="0.001849"/>
</if>
<kw name="Set Global Variable" owner="BuiltIn">
<msg time="2025-06-20T14:30:34.006234" level="INFO">${AUTH_TOKEN} = eyJ0eXAiOiJKV1QiLCJhbGciOiJIUzI1NiJ9.eyJ1c2VybmFtZSI6IkF0dXJNIiwiZXhwIjoxNzUwNTI3MDMzfQ.2yy3Ysj_bOhIfi3MWeY9KgX4RLof5GcEUdw39-5gqBQ</msg>
<arg>${AUTH_TOKEN}</arg>
<arg>${response.json()['token']}</arg>
<doc>Makes a variable available globally in all tests and suites.</doc>
<status status="PASS" start="2025-06-20T14:30:34.005522" elapsed="0.000872"/>
</kw>
<status status="PASS" start="2025-06-20T14:30:33.892960" elapsed="0.113493"/>
</kw>
<status status="PASS" start="2025-06-20T14:30:33.892634" elapsed="0.113856"/>
</kw>
<kw name="QUANDO ele faz a requisição de atualizar o endereço com dados corretos" owner="addressSteps">
<kw name="Name" owner="FakerLibrary">
<msg time="2025-06-20T14:30:34.007433" level="INFO">${fake_name} = Srta. Mirella Novaes</msg>
<var>${fake_name}</var>
<doc>:example: 'John Doe'</doc>
<status status="PASS" start="2025-06-20T14:30:34.007215" elapsed="0.000240"/>
</kw>
<kw name="Email" owner="FakerLibrary">
<msg time="2025-06-20T14:30:34.007709" level="INFO">${fake_email} = ayla83@example.org</msg>
<var>${fake_email}</var>
<status status="PASS" start="2025-06-20T14:30:34.007554" elapsed="0.000173"/>
</kw>
<kw name="Cpf" owner="FakerLibrary">
<msg time="2025-06-20T14:30:34.007909" level="INFO">${fake_cpf} = 859.307.261-59</msg>
<var>${fake_cpf}</var>
<status status="PASS" start="2025-06-20T14:30:34.007795" elapsed="0.000131"/>
</kw>
<kw name="Criar cliente" owner="clients">
<kw name="Run Keyword If" owner="BuiltIn">
<kw name="Set Variable" owner="BuiltIn">
<arg>${name}</arg>
<doc>Returns the given values which can then be assigned to a variables.</doc>
<status status="PASS" start="2025-06-20T14:30:34.009035" elapsed="0.001137"/>
</kw>
<msg time="2025-06-20T14:30:34.010293" level="INFO">${name} = Srta. Mirella Novaes</msg>
<var>${name}</var>
<arg>'${name}' == 'None'</arg>
<arg>FakerLibrary.Name</arg>
<arg>ELSE</arg>
<arg>Set Variable</arg>
<arg>${name}</arg>
<doc>Runs the given keyword with the given arguments, if ``condition`` is true.</doc>
<status status="PASS" start="2025-06-20T14:30:34.008835" elapsed="0.001490"/>
</kw>
<kw name="Run Keyword If" owner="BuiltIn">
<kw name="Set Variable" owner="BuiltIn">
<arg>${email}</arg>
<doc>Returns the given values which can then be assigned to a variables.</doc>
<status status="PASS" start="2025-06-20T14:30:34.011271" elapsed="0.000185"/>
</kw>
<msg time="2025-06-20T14:30:34.011532" level="INFO">${email} = ayla83@example.org</msg>
<var>${email}</var>
<arg>'${email}' == 'None'</arg>
<arg>FakerLibrary.Email</arg>
<arg>ELSE</arg>
<arg>Set Variable</arg>
<arg>${email}</arg>
<doc>Runs the given keyword with the given arguments, if ``condition`` is true.</doc>
<status status="PASS" start="2025-06-20T14:30:34.010497" elapsed="0.001055"/>
</kw>
<kw name="Run Keyword If" owner="BuiltIn">
<kw name="Set Variable" owner="BuiltIn">
<arg>${cpf}</arg>
<doc>Returns the given values which can then be assigned to a variables.</doc>
<status status="PASS" start="2025-06-20T14:30:34.011844" elapsed="0.000090"/>
</kw>
<msg time="2025-06-20T14:30:34.011992" level="INFO">${cpf} = 859.307.261-59</msg>
<var>${cpf}</var>
<arg>'${cpf}' == 'None'</arg>
<arg>FakerLibrary.CPF</arg>
<arg>ELSE</arg>
<arg>Set Variable</arg>
<arg>${cpf}</arg>
<doc>Runs the given keyword with the given arguments, if ``condition`` is true.</doc>
<status status="PASS" start="2025-06-20T14:30:34.011661" elapsed="0.000347"/>
</kw>
<kw name="Run Keyword If" owner="BuiltIn">
<kw name="Set Variable" owner="BuiltIn">
<arg>${balance}</arg>
<doc>Returns the given values which can then be assigned to a variables.</doc>
<status status="PASS" start="2025-06-20T14:30:34.012338" elapsed="0.000183"/>
</kw>
<msg time="2025-06-20T14:30:34.012643" level="INFO">${balance} = 1000.0</msg>
<var>${balance}</var>
<arg>'${balance}' == 'None'</arg>
<arg>FakerLibrary.Pyfloat</arg>
<arg>min_value=0.0</arg>
<arg>max_value=10000.0</arg>
<arg>right_digits=2</arg>
<arg>ELSE</arg>
<arg>Set Variable</arg>
<arg>${balance}</arg>
<doc>Runs the given keyword with the given arguments, if ``condition`` is true.</doc>
<status status="PASS" start="2025-06-20T14:30:34.012099" elapsed="0.000589"/>
</kw>
<kw name="Create Dictionary" owner="BuiltIn">
<msg time="2025-06-20T14:30:34.013005" level="INFO">&amp;{headers} = { content-type=application/json | authorization=Bearer eyJ0eXAiOiJKV1QiLCJhbGciOiJIUzI1NiJ9.eyJ1c2VybmFtZSI6IkF0dXJNIiwiZXhwIjoxNzUwNTI3MDMzfQ.2yy3Ysj_bOhIfi3MWeY9KgX4RLof5GcEUdw39-5gqBQ }</msg>
<var>&amp;{headers}</var>
<arg>content-type=application/json</arg>
<arg>authorization=Bearer ${AUTH_TOKEN}</arg>
<doc>Creates and returns a dictionary based on the given ``items``.</doc>
<status status="PASS" start="2025-06-20T14:30:34.012822" elapsed="0.000202"/>
</kw>
<kw name="Create Dictionary" owner="BuiltIn">
<msg time="2025-06-20T14:30:34.013479" level="INFO">${body} = {'name': 'Srta. Mirella Novaes', 'email': 'ayla83@example.org', 'cpf': '859.307.261-59', 'balance': 1000.0}</msg>
<var>${body}</var>
<arg>name=${name}</arg>
<arg>email=${email}</arg>
<arg>cpf=${cpf}</arg>
<arg>balance=${balance}</arg>
<doc>Creates and returns a dictionary based on the given ``items``.</doc>
<status status="PASS" start="2025-06-20T14:30:34.013107" elapsed="0.000391"/>
</kw>
<kw name="POST" owner="RequestsLibrary">
<msg time="2025-06-20T14:30:34.035284" level="INFO">POST Request : url=http://172.23.208.1/clients/create 
 path_url=/clients/create 
 headers={'User-Agent': 'python-requests/2.32.3', 'Accept-Encoding': 'gzip, deflate', 'Accept': '*/*', 'Connection': 'keep-alive', 'content-type': 'application/json', 'authorization': 'Bearer eyJ0eXAiOiJKV1QiLCJhbGciOiJIUzI1NiJ9.eyJ1c2VybmFtZSI6IkF0dXJNIiwiZXhwIjoxNzUwNTI3MDMzfQ.2yy3Ysj_bOhIfi3MWeY9KgX4RLof5GcEUdw39-5gqBQ', 'Content-Length': '107'} 
 body=b'{"name": "Srta. Mirella Novaes", "email": "ayla83@example.org", "cpf": "859.307.261-59", "balance": 1000.0}' 
 </msg>
<msg time="2025-06-20T14:30:34.035385" level="INFO">POST Response : url=http://172.23.208.1/clients/create 
 status=201, reason=CREATED 
 headers={'Server': 'nginx/1.28.0', 'Date': 'Fri, 20 Jun 2025 17:30:34 GMT', 'Content-Type': 'application/json', 'Content-Length': '46', 'Connection': 'keep-alive', 'Access-Control-Allow-Origin': '*'} 
 body={"id":29,"msg":"Success creating the client"}
 
 </msg>
<msg time="2025-06-20T14:30:34.035561" level="INFO">${response} = &lt;Response [201]&gt;</msg>
<var>${response}</var>
<arg>url=${client_url}/create</arg>
<arg>headers=${headers}</arg>
<arg>json=${body}</arg>
<arg>expected_status=Anything</arg>
<doc>Sends a POST request.</doc>
<status status="PASS" start="2025-06-20T14:30:34.013630" elapsed="0.021954"/>
</kw>
<return>
<value>${response}</value>
<status status="PASS" start="2025-06-20T14:30:34.035686" elapsed="0.000069"/>
</return>
<msg time="2025-06-20T14:30:34.035923" level="INFO">${response} = &lt;Response [201]&gt;</msg>
<var>${response}</var>
<arg>name=${fake_name}</arg>
<arg>email=${fake_email}</arg>
<arg>cpf=${fake_cpf}</arg>
<arg>balance=${1000.00}</arg>
<status status="PASS" start="2025-06-20T14:30:34.008070" elapsed="0.027872"/>
</kw>
<if>
<branch type="IF" condition="${response.status_code} == 201">
<kw name="Set Variable" owner="BuiltIn">
<msg time="2025-06-20T14:30:34.036988" level="INFO">${client_id} = 29</msg>
<var>${client_id}</var>
<arg>${response.json()['id']}</arg>
<doc>Returns the given values which can then be assigned to a variables.</doc>
<status status="PASS" start="2025-06-20T14:30:34.036501" elapsed="0.000510"/>
</kw>
<kw name="Street Name" owner="FakerLibrary">
<msg time="2025-06-20T14:30:34.037268" level="INFO">${street} = Alameda Allana Farias</msg>
<var>${street}</var>
<doc>:example: 'Crist Parks'</doc>
<status status="PASS" start="2025-06-20T14:30:34.037120" elapsed="0.000167"/>
</kw>
<kw name="Building Number" owner="FakerLibrary">
<msg time="2025-06-20T14:30:34.037628" level="INFO">${number} = 200</msg>
<var>${number}</var>
<doc>:example: '791'</doc>
<status status="PASS" start="2025-06-20T14:30:34.037437" elapsed="0.000230"/>
</kw>
<kw name="Postcode" owner="FakerLibrary">
<msg time="2025-06-20T14:30:34.037904" level="INFO">${cep} = 64998209</msg>
<var>${cep}</var>
<doc>Randomly returns a postcode.
:param formatted: True to allow formatted postcodes, else False (default True)
:example formatted: '41224-212' '83992-291' '12324322'
:example raw: '43920231' '34239530'</doc>
<status status="PASS" start="2025-06-20T14:30:34.037760" elapsed="0.000227"/>
</kw>
<kw name="City" owner="FakerLibrary">
<msg time="2025-06-20T14:30:34.038219" level="INFO">${city} = Vieira de Pacheco</msg>
<var>${city}</var>
<doc>:example: 'Sashabury'</doc>
<status status="PASS" start="2025-06-20T14:30:34.038076" elapsed="0.000165"/>
</kw>
<kw name="State Abbr" owner="FakerLibrary">
<msg time="2025-06-20T14:30:34.038412" level="INFO">${state} = PI</msg>
<var>${state}</var>
<status status="PASS" start="2025-06-20T14:30:34.038316" elapsed="0.000113"/>
</kw>
<kw name="Criar endereco" owner="address">
<kw name="Create Dictionary" owner="BuiltIn">
<msg time="2025-06-20T14:30:34.039657" level="INFO">&amp;{headers} = { content-type=application/json | authorization=Bearer eyJ0eXAiOiJKV1QiLCJhbGciOiJIUzI1NiJ9.eyJ1c2VybmFtZSI6IkF0dXJNIiwiZXhwIjoxNzUwNTI3MDMzfQ.2yy3Ysj_bOhIfi3MWeY9KgX4RLof5GcEUdw39-5gqBQ }</msg>
<var>&amp;{headers}</var>
<arg>content-type=application/json</arg>
<arg>authorization=Bearer ${AUTH_TOKEN}</arg>
<doc>Creates and returns a dictionary based on the given ``items``.</doc>
<status status="PASS" start="2025-06-20T14:30:34.039426" elapsed="0.000269"/>
</kw>
<kw name="Create Dictionary" owner="BuiltIn">
<msg time="2025-06-20T14:30:34.040075" level="INFO">${body} = {'client_id': 29, 'CEP': '00000-000', 'street': 'Alameda Allana Farias', 'number': 512, 'city': 'Vieira de Pacheco', 'state': 'PI'}</msg>
<var>${body}</var>
<arg>client_id=${client_id}</arg>
<arg>CEP=${CEP}</arg>
<arg>street=${street}</arg>
<arg>number=${number}</arg>
<arg>city=${city}</arg>
<arg>state=${state}</arg>
<doc>Creates and returns a dictionary based on the given ``items``.</doc>
<status status="PASS" start="2025-06-20T14:30:34.039796" elapsed="0.000299"/>
</kw>
<kw name="POST" owner="RequestsLibrary">
<msg time="2025-06-20T14:30:34.068497" level="INFO">POST Request : url=http://172.23.208.1/address/create 
 path_url=/address/create 
 headers={'User-Agent': 'python-requests/2.32.3', 'Accept-Encoding': 'gzip, deflate', 'Accept': '*/*', 'Connection': 'keep-alive', 'content-type': 'application/json', 'authorization': 'Bearer eyJ0eXAiOiJKV1QiLCJhbGciOiJIUzI1NiJ9.eyJ1c2VybmFtZSI6IkF0dXJNIiwiZXhwIjoxNzUwNTI3MDMzfQ.2yy3Ysj_bOhIfi3MWeY9KgX4RLof5GcEUdw39-5gqBQ', 'Content-Length': '131'} 
 body=b'{"client_id": 29, "CEP": "00000-000", "street": "Alameda Allana Farias", "number": 512, "city": "Vieira de Pacheco", "state": "PI"}' 
 </msg>
<msg time="2025-06-20T14:30:34.068664" level="INFO">POST Response : url=http://172.23.208.1/address/create 
 status=201, reason=CREATED 
 headers={'Server': 'nginx/1.28.0', 'Date': 'Fri, 20 Jun 2025 17:30:34 GMT', 'Content-Type': 'application/json', 'Content-Length': '43', 'Connection': 'keep-alive', 'Access-Control-Allow-Origin': '*'} 
 body={"id":12,"msg":"Success creating address"}
 
 </msg>
<msg time="2025-06-20T14:30:34.068985" level="INFO">${response} = &lt;Response [201]&gt;</msg>
<var>${response}</var>
<arg>url=${HOST}/create</arg>
<arg>headers=${headers}</arg>
<arg>json=${body}</arg>
<arg>expected_status=Anything</arg>
<doc>Sends a POST request.</doc>
<status status="PASS" start="2025-06-20T14:30:34.040187" elapsed="0.028876"/>
</kw>
<return>
<value>${response}</value>
<status status="PASS" start="2025-06-20T14:30:34.069181" elapsed="0.000062"/>
</return>
<msg time="2025-06-20T14:30:34.069551" level="INFO">${response} = &lt;Response [201]&gt;</msg>
<var>${response}</var>
<arg>client_id=${client_id}</arg>
<arg>CEP=00000-000</arg>
<arg>street=${street}</arg>
<arg>number=${512}</arg>
<arg>city=${city}</arg>
<arg>state=${state}</arg>
<status status="PASS" start="2025-06-20T14:30:34.038637" elapsed="0.030940"/>
</kw>
<if>
<branch type="IF" condition="${response.status_code} == 201">
<kw name="Set Variable" owner="BuiltIn">
<msg time="2025-06-20T14:30:34.071008" level="INFO">${address_id} = 12</msg>
<var>${address_id}</var>
<arg>${response.json()['id']}</arg>
<doc>Returns the given values which can then be assigned to a variables.</doc>
<status status="PASS" start="2025-06-20T14:30:34.070333" elapsed="0.000735"/>
</kw>
<kw name="Street Name" owner="FakerLibrary">
<msg time="2025-06-20T14:30:34.071668" level="INFO">${new_street} = Rua de Gonçalves</msg>
<var>${new_street}</var>
<doc>:example: 'Crist Parks'</doc>
<status status="PASS" start="2025-06-20T14:30:34.071387" elapsed="0.000314"/>
</kw>
<kw name="City" owner="FakerLibrary">
<msg time="2025-06-20T14:30:34.072124" level="INFO">${new_city} = Teixeira da Serra</msg>
<var>${new_city}</var>
<doc>:example: 'Sashabury'</doc>
<status status="PASS" start="2025-06-20T14:30:34.071882" elapsed="0.000276"/>
</kw>
<kw name="State Abbr" owner="FakerLibrary">
<msg time="2025-06-20T14:30:34.072369" level="INFO">${new_state} = BA</msg>
<var>${new_state}</var>
<status status="PASS" start="2025-06-20T14:30:34.072254" elapsed="0.000133"/>
</kw>
<kw name="Atualizar endereco" owner="address">
<kw name="Create Dictionary" owner="BuiltIn">
<msg time="2025-06-20T14:30:34.073496" level="INFO">&amp;{headers} = { content-type=application/json | authorization=Bearer eyJ0eXAiOiJKV1QiLCJhbGciOiJIUzI1NiJ9.eyJ1c2VybmFtZSI6IkF0dXJNIiwiZXhwIjoxNzUwNTI3MDMzfQ.2yy3Ysj_bOhIfi3MWeY9KgX4RLof5GcEUdw39-5gqBQ }</msg>
<var>&amp;{headers}</var>
<arg>content-type=application/json</arg>
<arg>authorization=Bearer ${AUTH_TOKEN}</arg>
<doc>Creates and returns a dictionary based on the given ``items``.</doc>
<status status="PASS" start="2025-06-20T14:30:34.073272" elapsed="0.000246"/>
</kw>
<kw name="Create Dictionary" owner="BuiltIn">
<msg time="2025-06-20T14:30:34.073946" level="INFO">${body} = {'client_id': 29, 'CEP': '00000-000', 'street': 'Rua de Gonçalves', 'number': 512, 'city': 'Teixeira da Serra', 'state': 'BA'}</msg>
<var>${body}</var>
<arg>client_id=${client_id}</arg>
<arg>CEP=${CEP}</arg>
<arg>street=${street}</arg>
<arg>number=${number}</arg>
<arg>city=${city}</arg>
<arg>state=${state}</arg>
<doc>Creates and returns a dictionary based on the given ``items``.</doc>
<status status="PASS" start="2025-06-20T14:30:34.073615" elapsed="0.000351"/>
</kw>
<kw name="PUT" owner="RequestsLibrary">
<msg time="2025-06-20T14:30:34.101471" level="INFO">PUT Request : url=http://172.23.208.1/address/update/12 
 path_url=/address/update/12 
 headers={'User-Agent': 'python-requests/2.32.3', 'Accept-Encoding': 'gzip, deflate', 'Accept': '*/*', 'Connection': 'keep-alive', 'content-type': 'application/json', 'authorization': 'Bearer eyJ0eXAiOiJKV1QiLCJhbGciOiJIUzI1NiJ9.eyJ1c2VybmFtZSI6IkF0dXJNIiwiZXhwIjoxNzUwNTI3MDMzfQ.2yy3Ysj_bOhIfi3MWeY9KgX4RLof5GcEUdw39-5gqBQ', 'Content-Length': '131'} 
 body=b'{"client_id": 29, "CEP": "00000-000", "street": "Rua de Gon\\u00e7alves", "number": 512, "city": "Teixeira da Serra", "state": "BA"}' 
 </msg>
<msg time="2025-06-20T14:30:34.101627" level="INFO">PUT Response : url=http://172.23.208.1/address/update/12 
 status=200, reason=OK 
 headers={'Server': 'nginx/1.28.0', 'Date': 'Fri, 20 Jun 2025 17:30:34 GMT', 'Content-Type': 'application/json', 'Content-Length': '35', 'Connection': 'keep-alive', 'Access-Control-Allow-Origin': '*'} 
 body={"msg":"Success updating address"}
 
 </msg>
<msg time="2025-06-20T14:30:34.101882" level="INFO">${response} = &lt;Response [200]&gt;</msg>
<var>${response}</var>
<arg>url=${HOST}/update/${id}</arg>
<arg>headers=${headers}</arg>
<arg>json=${body}</arg>
<arg>expected_status=Anything</arg>
<doc>Sends a PUT request.</doc>
<status status="PASS" start="2025-06-20T14:30:34.074057" elapsed="0.027855"/>
</kw>
<return>
<value>${response}</value>
<status status="PASS" start="2025-06-20T14:30:34.101990" elapsed="0.000051"/>
</return>
<msg time="2025-06-20T14:30:34.102356" level="INFO">${response} = &lt;Response [200]&gt;</msg>
<var>${response}</var>
<arg>id=${address_id}</arg>
<arg>client_id=${client_id}</arg>
<arg>CEP=00000-000</arg>
<arg>street=${new_street}</arg>
<arg>number=${512}</arg>
<arg>city=${new_city}</arg>
<arg>state=${new_state}</arg>
<status status="PASS" start="2025-06-20T14:30:34.072576" elapsed="0.029808"/>
</kw>
<kw name="Set Variable" owner="BuiltIn">
<msg time="2025-06-20T14:30:34.103491" level="INFO">${status_code} = 200</msg>
<var>${status_code}</var>
<arg>${response.status_code}</arg>
<doc>Returns the given values which can then be assigned to a variables.</doc>
<status status="PASS" start="2025-06-20T14:30:34.102698" elapsed="0.000829"/>
</kw>
<kw name="Set Suite Variable" owner="BuiltIn">
<msg time="2025-06-20T14:30:34.103985" level="INFO">${status_code} = 200</msg>
<msg time="2025-06-20T14:30:34.104092" level="INFO">${status_code} = None</msg>
<var>${status_code}</var>
<arg>${status_code}</arg>
<doc>Makes a variable available everywhere within the scope of the current suite.</doc>
<status status="PASS" start="2025-06-20T14:30:34.103729" elapsed="0.000388"/>
</kw>
<status status="PASS" start="2025-06-20T14:30:34.069679" elapsed="0.034480"/>
</branch>
<branch type="ELSE">
<kw name="Fail" owner="BuiltIn">
<arg>Não foi possível criar o endereço para atualização do endereço</arg>
<doc>Fails the test with the given message and optionally alters its tags.</doc>
<status status="NOT RUN" start="2025-06-20T14:30:34.104370" elapsed="0.000015"/>
</kw>
<status status="NOT RUN" start="2025-06-20T14:30:34.104203" elapsed="0.000205"/>
</branch>
<status status="PASS" start="2025-06-20T14:30:34.069656" elapsed="0.034785"/>
</if>
<status status="PASS" start="2025-06-20T14:30:34.036030" elapsed="0.068434"/>
</branch>
<branch type="ELSE">
<kw name="Fail" owner="BuiltIn">
<arg>Não foi possível criar o cliente para atualização do endereço</arg>
<doc>Fails the test with the given message and optionally alters its tags.</doc>
<status status="NOT RUN" start="2025-06-20T14:30:34.104594" elapsed="0.000021"/>
</kw>
<status status="NOT RUN" start="2025-06-20T14:30:34.104486" elapsed="0.000161"/>
</branch>
<status status="PASS" start="2025-06-20T14:30:34.036013" elapsed="0.068649"/>
</if>
<status status="PASS" start="2025-06-20T14:30:34.006947" elapsed="0.097785"/>
</kw>
<kw name="ENTÃO o sistema deve atualizar os dados do endereço no banco de dados e retornar sucesso" owner="addressSteps">
<kw name="Should Be Equal As Integers" owner="BuiltIn">
<msg time="2025-06-20T14:30:34.105621" level="INFO">Argument types are:
&lt;class 'int'&gt;
&lt;class 'str'&gt;</msg>
<arg>${status_code}</arg>
<arg>200</arg>
<doc>Fails if objects are unequal after converting them to integers.</doc>
<status status="PASS" start="2025-06-20T14:30:34.105328" elapsed="0.000371"/>
</kw>
<status status="PASS" start="2025-06-20T14:30:34.105004" elapsed="0.000784"/>
</kw>
<status status="PASS" start="2025-06-20T14:30:33.892236" elapsed="0.213812"/>
</test>
<test id="s1-s1-t5" name="NEGATIVE - Atualização de endereço com dados inválidos" line="32">
<kw name="DADO que o usuário possui um token de autenticação válido" owner="authSteps">
<kw name="Login Usando Basic Auth E Obter Token" owner="auth">
<kw name="Create List" owner="BuiltIn">
<msg time="2025-06-20T14:30:34.108228" level="INFO">${auth} = ['AturM', 'Testando']</msg>
<var>${auth}</var>
<arg>${USERNAME}</arg>
<arg>${PASSWORD}</arg>
<doc>Returns a list containing given items.</doc>
<status status="PASS" start="2025-06-20T14:30:34.107973" elapsed="0.000292"/>
</kw>
<kw name="Create Session" owner="RequestsLibrary">
<msg time="2025-06-20T14:30:34.108590" level="INFO">Creating Session using : alias=auth_session, url=http://172.23.208.1, headers={},                     cookies={}, auth=&lt;requests.auth.HTTPBasicAuth object at 0x72dbfcb7ac50&gt;, timeout=None, proxies=None, verify=False,                     debug=0 </msg>
<arg>auth_session</arg>
<arg>${login_url}</arg>
<arg>auth=${auth}</arg>
<doc>Create Session: create a HTTP session to a server</doc>
<status status="PASS" start="2025-06-20T14:30:34.108378" elapsed="0.000359"/>
</kw>
<kw name="POST On Session" owner="RequestsLibrary">
<msg time="2025-06-20T14:30:34.220324" level="INFO">POST Request : url=http://172.23.208.1/user/login 
 path_url=/user/login 
 headers={'User-Agent': 'python-requests/2.32.3', 'Accept-Encoding': 'gzip, deflate', 'Accept': '*/*', 'Connection': 'keep-alive', 'Content-Length': '0', 'Authorization': 'Basic QXR1ck06VGVzdGFuZG8='} 
 body=None 
 </msg>
<msg time="2025-06-20T14:30:34.220431" level="INFO">POST Response : url=http://172.23.208.1/user/login 
 status=200, reason=OK 
 headers={'Server': 'nginx/1.28.0', 'Date': 'Fri, 20 Jun 2025 17:30:34 GMT', 'Content-Type': 'application/json', 'Content-Length': '171', 'Connection': 'keep-alive', 'Access-Control-Allow-Origin': '*'} 
 body={"msg":"Success logging in","token":"eyJ0eXAiOiJKV1QiLCJhbGciOiJIUzI1NiJ9.eyJ1c2VybmFtZSI6IkF0dXJNIiwiZXhwIjoxNzUwNTI3MDM0fQ.-AxXxFA1Q2SJeKs4tYQ_OJ-SHKkexlq44PfuQ31T7BA"}
 
 </msg>
<msg time="2025-06-20T14:30:34.220581" level="INFO">${response} = &lt;Response [200]&gt;</msg>
<var>${response}</var>
<arg>auth_session</arg>
<arg>/user/login</arg>
<arg>expected_status=Anything</arg>
<doc>Sends a POST request on a previously created HTTP Session.</doc>
<status status="PASS" start="2025-06-20T14:30:34.108846" elapsed="0.111779"/>
</kw>
<if>
<branch type="IF" condition="${response.status_code} == 401">
<kw name="Create Dictionary" owner="BuiltIn">
<var>${header}</var>
<arg>content-type=application/json</arg>
<doc>Creates and returns a dictionary based on the given ``items``.</doc>
<status status="NOT RUN" start="2025-06-20T14:30:34.221998" elapsed="0.000038"/>
</kw>
<kw name="Create Dictionary" owner="BuiltIn">
<var>${body}</var>
<arg>username=${USERNAME}</arg>
<arg>password=${PASSWORD}</arg>
<doc>Creates and returns a dictionary based on the given ``items``.</doc>
<status status="NOT RUN" start="2025-06-20T14:30:34.222173" elapsed="0.000015"/>
</kw>
<kw name="POST" owner="RequestsLibrary">
<var>${response}</var>
<arg>url=${login_url}/user/create</arg>
<arg>headers=${header}</arg>
<arg>json=${body}</arg>
<doc>Sends a POST request.</doc>
<status status="NOT RUN" start="2025-06-20T14:30:34.222296" elapsed="0.000016"/>
</kw>
<kw name="Should Be Equal As Integers" owner="BuiltIn">
<arg>${response.status_code}</arg>
<arg>201</arg>
<doc>Fails if objects are unequal after converting them to integers.</doc>
<status status="NOT RUN" start="2025-06-20T14:30:34.222395" elapsed="0.000013"/>
</kw>
<kw name="POST On Session" owner="RequestsLibrary">
<var>${response}</var>
<arg>auth_session</arg>
<arg>/user/login</arg>
<doc>Sends a POST request on a previously created HTTP Session.</doc>
<status status="NOT RUN" start="2025-06-20T14:30:34.222506" elapsed="0.000014"/>
</kw>
<status status="NOT RUN" start="2025-06-20T14:30:34.220815" elapsed="0.001735"/>
</branch>
<status status="PASS" start="2025-06-20T14:30:34.220739" elapsed="0.001845"/>
</if>
<kw name="Set Global Variable" owner="BuiltIn">
<msg time="2025-06-20T14:30:34.223224" level="INFO">${AUTH_TOKEN} = eyJ0eXAiOiJKV1QiLCJhbGciOiJIUzI1NiJ9.eyJ1c2VybmFtZSI6IkF0dXJNIiwiZXhwIjoxNzUwNTI3MDM0fQ.-AxXxFA1Q2SJeKs4tYQ_OJ-SHKkexlq44PfuQ31T7BA</msg>
<arg>${AUTH_TOKEN}</arg>
<arg>${response.json()['token']}</arg>
<doc>Makes a variable available globally in all tests and suites.</doc>
<status status="PASS" start="2025-06-20T14:30:34.222670" elapsed="0.000620"/>
</kw>
<status status="PASS" start="2025-06-20T14:30:34.107713" elapsed="0.115658"/>
</kw>
<status status="PASS" start="2025-06-20T14:30:34.107295" elapsed="0.116110"/>
</kw>
<kw name="QUANDO ele faz a requisição de atualizar o endereço com dados inválidos" owner="addressSteps">
<kw name="Name" owner="FakerLibrary">
<msg time="2025-06-20T14:30:34.224355" level="INFO">${fake_name} = Maria Isis Martins</msg>
<var>${fake_name}</var>
<doc>:example: 'John Doe'</doc>
<status status="PASS" start="2025-06-20T14:30:34.224133" elapsed="0.000257"/>
</kw>
<kw name="Email" owner="FakerLibrary">
<msg time="2025-06-20T14:30:34.224830" level="INFO">${fake_email} = fonsecaraul@example.net</msg>
<var>${fake_email}</var>
<status status="PASS" start="2025-06-20T14:30:34.224546" elapsed="0.000317"/>
</kw>
<kw name="Cpf" owner="FakerLibrary">
<msg time="2025-06-20T14:30:34.225111" level="INFO">${fake_cpf} = 436.901.872-22</msg>
<var>${fake_cpf}</var>
<status status="PASS" start="2025-06-20T14:30:34.224972" elapsed="0.000212"/>
</kw>
<kw name="Criar cliente" owner="clients">
<kw name="Run Keyword If" owner="BuiltIn">
<kw name="Set Variable" owner="BuiltIn">
<arg>${name}</arg>
<doc>Returns the given values which can then be assigned to a variables.</doc>
<status status="PASS" start="2025-06-20T14:30:34.226489" elapsed="0.000386"/>
</kw>
<msg time="2025-06-20T14:30:34.226948" level="INFO">${name} = Maria Isis Martins</msg>
<var>${name}</var>
<arg>'${name}' == 'None'</arg>
<arg>FakerLibrary.Name</arg>
<arg>ELSE</arg>
<arg>Set Variable</arg>
<arg>${name}</arg>
<doc>Runs the given keyword with the given arguments, if ``condition`` is true.</doc>
<status status="PASS" start="2025-06-20T14:30:34.226264" elapsed="0.000706"/>
</kw>
<kw name="Run Keyword If" owner="BuiltIn">
<kw name="Set Variable" owner="BuiltIn">
<arg>${email}</arg>
<doc>Returns the given values which can then be assigned to a variables.</doc>
<status status="PASS" start="2025-06-20T14:30:34.227423" elapsed="0.000107"/>
</kw>
<msg time="2025-06-20T14:30:34.227596" level="INFO">${email} = fonsecaraul@example.net</msg>
<var>${email}</var>
<arg>'${email}' == 'None'</arg>
<arg>FakerLibrary.Email</arg>
<arg>ELSE</arg>
<arg>Set Variable</arg>
<arg>${email}</arg>
<doc>Runs the given keyword with the given arguments, if ``condition`` is true.</doc>
<status status="PASS" start="2025-06-20T14:30:34.227165" elapsed="0.000448"/>
</kw>
<kw name="Run Keyword If" owner="BuiltIn">
<kw name="Set Variable" owner="BuiltIn">
<arg>${cpf}</arg>
<doc>Returns the given values which can then be assigned to a variables.</doc>
<status status="PASS" start="2025-06-20T14:30:34.227880" elapsed="0.000093"/>
</kw>
<msg time="2025-06-20T14:30:34.228032" level="INFO">${cpf} = 436.901.872-22</msg>
<var>${cpf}</var>
<arg>'${cpf}' == 'None'</arg>
<arg>FakerLibrary.CPF</arg>
<arg>ELSE</arg>
<arg>Set Variable</arg>
<arg>${cpf}</arg>
<doc>Runs the given keyword with the given arguments, if ``condition`` is true.</doc>
<status status="PASS" start="2025-06-20T14:30:34.227715" elapsed="0.000333"/>
</kw>
<kw name="Run Keyword If" owner="BuiltIn">
<kw name="Set Variable" owner="BuiltIn">
<arg>${balance}</arg>
<doc>Returns the given values which can then be assigned to a variables.</doc>
<status status="PASS" start="2025-06-20T14:30:34.228370" elapsed="0.000089"/>
</kw>
<msg time="2025-06-20T14:30:34.228516" level="INFO">${balance} = 1000.0</msg>
<var>${balance}</var>
<arg>'${balance}' == 'None'</arg>
<arg>FakerLibrary.Pyfloat</arg>
<arg>min_value=0.0</arg>
<arg>max_value=10000.0</arg>
<arg>right_digits=2</arg>
<arg>ELSE</arg>
<arg>Set Variable</arg>
<arg>${balance}</arg>
<doc>Runs the given keyword with the given arguments, if ``condition`` is true.</doc>
<status status="PASS" start="2025-06-20T14:30:34.228174" elapsed="0.000359"/>
</kw>
<kw name="Create Dictionary" owner="BuiltIn">
<msg time="2025-06-20T14:30:34.228903" level="INFO">&amp;{headers} = { content-type=application/json | authorization=Bearer eyJ0eXAiOiJKV1QiLCJhbGciOiJIUzI1NiJ9.eyJ1c2VybmFtZSI6IkF0dXJNIiwiZXhwIjoxNzUwNTI3MDM0fQ.-AxXxFA1Q2SJeKs4tYQ_OJ-SHKkexlq44PfuQ31T7BA }</msg>
<var>&amp;{headers}</var>
<arg>content-type=application/json</arg>
<arg>authorization=Bearer ${AUTH_TOKEN}</arg>
<doc>Creates and returns a dictionary based on the given ``items``.</doc>
<status status="PASS" start="2025-06-20T14:30:34.228668" elapsed="0.000254"/>
</kw>
<kw name="Create Dictionary" owner="BuiltIn">
<msg time="2025-06-20T14:30:34.229436" level="INFO">${body} = {'name': 'Maria Isis Martins', 'email': 'fonsecaraul@example.net', 'cpf': '436.901.872-22', 'balance': 1000.0}</msg>
<var>${body}</var>
<arg>name=${name}</arg>
<arg>email=${email}</arg>
<arg>cpf=${cpf}</arg>
<arg>balance=${balance}</arg>
<doc>Creates and returns a dictionary based on the given ``items``.</doc>
<status status="PASS" start="2025-06-20T14:30:34.229010" elapsed="0.000452"/>
</kw>
<kw name="POST" owner="RequestsLibrary">
<msg time="2025-06-20T14:30:34.251984" level="INFO">POST Request : url=http://172.23.208.1/clients/create 
 path_url=/clients/create 
 headers={'User-Agent': 'python-requests/2.32.3', 'Accept-Encoding': 'gzip, deflate', 'Accept': '*/*', 'Connection': 'keep-alive', 'content-type': 'application/json', 'authorization': 'Bearer eyJ0eXAiOiJKV1QiLCJhbGciOiJIUzI1NiJ9.eyJ1c2VybmFtZSI6IkF0dXJNIiwiZXhwIjoxNzUwNTI3MDM0fQ.-AxXxFA1Q2SJeKs4tYQ_OJ-SHKkexlq44PfuQ31T7BA', 'Content-Length': '110'} 
 body=b'{"name": "Maria Isis Martins", "email": "fonsecaraul@example.net", "cpf": "436.901.872-22", "balance": 1000.0}' 
 </msg>
<msg time="2025-06-20T14:30:34.252106" level="INFO">POST Response : url=http://172.23.208.1/clients/create 
 status=201, reason=CREATED 
 headers={'Server': 'nginx/1.28.0', 'Date': 'Fri, 20 Jun 2025 17:30:34 GMT', 'Content-Type': 'application/json', 'Content-Length': '46', 'Connection': 'keep-alive', 'Access-Control-Allow-Origin': '*'} 
 body={"id":30,"msg":"Success creating the client"}
 
 </msg>
<msg time="2025-06-20T14:30:34.252284" level="INFO">${response} = &lt;Response [201]&gt;</msg>
<var>${response}</var>
<arg>url=${client_url}/create</arg>
<arg>headers=${headers}</arg>
<arg>json=${body}</arg>
<arg>expected_status=Anything</arg>
<doc>Sends a POST request.</doc>
<status status="PASS" start="2025-06-20T14:30:34.229567" elapsed="0.022754"/>
</kw>
<return>
<value>${response}</value>
<status status="PASS" start="2025-06-20T14:30:34.252409" elapsed="0.000059"/>
</return>
<msg time="2025-06-20T14:30:34.252689" level="INFO">${response} = &lt;Response [201]&gt;</msg>
<var>${response}</var>
<arg>name=${fake_name}</arg>
<arg>email=${fake_email}</arg>
<arg>cpf=${fake_cpf}</arg>
<arg>balance=${1000.00}</arg>
<status status="PASS" start="2025-06-20T14:30:34.225405" elapsed="0.027306"/>
</kw>
<if>
<branch type="IF" condition="${response.status_code} == 201">
<kw name="Set Variable" owner="BuiltIn">
<msg time="2025-06-20T14:30:34.253971" level="INFO">${client_id} = 30</msg>
<var>${client_id}</var>
<arg>${response.json()['id']}</arg>
<doc>Returns the given values which can then be assigned to a variables.</doc>
<status status="PASS" start="2025-06-20T14:30:34.253228" elapsed="0.000785"/>
</kw>
<kw name="Street Name" owner="FakerLibrary">
<msg time="2025-06-20T14:30:34.254380" level="INFO">${street} = Estrada Camila Ramos</msg>
<var>${street}</var>
<doc>:example: 'Crist Parks'</doc>
[...]
<var>${description}</var>
<arg>'${description}' == 'None'</arg>
<arg>FakerLibrary.Text</arg>
<arg>ELSE</arg>
<arg>Set Variable</arg>
<arg>${description}</arg>
<doc>Runs the given keyword with the given arguments, if ``condition`` is true.</doc>
<status status="PASS" start="2025-06-20T14:30:48.882834" elapsed="0.000514"/>
</kw>
<kw name="Run Keyword If" owner="BuiltIn">
<kw name="Pyfloat" owner="FakerLibrary">
<arg>min_value=1.0</arg>
<arg>max_value=1000.0</arg>
<arg>right_digits=2</arg>
<status status="PASS" start="2025-06-20T14:30:48.883607" elapsed="0.000222"/>
</kw>
<msg time="2025-06-20T14:30:48.883894" level="INFO">${price} = 142.71</msg>
<var>${price}</var>
<arg>'${price}' == 'None'</arg>
<arg>FakerLibrary.Pyfloat</arg>
<arg>min_value=1.0</arg>
<arg>max_value=1000.0</arg>
<arg>right_digits=2</arg>
<arg>ELSE</arg>
<arg>Set Variable</arg>
<arg>${price}</arg>
<doc>Runs the given keyword with the given arguments, if ``condition`` is true.</doc>
<status status="PASS" start="2025-06-20T14:30:48.883446" elapsed="0.000464"/>
</kw>
<kw name="Run Keyword If" owner="BuiltIn">
<kw name="Pyint" owner="FakerLibrary">
<arg>min_value=1</arg>
<arg>max_value=1000</arg>
<status status="PASS" start="2025-06-20T14:30:48.884221" elapsed="0.000298"/>
</kw>
<msg time="2025-06-20T14:30:48.884624" level="INFO">${quantity} = 667</msg>
<var>${quantity}</var>
<arg>'${quantity}' == 'None'</arg>
<arg>FakerLibrary.Pyint</arg>
<arg>min_value=1</arg>
<arg>max_value=1000</arg>
<arg>ELSE</arg>
<arg>Set Variable</arg>
<arg>${quantity}</arg>
<doc>Runs the given keyword with the given arguments, if ``condition`` is true.</doc>
<status status="PASS" start="2025-06-20T14:30:48.884012" elapsed="0.000633"/>
</kw>
<kw name="Run Keyword If" owner="BuiltIn">
<kw name="Pybool" owner="FakerLibrary">
<doc>Generates a random boolean, optionally biased towards `True` or `False`.</doc>
<status status="PASS" start="2025-06-20T14:30:48.884920" elapsed="0.000081"/>
</kw>
<msg time="2025-06-20T14:30:48.885057" level="INFO">${status} = True</msg>
<var>${status}</var>
<arg>'${status}' == 'None'</arg>
<arg>FakerLibrary.Pybool</arg>
<arg>ELSE</arg>
<arg>Set Variable</arg>
<arg>${status}</arg>
<doc>Runs the given keyword with the given arguments, if ``condition`` is true.</doc>
<status status="PASS" start="2025-06-20T14:30:48.884754" elapsed="0.000320"/>
</kw>
<kw name="Create Dictionary" owner="BuiltIn">
<msg time="2025-06-20T14:30:48.885339" level="INFO">&amp;{headers} = { content-type=application/json | authorization=Bearer eyJ0eXAiOiJKV1QiLCJhbGciOiJIUzI1NiJ9.eyJ1c2VybmFtZSI6IkF0dXJNIiwiZXhwIjoxNzUwNTI3MDQ4fQ.rCgkgvx0p9nupXK15JYhFPsej4uDFsOswB0zljA5KlA }</msg>
<var>&amp;{headers}</var>
<arg>content-type=application/json</arg>
<arg>authorization=Bearer ${AUTH_TOKEN}</arg>
<doc>Creates and returns a dictionary based on the given ``items``.</doc>
<status status="PASS" start="2025-06-20T14:30:48.885163" elapsed="0.000208"/>
</kw>
<kw name="Create Dictionary" owner="BuiltIn">
<msg time="2025-06-20T14:30:48.885798" level="INFO">${body} = {'name': 'Maitê Almeida', 'description': 'Nobis quis corrupti eum quaerat. Atque aut laudantium nobis reiciendis natus eaque. Ex et delectus reiciendis dolorum molestiae possimus.', 'price': 142.71, '...</msg>
<var>${body}</var>
<arg>name=${name}</arg>
<arg>description=${description}</arg>
<arg>price=${price}</arg>
<arg>quantity=${quantity}</arg>
<arg>status=${status}</arg>
<doc>Creates and returns a dictionary based on the given ``items``.</doc>
<status status="PASS" start="2025-06-20T14:30:48.885456" elapsed="0.000372"/>
</kw>
<kw name="POST" owner="RequestsLibrary">
<msg time="2025-06-20T14:30:48.906582" level="INFO">POST Request : url=http://172.23.208.1/products/create 
 path_url=/products/create 
 headers={'User-Agent': 'python-requests/2.32.3', 'Accept-Encoding': 'gzip, deflate', 'Accept': '*/*', 'Connection': 'keep-alive', 'content-type': 'application/json', 'authorization': 'Bearer eyJ0eXAiOiJKV1QiLCJhbGciOiJIUzI1NiJ9.eyJ1c2VybmFtZSI6IkF0dXJNIiwiZXhwIjoxNzUwNTI3MDQ4fQ.rCgkgvx0p9nupXK15JYhFPsej4uDFsOswB0zljA5KlA', 'Content-Length': '236'} 
 body=b'{"name": "Mait\\u00ea Almeida", "description": "Nobis quis corrupti eum quaerat. Atque aut laudantium nobis reiciendis natus eaque. Ex et delectus reiciendis dolorum molestiae possimus.", "price": 142.71, "quantity": 667, "status": true}' 
 </msg>
<msg time="2025-06-20T14:30:48.906670" level="INFO">POST Response : url=http://172.23.208.1/products/create 
 status=201, reason=CREATED 
 headers={'Server': 'nginx/1.28.0', 'Date': 'Fri, 20 Jun 2025 17:30:48 GMT', 'Content-Type': 'application/json', 'Content-Length': '47', 'Connection': 'keep-alive', 'Access-Control-Allow-Origin': '*'} 
 body={"id":35,"msg":"Success creating the product"}
 
 </msg>
<msg time="2025-06-20T14:30:48.906807" level="INFO">${response} = &lt;Response [201]&gt;</msg>
<var>${response}</var>
<arg>url=${products_url}/create</arg>
<arg>headers=${headers}</arg>
<arg>json=${body}</arg>
<arg>expected_status=Anything</arg>
<doc>Sends a POST request.</doc>
<status status="PASS" start="2025-06-20T14:30:48.885922" elapsed="0.020906"/>
</kw>
<kw name="Log" owner="BuiltIn">
<msg time="2025-06-20T14:30:48.907761" level="INFO">Response: {'id': 35, 'msg': 'Success creating the product'} - Status Code: 201</msg>
<arg>Response: ${response.json()} - Status Code: ${response.status_code}</arg>
<doc>Logs the given message with the given level.</doc>
<status status="PASS" start="2025-06-20T14:30:48.907009" elapsed="0.000801"/>
</kw>
<return>
<value>${response}</value>
<status status="PASS" start="2025-06-20T14:30:48.907864" elapsed="0.000043"/>
</return>
<msg time="2025-06-20T14:30:48.908025" level="INFO">${response} = &lt;Response [201]&gt;</msg>
<var>${response}</var>
<status status="PASS" start="2025-06-20T14:30:48.881906" elapsed="0.026137"/>
</kw>
<if>
<branch type="IF" condition="${response.status_code} == 201">
<kw name="Set Variable" owner="BuiltIn">
<msg time="2025-06-20T14:30:48.908860" level="INFO">${product_id} = 35</msg>
<var>${product_id}</var>
<arg>${response.json()['id']}</arg>
<doc>Returns the given values which can then be assigned to a variables.</doc>
<status status="PASS" start="2025-06-20T14:30:48.908552" elapsed="0.000326"/>
</kw>
<kw name="Verificar existencia de produto" owner="products">
<kw name="Create Dictionary" owner="BuiltIn">
<msg time="2025-06-20T14:30:48.909575" level="INFO">&amp;{headers} = { content-type=application/json | authorization=Bearer eyJ0eXAiOiJKV1QiLCJhbGciOiJIUzI1NiJ9.eyJ1c2VybmFtZSI6IkF0dXJNIiwiZXhwIjoxNzUwNTI3MDQ4fQ.rCgkgvx0p9nupXK15JYhFPsej4uDFsOswB0zljA5KlA }</msg>
<var>&amp;{headers}</var>
<arg>content-type=application/json</arg>
<arg>authorization=Bearer ${AUTH_TOKEN}</arg>
<doc>Creates and returns a dictionary based on the given ``items``.</doc>
<status status="PASS" start="2025-06-20T14:30:48.909306" elapsed="0.000288"/>
</kw>
<kw name="GET" owner="RequestsLibrary">
<msg time="2025-06-20T14:30:48.925145" level="INFO">GET Request : url=http://172.23.208.1/products/exists/35 
 path_url=/products/exists/35 
 headers={'User-Agent': 'python-requests/2.32.3', 'Accept-Encoding': 'gzip, deflate', 'Accept': '*/*', 'Connection': 'keep-alive', 'content-type': 'application/json', 'authorization': 'Bearer eyJ0eXAiOiJKV1QiLCJhbGciOiJIUzI1NiJ9.eyJ1c2VybmFtZSI6IkF0dXJNIiwiZXhwIjoxNzUwNTI3MDQ4fQ.rCgkgvx0p9nupXK15JYhFPsej4uDFsOswB0zljA5KlA'} 
 body=None 
 </msg>
<msg time="2025-06-20T14:30:48.925233" level="INFO">GET Response : url=http://172.23.208.1/products/exists/35 
 status=200, reason=OK 
 headers={'Server': 'nginx/1.28.0', 'Date': 'Fri, 20 Jun 2025 17:30:48 GMT', 'Content-Type': 'application/json', 'Content-Length': '52', 'Connection': 'keep-alive', 'Access-Control-Allow-Origin': '*'} 
 body={"product_name":"Mait\u00ea Almeida","status":true}
 
 </msg>
<msg time="2025-06-20T14:30:48.925398" level="INFO">${response} = &lt;Response [200]&gt;</msg>
<var>${response}</var>
<arg>url=${products_url}/exists/${id}</arg>
<arg>headers=${headers}</arg>
<arg>expected_status=Anything</arg>
<doc>Sends a GET request.</doc>
<status status="PASS" start="2025-06-20T14:30:48.909675" elapsed="0.015753"/>
</kw>
<return>
<value>${response}</value>
<status status="PASS" start="2025-06-20T14:30:48.925498" elapsed="0.000053"/>
</return>
<msg time="2025-06-20T14:30:48.925728" level="INFO">${response} = &lt;Response [200]&gt;</msg>
<var>${response}</var>
<arg>id=${product_id}</arg>
<status status="PASS" start="2025-06-20T14:30:48.909014" elapsed="0.016732"/>
</kw>
<kw name="Set Suite Variable" owner="BuiltIn">
<msg time="2025-06-20T14:30:48.926099" level="INFO">${response} = &lt;Response [200]&gt;</msg>
<msg time="2025-06-20T14:30:48.926182" level="INFO">${response} = None</msg>
<var>${response}</var>
<arg>${response}</arg>
<doc>Makes a variable available everywhere within the scope of the current suite.</doc>
<status status="PASS" start="2025-06-20T14:30:48.925912" elapsed="0.000284"/>
</kw>
<status status="PASS" start="2025-06-20T14:30:48.908151" elapsed="0.018073"/>
</branch>
<branch type="ELSE">
<kw name="Fail" owner="BuiltIn">
<arg>Não foi possível criar o produto para verificação</arg>
<doc>Fails the test with the given message and optionally alters its tags.</doc>
<status status="NOT RUN" start="2025-06-20T14:30:48.926344" elapsed="0.000014"/>
</kw>
<status status="NOT RUN" start="2025-06-20T14:30:48.926246" elapsed="0.000184"/>
</branch>
<status status="PASS" start="2025-06-20T14:30:48.908132" elapsed="0.018313"/>
</if>
<status status="PASS" start="2025-06-20T14:30:48.881483" elapsed="0.045003"/>
</kw>
<kw name="ENTÃO o sistema deve retornar True e sucesso" owner="productsSteps">
<kw name="Should Be Equal As Integers" owner="BuiltIn">
<msg time="2025-06-20T14:30:48.927430" level="INFO">Argument types are:
&lt;class 'int'&gt;
&lt;class 'str'&gt;</msg>
<arg>${response.status_code}</arg>
<arg>200</arg>
<doc>Fails if objects are unequal after converting them to integers.</doc>
<status status="PASS" start="2025-06-20T14:30:48.926968" elapsed="0.000517"/>
</kw>
<kw name="Should Be Equal As Strings" owner="BuiltIn">
<msg time="2025-06-20T14:30:48.928418" level="INFO">Argument types are:
&lt;class 'bool'&gt;
&lt;class 'str'&gt;</msg>
<arg>${response.json()['status']}</arg>
<arg>True</arg>
<doc>Fails if objects are unequal after converting them to strings.</doc>
<status status="PASS" start="2025-06-20T14:30:48.927674" elapsed="0.000833"/>
</kw>
<status status="PASS" start="2025-06-20T14:30:48.926724" elapsed="0.001918"/>
</kw>
<status status="PASS" start="2025-06-20T14:30:48.753438" elapsed="0.175557"/>
</test>
<test id="s1-s4-t12" name="POSITIVE - Verificar se produto não existe" line="76">
<kw name="DADO que o usuário possui um token de autenticação válido" owner="authSteps">
<kw name="Login Usando Basic Auth E Obter Token" owner="auth">
<kw name="Create List" owner="BuiltIn">
<msg time="2025-06-20T14:30:48.931308" level="INFO">${auth} = ['AturM', 'Testando']</msg>
<var>${auth}</var>
<arg>${USERNAME}</arg>
<arg>${PASSWORD}</arg>
<doc>Returns a list containing given items.</doc>
<status status="PASS" start="2025-06-20T14:30:48.931086" elapsed="0.000258"/>
</kw>
<kw name="Create Session" owner="RequestsLibrary">
<msg time="2025-06-20T14:30:48.931806" level="INFO">Creating Session using : alias=auth_session, url=http://172.23.208.1, headers={},                     cookies={}, auth=&lt;requests.auth.HTTPBasicAuth object at 0x72dbfc86f160&gt;, timeout=None, proxies=None, verify=False,                     debug=0 </msg>
<arg>auth_session</arg>
<arg>${login_url}</arg>
<arg>auth=${auth}</arg>
<doc>Create Session: create a HTTP session to a server</doc>
<status status="PASS" start="2025-06-20T14:30:48.931522" elapsed="0.000763"/>
</kw>
<kw name="POST On Session" owner="RequestsLibrary">
<msg time="2025-06-20T14:30:49.048599" level="INFO">POST Request : url=http://172.23.208.1/user/login 
 path_url=/user/login 
 headers={'User-Agent': 'python-requests/2.32.3', 'Accept-Encoding': 'gzip, deflate', 'Accept': '*/*', 'Connection': 'keep-alive', 'Content-Length': '0', 'Authorization': 'Basic QXR1ck06VGVzdGFuZG8='} 
 body=None 
 </msg>
<msg time="2025-06-20T14:30:49.048686" level="INFO">POST Response : url=http://172.23.208.1/user/login 
 status=200, reason=OK 
 headers={'Server': 'nginx/1.28.0', 'Date': 'Fri, 20 Jun 2025 17:30:49 GMT', 'Content-Type': 'application/json', 'Content-Length': '171', 'Connection': 'keep-alive', 'Access-Control-Allow-Origin': '*'} 
 body={"msg":"Success logging in","token":"eyJ0eXAiOiJKV1QiLCJhbGciOiJIUzI1NiJ9.eyJ1c2VybmFtZSI6IkF0dXJNIiwiZXhwIjoxNzUwNTI3MDQ5fQ.wj8ptRVXOtgyv31O05q_bXZlR_nQTQHGFBn23hEne9g"}
 
 </msg>
<msg time="2025-06-20T14:30:49.048809" level="INFO">${response} = &lt;Response [200]&gt;</msg>
<var>${response}</var>
<arg>auth_session</arg>
<arg>/user/login</arg>
<arg>expected_status=Anything</arg>
<doc>Sends a POST request on a previously created HTTP Session.</doc>
<status status="PASS" start="2025-06-20T14:30:48.932500" elapsed="0.116330"/>
</kw>
<if>
<branch type="IF" condition="${response.status_code} == 401">
<kw name="Create Dictionary" owner="BuiltIn">
<var>${header}</var>
<arg>content-type=application/json</arg>
<doc>Creates and returns a dictionary based on the given ``items``.</doc>
<status status="NOT RUN" start="2025-06-20T14:30:49.049511" elapsed="0.000029"/>
</kw>
<kw name="Create Dictionary" owner="BuiltIn">
<var>${body}</var>
<arg>username=${USERNAME}</arg>
<arg>password=${PASSWORD}</arg>
<doc>Creates and returns a dictionary based on the given ``items``.</doc>
<status status="NOT RUN" start="2025-06-20T14:30:49.049639" elapsed="0.000014"/>
</kw>
<kw name="POST" owner="RequestsLibrary">
<var>${response}</var>
<arg>url=${login_url}/user/create</arg>
<arg>headers=${header}</arg>
<arg>json=${body}</arg>
<doc>Sends a POST request.</doc>
<status status="NOT RUN" start="2025-06-20T14:30:49.049727" elapsed="0.000013"/>
</kw>
<kw name="Should Be Equal As Integers" owner="BuiltIn">
<arg>${response.status_code}</arg>
<arg>201</arg>
<doc>Fails if objects are unequal after converting them to integers.</doc>
<status status="NOT RUN" start="2025-06-20T14:30:49.049812" elapsed="0.000011"/>
</kw>
<kw name="POST On Session" owner="RequestsLibrary">
<var>${response}</var>
<arg>auth_session</arg>
<arg>/user/login</arg>
<doc>Sends a POST request on a previously created HTTP Session.</doc>
<status status="NOT RUN" start="2025-06-20T14:30:49.049892" elapsed="0.000012"/>
</kw>
<status status="NOT RUN" start="2025-06-20T14:30:49.048953" elapsed="0.000975"/>
</branch>
<status status="PASS" start="2025-06-20T14:30:49.048905" elapsed="0.001043"/>
</if>
<kw name="Set Global Variable" owner="BuiltIn">
<msg time="2025-06-20T14:30:49.050538" level="INFO">${AUTH_TOKEN} = eyJ0eXAiOiJKV1QiLCJhbGciOiJIUzI1NiJ9.eyJ1c2VybmFtZSI6IkF0dXJNIiwiZXhwIjoxNzUwNTI3MDQ5fQ.wj8ptRVXOtgyv31O05q_bXZlR_nQTQHGFBn23hEne9g</msg>
<arg>${AUTH_TOKEN}</arg>
<arg>${response.json()['token']}</arg>
<doc>Makes a variable available globally in all tests and suites.</doc>
<status status="PASS" start="2025-06-20T14:30:49.050019" elapsed="0.000561"/>
</kw>
<status status="PASS" start="2025-06-20T14:30:48.930746" elapsed="0.119887"/>
</kw>
<status status="PASS" start="2025-06-20T14:30:48.930125" elapsed="0.120540"/>
</kw>
<kw name="QUANDO ele faz a requisição de verificar se um produto existe com ID inexistente" owner="productsSteps">
<kw name="Verificar existencia de produto" owner="products">
<kw name="Create Dictionary" owner="BuiltIn">
<msg time="2025-06-20T14:30:49.051634" level="INFO">&amp;{headers} = { content-type=application/json | authorization=Bearer eyJ0eXAiOiJKV1QiLCJhbGciOiJIUzI1NiJ9.eyJ1c2VybmFtZSI6IkF0dXJNIiwiZXhwIjoxNzUwNTI3MDQ5fQ.wj8ptRVXOtgyv31O05q_bXZlR_nQTQHGFBn23hEne9g }</msg>
<var>&amp;{headers}</var>
<arg>content-type=application/json</arg>
<arg>authorization=Bearer ${AUTH_TOKEN}</arg>
<doc>Creates and returns a dictionary based on the given ``items``.</doc>
<status status="PASS" start="2025-06-20T14:30:49.051433" elapsed="0.000223"/>
</kw>
<kw name="GET" owner="RequestsLibrary">
<msg time="2025-06-20T14:30:49.064509" level="INFO">GET Request : url=http://172.23.208.1/products/exists/999999 
 path_url=/products/exists/999999 
 headers={'User-Agent': 'python-requests/2.32.3', 'Accept-Encoding': 'gzip, deflate', 'Accept': '*/*', 'Connection': 'keep-alive', 'content-type': 'application/json', 'authorization': 'Bearer eyJ0eXAiOiJKV1QiLCJhbGciOiJIUzI1NiJ9.eyJ1c2VybmFtZSI6IkF0dXJNIiwiZXhwIjoxNzUwNTI3MDQ5fQ.wj8ptRVXOtgyv31O05q_bXZlR_nQTQHGFBn23hEne9g'} 
 body=None 
 </msg>
<msg time="2025-06-20T14:30:49.064694" level="INFO">GET Response : url=http://172.23.208.1/products/exists/999999 
 status=200, reason=OK 
 headers={'Server': 'nginx/1.28.0', 'Date': 'Fri, 20 Jun 2025 17:30:49 GMT', 'Content-Type': 'application/json', 'Content-Length': '17', 'Connection': 'keep-alive', 'Access-Control-Allow-Origin': '*'} 
 body={"status":false}
 
 </msg>
<msg time="2025-06-20T14:30:49.064902" level="INFO">${response} = &lt;Response [200]&gt;</msg>
<var>${response}</var>
<arg>url=${products_url}/exists/${id}</arg>
<arg>headers=${headers}</arg>
<arg>expected_status=Anything</arg>
<doc>Sends a GET request.</doc>
<status status="PASS" start="2025-06-20T14:30:49.051747" elapsed="0.013185"/>
</kw>
<return>
<value>${response}</value>
<status status="PASS" start="2025-06-20T14:30:49.065049" elapsed="0.000064"/>
</return>
<msg time="2025-06-20T14:30:49.065420" level="INFO">${response} = &lt;Response [200]&gt;</msg>
<var>${response}</var>
<arg>id=999999</arg>
<status status="PASS" start="2025-06-20T14:30:49.051135" elapsed="0.014310"/>
</kw>
<kw name="Set Suite Variable" owner="BuiltIn">
<msg time="2025-06-20T14:30:49.065902" level="INFO">${response} = &lt;Response [200]&gt;</msg>
<msg time="2025-06-20T14:30:49.065999" level="INFO">${response} = None</msg>
<var>${response}</var>
<arg>${response}</arg>
<doc>Makes a variable available everywhere within the scope of the current suite.</doc>
<status status="PASS" start="2025-06-20T14:30:49.065647" elapsed="0.000381"/>
</kw>
<status status="PASS" start="2025-06-20T14:30:49.050875" elapsed="0.015235"/>
</kw>
<kw name="ENTÃO o sistema deve retornar False e sucesso" owner="productsSteps">
<kw name="Should Be Equal As Integers" owner="BuiltIn">
<msg time="2025-06-20T14:30:49.067516" level="INFO">Argument types are:
&lt;class 'int'&gt;
&lt;class 'str'&gt;</msg>
<arg>${response.status_code}</arg>
<arg>200</arg>
<doc>Fails if objects are unequal after converting them to integers.</doc>
<status status="PASS" start="2025-06-20T14:30:49.066997" elapsed="0.000577"/>
</kw>
<kw name="Should Be Equal As Strings" owner="BuiltIn">
<msg time="2025-06-20T14:30:49.068112" level="INFO">Argument types are:
&lt;class 'bool'&gt;
&lt;class 'str'&gt;</msg>
<arg>${response.json()['status']}</arg>
<arg>False</arg>
<doc>Fails if objects are unequal after converting them to strings.</doc>
<status status="PASS" start="2025-06-20T14:30:49.067701" elapsed="0.000453"/>
</kw>
<status status="PASS" start="2025-06-20T14:30:49.066476" elapsed="0.001731"/>
</kw>
<status status="PASS" start="2025-06-20T14:30:48.929534" elapsed="0.138856"/>
</test>
<status status="PASS" start="2025-06-20T14:30:44.946420" elapsed="4.122357"/>
</suite>
<status status="PASS" start="2025-06-20T14:30:28.580855" elapsed="20.488774"/>
</suite>
<statistics>
<total>
<stat pass="40" fail="0" skip="0">All Tests</stat>
</total>
<tag>
</tag>
<suite>
<stat name="Gherkins" id="s1" pass="40" fail="0" skip="0">Gherkins</stat>
<stat name="addressGherkins" id="s1-s1" pass="8" fail="0" skip="0">Gherkins.addressGherkins</stat>
<stat name="clientsGherkins" id="s1-s2" pass="12" fail="0" skip="0">Gherkins.clientsGherkins</stat>
<stat name="inventoryGherkins" id="s1-s3" pass="8" fail="0" skip="0">Gherkins.inventoryGherkins</stat>
<stat name="productsGherkins" id="s1-s4" pass="12" fail="0" skip="0">Gherkins.productsGherkins</stat>
</suite>
</statistics>
<errors>
</errors>
</robot>
