<?xml version="1.0" encoding="UTF-8"?>
<robot generator="Robot 7.3 (Python 3.10.12 on linux)" generated="2025-06-16T19:12:55.896878" rpa="false" schemaversion="5">
<suite id="s1" name="Inmetrics---Desafios" source="/home/arthur/Inmetrics/Inmetrics---Desafios">
<suite id="s1-s1" name="Robot Tests" source="/home/arthur/Inmetrics/Inmetrics---Desafios/Robot_Tests">
<suite id="s1-s1-s1" name="TestCases" source="/home/arthur/Inmetrics/Inmetrics---Desafios/Robot_Tests/TestCases">
<suite id="s1-s1-s1-s1" name="Gherkins" source="/home/arthur/Inmetrics/Inmetrics---Desafios/Robot_Tests/TestCases/gherkins">
<suite id="s1-s1-s1-s1-s1" name="productsGherkins" source="/home/arthur/Inmetrics/Inmetrics---Desafios/Robot_Tests/TestCases/gherkins/productsGherkins.robot">
<test id="s1-s1-s1-s1-s1-t1" name="POSITIVE - Criar produto com sucesso" line="10">
<kw name="DADO que o usuário possui um token de autenticação válido" owner="authSteps">
<kw name="Login Usando Basic Auth E Obter Token" owner="auth">
<kw name="Create List" owner="BuiltIn">
<msg time="2025-06-16T19:12:56.165147" level="INFO">${auth} = ['AturM', 'Testando']</msg>
<var>${auth}</var>
<arg>${USERNAME}</arg>
<arg>${PASSWORD}</arg>
<doc>Returns a list containing given items.</doc>
<status status="PASS" start="2025-06-16T19:12:56.164819" elapsed="0.000455"/>
</kw>
<kw name="Create Session" owner="RequestsLibrary">
<msg time="2025-06-16T19:12:56.165729" level="INFO">Creating Session using : alias=auth_session, url=http://172.23.208.1, headers={},                     cookies={}, auth=&lt;requests.auth.HTTPBasicAuth object at 0x7ba5a0e23df0&gt;, timeout=None, proxies=None, verify=False,                     debug=0 </msg>
<arg>auth_session</arg>
<arg>${login_url}</arg>
<arg>auth=${auth}</arg>
<doc>Create Session: create a HTTP session to a server</doc>
<status status="PASS" start="2025-06-16T19:12:56.165448" elapsed="0.000515"/>
</kw>
<kw name="POST On Session" owner="RequestsLibrary">
<msg time="2025-06-16T19:12:58.273554" level="INFO">POST Request : url=http://172.23.208.1/user/login 
 path_url=/user/login 
 headers={'User-Agent': 'python-requests/2.32.3', 'Accept-Encoding': 'gzip, deflate', 'Accept': '*/*', 'Connection': 'keep-alive', 'Content-Length': '0', 'Authorization': 'Basic QXR1ck06VGVzdGFuZG8='} 
 body=None 
 </msg>
<msg time="2025-06-16T19:12:58.273847" level="INFO">POST Response : url=http://172.23.208.1/user/login 
 status=200, reason=OK 
 headers={'Server': 'nginx/1.28.0', 'Date': 'Mon, 16 Jun 2025 22:12:58 GMT', 'Content-Type': 'application/json', 'Content-Length': '171', 'Connection': 'keep-alive', 'Access-Control-Allow-Origin': '*'} 
 body={"msg":"Success logging in","token":"eyJ0eXAiOiJKV1QiLCJhbGciOiJIUzI1NiJ9.eyJ1c2VybmFtZSI6IkF0dXJNIiwiZXhwIjoxNzUwMTk4Mzc4fQ.1McpYvliZWoFuTRRBT4iCHeeAsG0qTv0InV8lr2kdW8"}
 
 </msg>
<msg time="2025-06-16T19:12:58.274086" level="INFO">${response} = &lt;Response [200]&gt;</msg>
<var>${response}</var>
<arg>auth_session</arg>
<arg>/user/login</arg>
<arg>expected_status=Anything</arg>
<doc>Sends a POST request on a previously created HTTP Session.</doc>
<status status="PASS" start="2025-06-16T19:12:56.166107" elapsed="2.108069"/>
</kw>
<if>
<branch type="IF" condition="${response.status_code} == 401">
<kw name="Create Dictionary" owner="BuiltIn">
<var>${header}</var>
<arg>content-type=application/json</arg>
<doc>Creates and returns a dictionary based on the given ``items``.</doc>
<status status="NOT RUN" start="2025-06-16T19:12:58.274943" elapsed="0.000134"/>
</kw>
<kw name="Create Dictionary" owner="BuiltIn">
<var>${body}</var>
<arg>username=${USERNAME}</arg>
<arg>password=${PASSWORD}</arg>
<doc>Creates and returns a dictionary based on the given ``items``.</doc>
<status status="NOT RUN" start="2025-06-16T19:12:58.275257" elapsed="0.000091"/>
</kw>
<kw name="POST" owner="RequestsLibrary">
<var>${response}</var>
<arg>url=${login_url}/user/create</arg>
<arg>headers=${header}</arg>
<arg>json=${body}</arg>
<doc>Sends a POST request.</doc>
<status status="NOT RUN" start="2025-06-16T19:12:58.275470" elapsed="0.000119"/>
</kw>
<kw name="Should Be Equal As Integers" owner="BuiltIn">
<arg>${response.status_code}</arg>
<arg>201</arg>
<doc>Fails if objects are unequal after converting them to integers.</doc>
<status status="NOT RUN" start="2025-06-16T19:12:58.275715" elapsed="0.000077"/>
</kw>
<kw name="POST On Session" owner="RequestsLibrary">
<var>${response}</var>
<arg>auth_session</arg>
<arg>/user/login</arg>
<doc>Sends a POST request on a previously created HTTP Session.</doc>
<status status="NOT RUN" start="2025-06-16T19:12:58.275924" elapsed="0.000085"/>
</kw>
<status status="NOT RUN" start="2025-06-16T19:12:58.274375" elapsed="0.001697"/>
</branch>
<status status="PASS" start="2025-06-16T19:12:58.274342" elapsed="0.001763"/>
</if>
<kw name="Set Global Variable" owner="BuiltIn">
<msg time="2025-06-16T19:12:58.276958" level="INFO">${AUTH_TOKEN} = eyJ0eXAiOiJKV1QiLCJhbGciOiJIUzI1NiJ9.eyJ1c2VybmFtZSI6IkF0dXJNIiwiZXhwIjoxNzUwMTk4Mzc4fQ.1McpYvliZWoFuTRRBT4iCHeeAsG0qTv0InV8lr2kdW8</msg>
<arg>${AUTH_TOKEN}</arg>
<arg>${response.json()['token']}</arg>
<doc>Makes a variable available globally in all tests and suites.</doc>
<status status="PASS" start="2025-06-16T19:12:58.276182" elapsed="0.000889"/>
</kw>
<status status="PASS" start="2025-06-16T19:12:56.164087" elapsed="2.113093"/>
</kw>
<status status="PASS" start="2025-06-16T19:12:56.163562" elapsed="2.113693"/>
</kw>
<kw name="QUANDO ele faz a requisição de criar um produto no sistema com dados corretos" owner="productsSteps">
<kw name="Criar produto" owner="products">
<kw name="Run Keyword If" owner="BuiltIn">
<kw name="Name" owner="FakerLibrary">
<doc>:example: 'John Doe'</doc>
<status status="PASS" start="2025-06-16T19:12:58.278449" elapsed="0.000228"/>
</kw>
<msg time="2025-06-16T19:12:58.278782" level="INFO">${name} = Joaquim Dias</msg>
<var>${name}</var>
<arg>'${name}' == 'None'</arg>
<arg>FakerLibrary.Name</arg>
<arg>ELSE</arg>
<arg>Set Variable</arg>
<arg>${name}</arg>
<doc>Runs the given keyword with the given arguments, if ``condition`` is true.</doc>
<status status="PASS" start="2025-06-16T19:12:58.278185" elapsed="0.000694"/>
</kw>
<kw name="Run Keyword If" owner="BuiltIn">
<kw name="Text" owner="FakerLibrary">
<doc>Generate a text string.</doc>
<status status="PASS" start="2025-06-16T19:12:58.279319" elapsed="0.000306"/>
</kw>
<msg time="2025-06-16T19:12:58.279728" level="INFO">${description} = Illum magni fugiat voluptas neque repudiandae corporis. Illo quisquam facilis rerum.</msg>
<var>${description}</var>
<arg>'${description}' == 'None'</arg>
<arg>FakerLibrary.Text</arg>
<arg>ELSE</arg>
<arg>Set Variable</arg>
<arg>${description}</arg>
<doc>Runs the given keyword with the given arguments, if ``condition`` is true.</doc>
<status status="PASS" start="2025-06-16T19:12:58.279047" elapsed="0.000769"/>
</kw>
<kw name="Run Keyword If" owner="BuiltIn">
<kw name="Pyfloat" owner="FakerLibrary">
<arg>min_value=1.0</arg>
<arg>max_value=1000.0</arg>
<arg>right_digits=2</arg>
<status status="PASS" start="2025-06-16T19:12:58.280228" elapsed="0.000267"/>
</kw>
<msg time="2025-06-16T19:12:58.280600" level="INFO">${price} = 794.95</msg>
<var>${price}</var>
<arg>'${price}' == 'None'</arg>
<arg>FakerLibrary.Pyfloat</arg>
<arg>min_value=1.0</arg>
<arg>max_value=1000.0</arg>
<arg>right_digits=2</arg>
<arg>ELSE</arg>
<arg>Set Variable</arg>
<arg>${price}</arg>
<doc>Runs the given keyword with the given arguments, if ``condition`` is true.</doc>
<status status="PASS" start="2025-06-16T19:12:58.279986" elapsed="0.000693"/>
</kw>
<kw name="Run Keyword If" owner="BuiltIn">
<kw name="Pyint" owner="FakerLibrary">
<arg>min_value=1</arg>
<arg>max_value=1000</arg>
<status status="PASS" start="2025-06-16T19:12:58.281098" elapsed="0.000511"/>
</kw>
<msg time="2025-06-16T19:12:58.281882" level="INFO">${quantity} = 399</msg>
<var>${quantity}</var>
<arg>'${quantity}' == 'None'</arg>
<arg>FakerLibrary.Pyint</arg>
<arg>min_value=1</arg>
<arg>max_value=1000</arg>
<arg>ELSE</arg>
<arg>Set Variable</arg>
<arg>${quantity}</arg>
<doc>Runs the given keyword with the given arguments, if ``condition`` is true.</doc>
<status status="PASS" start="2025-06-16T19:12:58.280845" elapsed="0.001200"/>
</kw>
<kw name="Run Keyword If" owner="BuiltIn">
<kw name="Pybool" owner="FakerLibrary">
<doc>Generates a random boolean, optionally biased towards `True` or `False`.</doc>
<status status="PASS" start="2025-06-16T19:12:58.283467" elapsed="0.000316"/>
</kw>
<msg time="2025-06-16T19:12:58.283904" level="INFO">${status} = False</msg>
<var>${status}</var>
<arg>'${status}' == 'None'</arg>
<arg>FakerLibrary.Pybool</arg>
<arg>ELSE</arg>
<arg>Set Variable</arg>
<arg>${status}</arg>
<doc>Runs the given keyword with the given arguments, if ``condition`` is true.</doc>
<status status="PASS" start="2025-06-16T19:12:58.282965" elapsed="0.001040"/>
</kw>
<kw name="Create Dictionary" owner="BuiltIn">
<msg time="2025-06-16T19:12:58.284585" level="INFO">&amp;{headers} = { content-type=application/json | authorization=Bearer eyJ0eXAiOiJKV1QiLCJhbGciOiJIUzI1NiJ9.eyJ1c2VybmFtZSI6IkF0dXJNIiwiZXhwIjoxNzUwMTk4Mzc4fQ.1McpYvliZWoFuTRRBT4iCHeeAsG0qTv0InV8lr2kdW8 }</msg>
<var>&amp;{headers}</var>
<arg>content-type=application/json</arg>
<arg>authorization=Bearer ${AUTH_TOKEN}</arg>
<doc>Creates and returns a dictionary based on the given ``items``.</doc>
<status status="PASS" start="2025-06-16T19:12:58.284176" elapsed="0.000563"/>
</kw>
<kw name="Create Dictionary" owner="BuiltIn">
<msg time="2025-06-16T19:12:58.285558" level="INFO">${body} = {'name': 'Joaquim Dias', 'description': 'Illum magni fugiat voluptas neque repudiandae corporis. Illo quisquam facilis rerum.', 'price': 794.95, 'quantity': 399, 'status': False}</msg>
<var>${body}</var>
<arg>name=${name}</arg>
<arg>description=${description}</arg>
<arg>price=${price}</arg>
<arg>quantity=${quantity}</arg>
<arg>status=${status}</arg>
<doc>Creates and returns a dictionary based on the given ``items``.</doc>
<status status="PASS" start="2025-06-16T19:12:58.284996" elapsed="0.000760"/>
</kw>
<kw name="POST" owner="RequestsLibrary">
<msg time="2025-06-16T19:12:58.302122" level="INFO">POST Request : url=http://172.23.208.1/products/create 
 path_url=/products/create 
 headers={'User-Agent': 'python-requests/2.32.3', 'Accept-Encoding': 'gzip, deflate', 'Accept': '*/*', 'Connection': 'keep-alive', 'content-type': 'application/json', 'authorization': 'Bearer eyJ0eXAiOiJKV1QiLCJhbGciOiJIUzI1NiJ9.eyJ1c2VybmFtZSI6IkF0dXJNIiwiZXhwIjoxNzUwMTk4Mzc4fQ.1McpYvliZWoFuTRRBT4iCHeeAsG0qTv0InV8lr2kdW8', 'Content-Length': '178'} 
 body=b'{"name": "Joaquim Dias", "description": "Illum magni fugiat voluptas neque repudiandae corporis. Illo quisquam facilis rerum.", "price": 794.95, "quantity": 399, "status": false}' 
 </msg>
<msg time="2025-06-16T19:12:58.302451" level="INFO">POST Response : url=http://172.23.208.1/products/create 
 status=201, reason=CREATED 
 headers={'Server': 'nginx/1.28.0', 'Date': 'Mon, 16 Jun 2025 22:12:58 GMT', 'Content-Type': 'application/json', 'Content-Length': '56', 'Connection': 'keep-alive', 'Access-Control-Allow-Origin': '*'} 
 body={
  "id": 36,
  "msg": "Success creating the product"
}
 
 </msg>
<msg time="2025-06-16T19:12:58.302838" level="INFO">${response} = &lt;Response [201]&gt;</msg>
<var>${response}</var>
<arg>url=${products_url}/create</arg>
<arg>headers=${headers}</arg>
<arg>json=${body}</arg>
<arg>expected_status=Anything</arg>
<doc>Sends a POST request.</doc>
<status status="PASS" start="2025-06-16T19:12:58.286023" elapsed="0.016953"/>
</kw>
<kw name="Log" owner="BuiltIn">
<msg time="2025-06-16T19:12:58.304643" level="INFO">Response: {'id': 36, 'msg': 'Success creating the product'} - Status Code: 201</msg>
<arg>Response: ${response.json()} - Status Code: ${response.status_code}</arg>
<doc>Logs the given message with the given level.</doc>
<status status="PASS" start="2025-06-16T19:12:58.303350" elapsed="0.001459"/>
</kw>
<return>
<value>${response}</value>
<status status="PASS" start="2025-06-16T19:12:58.304931" elapsed="0.000488"/>
</return>
<msg time="2025-06-16T19:12:58.305617" level="INFO">${response} = &lt;Response [201]&gt;</msg>
<var>${response}</var>
<status status="PASS" start="2025-06-16T19:12:58.277859" elapsed="0.027903"/>
</kw>
<kw name="Set Variable" owner="BuiltIn">
<msg time="2025-06-16T19:12:58.306614" level="INFO">${status_code} = 201</msg>
<var>${status_code}</var>
<arg>${response.status_code}</arg>
<doc>Returns the given values which can then be assigned to a variables.</doc>
<status status="PASS" start="2025-06-16T19:12:58.305968" elapsed="0.000802"/>
</kw>
<kw name="Set Suite Variable" owner="BuiltIn">
<msg time="2025-06-16T19:12:58.307480" level="INFO">${status_code} = 201</msg>
<msg time="2025-06-16T19:12:58.307730" level="INFO">${status_code} = None</msg>
<var>${status_code}</var>
<arg>${status_code}</arg>
<doc>Makes a variable available everywhere within the scope of the current suite.</doc>
<status status="PASS" start="2025-06-16T19:12:58.307063" elapsed="0.000806"/>
</kw>
<status status="PASS" start="2025-06-16T19:12:58.277490" elapsed="0.030598"/>
</kw>
<kw name="ENTÃO o sistema deve salvar o produto no banco de dados e retornar sucesso" owner="productsSteps">
<kw name="Should Be Equal As Integers" owner="BuiltIn">
<msg time="2025-06-16T19:12:58.309294" level="INFO">Argument types are:
&lt;class 'int'&gt;
&lt;class 'str'&gt;</msg>
<arg>${status_code}</arg>
<arg>201</arg>
<doc>Fails if objects are unequal after converting them to integers.</doc>
<status status="PASS" start="2025-06-16T19:12:58.309048" elapsed="0.000414"/>
</kw>
<status status="PASS" start="2025-06-16T19:12:58.308638" elapsed="0.000937"/>
</kw>
<status status="PASS" start="2025-06-16T19:12:56.162136" elapsed="2.147673"/>
</test>
<test id="s1-s1-s1-s1-s1-t2" name="NEGATIVE - Criar produto com dados inválidos" line="16">
<kw name="DADO que o usuário possui um token de autenticação válido" owner="authSteps">
<kw name="Login Usando Basic Auth E Obter Token" owner="auth">
<kw name="Create List" owner="BuiltIn">
<msg time="2025-06-16T19:12:58.313966" level="INFO">${auth} = ['AturM', 'Testando']</msg>
<var>${auth}</var>
<arg>${USERNAME}</arg>
<arg>${PASSWORD}</arg>
<doc>Returns a list containing given items.</doc>
<status status="PASS" start="2025-06-16T19:12:58.313641" elapsed="0.000443"/>
</kw>
<kw name="Create Session" owner="RequestsLibrary">
<msg time="2025-06-16T19:12:58.314941" level="INFO">Creating Session using : alias=auth_session, url=http://172.23.208.1, headers={},                     cookies={}, auth=&lt;requests.auth.HTTPBasicAuth object at 0x7ba5a0e2dfc0&gt;, timeout=None, proxies=None, verify=False,                     debug=0 </msg>
<arg>auth_session</arg>
<arg>${login_url}</arg>
<arg>auth=${auth}</arg>
<doc>Create Session: create a HTTP session to a server</doc>
<status status="PASS" start="2025-06-16T19:12:58.314260" elapsed="0.001527"/>
</kw>
<kw name="POST On Session" owner="RequestsLibrary">
<msg time="2025-06-16T19:12:58.415844" level="INFO">POST Request : url=http://172.23.208.1/user/login 
 path_url=/user/login 
 headers={'User-Agent': 'python-requests/2.32.3', 'Accept-Encoding': 'gzip, deflate', 'Accept': '*/*', 'Connection': 'keep-alive', 'Content-Length': '0', 'Authorization': 'Basic QXR1ck06VGVzdGFuZG8='} 
 body=None 
 </msg>
<msg time="2025-06-16T19:12:58.416177" level="INFO">POST Response : url=http://172.23.208.1/user/login 
 status=200, reason=OK 
 headers={'Server': 'nginx/1.28.0', 'Date': 'Mon, 16 Jun 2025 22:12:58 GMT', 'Content-Type': 'application/json', 'Content-Length': '171', 'Connection': 'keep-alive', 'Access-Control-Allow-Origin': '*'} 
 body={"msg":"Success logging in","token":"eyJ0eXAiOiJKV1QiLCJhbGciOiJIUzI1NiJ9.eyJ1c2VybmFtZSI6IkF0dXJNIiwiZXhwIjoxNzUwMTk4Mzc4fQ.1McpYvliZWoFuTRRBT4iCHeeAsG0qTv0InV8lr2kdW8"}
 
 </msg>
<msg time="2025-06-16T19:12:58.416474" level="INFO">${response} = &lt;Response [200]&gt;</msg>
<var>${response}</var>
<arg>auth_session</arg>
<arg>/user/login</arg>
<arg>expected_status=Anything</arg>
<doc>Sends a POST request on a previously created HTTP Session.</doc>
<status status="PASS" start="2025-06-16T19:12:58.316095" elapsed="0.100478"/>
</kw>
<if>
<branch type="IF" condition="${response.status_code} == 401">
<kw name="Create Dictionary" owner="BuiltIn">
<var>${header}</var>
<arg>content-type=application/json</arg>
<doc>Creates and returns a dictionary based on the given ``items``.</doc>
<status status="NOT RUN" start="2025-06-16T19:12:58.417458" elapsed="0.000216"/>
</kw>
<kw name="Create Dictionary" owner="BuiltIn">
<var>${body}</var>
<arg>username=${USERNAME}</arg>
<arg>password=${PASSWORD}</arg>
<doc>Creates and returns a dictionary based on the given ``items``.</doc>
<status status="NOT RUN" start="2025-06-16T19:12:58.417852" elapsed="0.000093"/>
</kw>
<kw name="POST" owner="RequestsLibrary">
<var>${response}</var>
<arg>url=${login_url}/user/create</arg>
<arg>headers=${header}</arg>
<arg>json=${body}</arg>
<doc>Sends a POST request.</doc>
<status status="NOT RUN" start="2025-06-16T19:12:58.418071" elapsed="0.000084"/>
</kw>
<kw name="Should Be Equal As Integers" owner="BuiltIn">
<arg>${response.status_code}</arg>
<arg>201</arg>
<doc>Fails if objects are unequal after converting them to integers.</doc>
<status status="NOT RUN" start="2025-06-16T19:12:58.418308" elapsed="0.000106"/>
</kw>
<kw name="POST On Session" owner="RequestsLibrary">
<var>${response}</var>
<arg>auth_session</arg>
<arg>/user/login</arg>
<doc>Sends a POST request on a previously created HTTP Session.</doc>
<status status="NOT RUN" start="2025-06-16T19:12:58.418554" elapsed="0.000087"/>
</kw>
<status status="NOT RUN" start="2025-06-16T19:12:58.416820" elapsed="0.001892"/>
</branch>
<status status="PASS" start="2025-06-16T19:12:58.416775" elapsed="0.001971"/>
</if>
<kw name="Set Global Variable" owner="BuiltIn">
<msg time="2025-06-16T19:12:58.419367" level="INFO">${AUTH_TOKEN} = eyJ0eXAiOiJKV1QiLCJhbGciOiJIUzI1NiJ9.eyJ1c2VybmFtZSI6IkF0dXJNIiwiZXhwIjoxNzUwMTk4Mzc4fQ.1McpYvliZWoFuTRRBT4iCHeeAsG0qTv0InV8lr2kdW8</msg>
<arg>${AUTH_TOKEN}</arg>
<arg>${response.json()['token']}</arg>
<doc>Makes a variable available globally in all tests and suites.</doc>
<status status="PASS" start="2025-06-16T19:12:58.418825" elapsed="0.000671"/>
</kw>
<status status="PASS" start="2025-06-16T19:12:58.313298" elapsed="0.106317"/>
</kw>
<status status="PASS" start="2025-06-16T19:12:58.312747" elapsed="0.106940"/>
</kw>
<kw name="QUANDO ele faz a requisição de criar um produto no sistema com dados inválidos" owner="productsSteps">
<kw name="Criar produto" owner="products">
<kw name="Run Keyword If" owner="BuiltIn">
<kw name="Set Variable" owner="BuiltIn">
<arg>${name}</arg>
<doc>Returns the given values which can then be assigned to a variables.</doc>
<status status="PASS" start="2025-06-16T19:12:58.421030" elapsed="0.000229"/>
</kw>
<msg time="2025-06-16T19:12:58.421375" level="INFO">${name} = </msg>
<var>${name}</var>
<arg>'${name}' == 'None'</arg>
<arg>FakerLibrary.Name</arg>
<arg>ELSE</arg>
<arg>Set Variable</arg>
<arg>${name}</arg>
<doc>Runs the given keyword with the given arguments, if ``condition`` is true.</doc>
<status status="PASS" start="2025-06-16T19:12:58.420757" elapsed="0.000736"/>
</kw>
<kw name="Run Keyword If" owner="BuiltIn">
<kw name="Set Variable" owner="BuiltIn">
<arg>${description}</arg>
<doc>Returns the given values which can then be assigned to a variables.</doc>
<status status="PASS" start="2025-06-16T19:12:58.422048" elapsed="0.000246"/>
</kw>
<msg time="2025-06-16T19:12:58.422402" level="INFO">${description} = Descrição Inválida</msg>
<var>${description}</var>
<arg>'${description}' == 'None'</arg>
<arg>FakerLibrary.Text</arg>
<arg>ELSE</arg>
<arg>Set Variable</arg>
<arg>${description}</arg>
<doc>Runs the given keyword with the given arguments, if ``condition`` is true.</doc>
<status status="PASS" start="2025-06-16T19:12:58.421642" elapsed="0.000851"/>
</kw>
<kw name="Run Keyword If" owner="BuiltIn">
<kw name="Set Variable" owner="BuiltIn">
<arg>${price}</arg>
<doc>Returns the given values which can then be assigned to a variables.</doc>
<status status="PASS" start="2025-06-16T19:12:58.422885" elapsed="0.000196"/>
</kw>
<msg time="2025-06-16T19:12:58.423181" level="INFO">${price} = invalid</msg>
<var>${price}</var>
<arg>'${price}' == 'None'</arg>
<arg>FakerLibrary.Pyfloat</arg>
<arg>min_value=1.0</arg>
<arg>max_value=1000.0</arg>
<arg>right_digits=2</arg>
<arg>ELSE</arg>
<arg>Set Variable</arg>
<arg>${price}</arg>
<doc>Runs the given keyword with the given arguments, if ``condition`` is true.</doc>
<status status="PASS" start="2025-06-16T19:12:58.422634" elapsed="0.000637"/>
</kw>
<kw name="Run Keyword If" owner="BuiltIn">
<kw name="Set Variable" owner="BuiltIn">
<arg>${quantity}</arg>
<doc>Returns the given values which can then be assigned to a variables.</doc>
<status status="PASS" start="2025-06-16T19:12:58.423699" elapsed="0.000178"/>
</kw>
<msg time="2025-06-16T19:12:58.423974" level="INFO">${quantity} = -10</msg>
<var>${quantity}</var>
<arg>'${quantity}' == 'None'</arg>
<arg>FakerLibrary.Pyint</arg>
<arg>min_value=1</arg>
<arg>max_value=1000</arg>
<arg>ELSE</arg>
<arg>Set Variable</arg>
<arg>${quantity}</arg>
<doc>Runs the given keyword with the given arguments, if ``condition`` is true.</doc>
<status status="PASS" start="2025-06-16T19:12:58.423436" elapsed="0.000643"/>
</kw>
<kw name="Run Keyword If" owner="BuiltIn">
<kw name="Set Variable" owner="BuiltIn">
<arg>${status}</arg>
<doc>Returns the given values which can then be assigned to a variables.</doc>
<status status="PASS" start="2025-06-16T19:12:58.424470" elapsed="0.000189"/>
</kw>
<msg time="2025-06-16T19:12:58.424761" level="INFO">${status} = False</msg>
<var>${status}</var>
<arg>'${status}' == 'None'</arg>
<arg>FakerLibrary.Pybool</arg>
<arg>ELSE</arg>
<arg>Set Variable</arg>
<arg>${status}</arg>
<doc>Runs the given keyword with the given arguments, if ``condition`` is true.</doc>
<status status="PASS" start="2025-06-16T19:12:58.424229" elapsed="0.000615"/>
</kw>
<kw name="Create Dictionary" owner="BuiltIn">
<msg time="2025-06-16T19:12:58.425295" level="INFO">&amp;{headers} = { content-type=application/json | authorization=Bearer eyJ0eXAiOiJKV1QiLCJhbGciOiJIUzI1NiJ9.eyJ1c2VybmFtZSI6IkF0dXJNIiwiZXhwIjoxNzUwMTk4Mzc4fQ.1McpYvliZWoFuTRRBT4iCHeeAsG0qTv0InV8lr2kdW8 }</msg>
<var>&amp;{headers}</var>
<arg>content-type=application/json</arg>
<arg>authorization=Bearer ${AUTH_TOKEN}</arg>
<doc>Creates and returns a dictionary based on the given ``items``.</doc>
<status status="PASS" start="2025-06-16T19:12:58.425000" elapsed="0.000404"/>
</kw>
<kw name="Create Dictionary" owner="BuiltIn">
<msg time="2025-06-16T19:12:58.425921" level="INFO">${body} = {'name': '', 'description': 'Descrição Inválida', 'price': 'invalid', 'quantity': '-10', 'status': False}</msg>
<var>${body}</var>
<arg>name=${name}</arg>
<arg>description=${description}</arg>
<arg>price=${price}</arg>
<arg>quantity=${quantity}</arg>
<arg>status=${status}</arg>
<doc>Creates and returns a dictionary based on the given ``items``.</doc>
<status status="PASS" start="2025-06-16T19:12:58.425548" elapsed="0.000500"/>
</kw>
<kw name="POST" owner="RequestsLibrary">
<msg time="2025-06-16T19:12:58.435379" level="INFO">POST Request : url=http://172.23.208.1/products/create 
 path_url=/products/create 
 headers={'User-Agent': 'python-requests/2.32.3', 'Accept-Encoding': 'gzip, deflate', 'Accept': '*/*', 'Connection': 'keep-alive', 'content-type': 'application/json', 'authorization': 'Bearer eyJ0eXAiOiJKV1QiLCJhbGciOiJIUzI1NiJ9.eyJ1c2VybmFtZSI6IkF0dXJNIiwiZXhwIjoxNzUwMTk4Mzc4fQ.1McpYvliZWoFuTRRBT4iCHeeAsG0qTv0InV8lr2kdW8', 'Content-Length': '120'} 
 body=b'{"name": "", "description": "Descri\\u00e7\\u00e3o Inv\\u00e1lida", "price": "invalid", "quantity": "-10", "status": false}' 
 </msg>
<msg time="2025-06-16T19:12:58.435737" level="INFO">POST Response : url=http://172.23.208.1/products/create 
 status=400, reason=BAD REQUEST 
 headers={'Server': 'nginx/1.28.0', 'Date': 'Mon, 16 Jun 2025 22:12:58 GMT', 'Content-Type': 'application/json', 'Content-Length': '34', 'Connection': 'keep-alive', 'Access-Control-Allow-Origin': '*'} 
 body={
  "msg": "Invalid data types"
}
 
 </msg>
<msg time="2025-06-16T19:12:58.435987" level="INFO">${response} = &lt;Response [400]&gt;</msg>
<var>${response}</var>
<arg>url=${products_url}/create</arg>
<arg>headers=${headers}</arg>
<arg>json=${body}</arg>
<arg>expected_status=Anything</arg>
<doc>Sends a POST request.</doc>
<status status="PASS" start="2025-06-16T19:12:58.426188" elapsed="0.009891"/>
</kw>
<kw name="Log" owner="BuiltIn">
<msg time="2025-06-16T19:12:58.437233" level="INFO">Response: {'msg': 'Invalid data types'} - Status Code: 400</msg>
<arg>Response: ${response.json()} - Status Code: ${response.status_code}</arg>
<doc>Logs the given message with the given level.</doc>
<status status="PASS" start="2025-06-16T19:12:58.436447" elapsed="0.000912"/>
</kw>
<return>
<value>${response}</value>
<status status="PASS" start="2025-06-16T19:12:58.437467" elapsed="0.000095"/>
</return>
<msg time="2025-06-16T19:12:58.437761" level="INFO">${response} = &lt;Response [400]&gt;</msg>
<var>${response}</var>
<arg>name=</arg>
<arg>description=Descrição Inválida</arg>
<arg>price=invalid</arg>
<arg>quantity=-10</arg>
<arg>status=${False}</arg>
<status status="PASS" start="2025-06-16T19:12:58.420322" elapsed="0.017560"/>
</kw>
<kw name="Set Variable" owner="BuiltIn">
<msg time="2025-06-16T19:12:58.438775" level="INFO">${status_code} = 400</msg>
<var>${status_code}</var>
<arg>${response.status_code}</arg>
<doc>Returns the given values which can then be assigned to a variables.</doc>
<status status="PASS" start="2025-06-16T19:12:58.438075" elapsed="0.000846"/>
</kw>
<kw name="Set Suite Variable" owner="BuiltIn">
<msg time="2025-06-16T19:12:58.439588" level="INFO">${status_code} = 400</msg>
<msg time="2025-06-16T19:12:58.439775" level="INFO">${status_code} = None</msg>
<var>${status_code}</var>
<arg>${status_code}</arg>
<doc>Makes a variable available everywhere within the scope of the current suite.</doc>
<status status="PASS" start="2025-06-16T19:12:58.439168" elapsed="0.000689"/>
</kw>
<status status="PASS" start="2025-06-16T19:12:58.419935" elapsed="0.020064"/>
</kw>
<kw name="ENTÃO o sistema deve retornar erro de dados inválidos" owner="productsSteps">
<kw name="Should Be Equal As Integers" owner="BuiltIn">
<msg time="2025-06-16T19:12:58.440930" level="INFO">Argument types are:
&lt;class 'int'&gt;
&lt;class 'str'&gt;</msg>
<arg>${status_code}</arg>
<arg>400</arg>
<doc>Fails if objects are unequal after converting them to integers.</doc>
<status status="PASS" start="2025-06-16T19:12:58.440642" elapsed="0.000421"/>
</kw>
<status status="PASS" start="2025-06-16T19:12:58.440268" elapsed="0.000892"/>
</kw>
<status status="PASS" start="2025-06-16T19:12:58.311877" elapsed="0.129831"/>
</test>
<test id="s1-s1-s1-s1-s1-t3" name="NEGATIVE - Criar produto com dados repetidos" line="22">
<kw name="DADO que o usuário possui um token de autenticação válido" owner="authSteps">
<kw name="Login Usando Basic Auth E Obter Token" owner="auth">
<kw name="Create List" owner="BuiltIn">
<msg time="2025-06-16T19:12:58.444849" level="INFO">${auth} = ['AturM', 'Testando']</msg>
<var>${auth}</var>
<arg>${USERNAME}</arg>
<arg>${PASSWORD}</arg>
<doc>Returns a list containing given items.</doc>
<status status="PASS" start="2025-06-16T19:12:58.444523" elapsed="0.000452"/>
</kw>
<kw name="Create Session" owner="RequestsLibrary">
<msg time="2025-06-16T19:12:58.446226" level="INFO">Creating Session using : alias=auth_session, url=http://172.23.208.1, headers={},                     cookies={}, auth=&lt;requests.auth.HTTPBasicAuth object at 0x7ba5a0eb4ac0&gt;, timeout=None, proxies=None, verify=False,                     debug=0 </msg>
<arg>auth_session</arg>
<arg>${login_url}</arg>
<arg>auth=${auth}</arg>
<doc>Create Session: create a HTTP session to a server</doc>
<status status="PASS" start="2025-06-16T19:12:58.445146" elapsed="0.001448"/>
</kw>
<kw name="POST On Session" owner="RequestsLibrary">
<msg time="2025-06-16T19:12:58.542592" level="INFO">POST Request : url=http://172.23.208.1/user/login 
 path_url=/user/login 
 headers={'User-Agent': 'python-requests/2.32.3', 'Accept-Encoding': 'gzip, deflate', 'Accept': '*/*', 'Connection': 'keep-alive', 'Content-Length': '0', 'Authorization': 'Basic QXR1ck06VGVzdGFuZG8='} 
 body=None 
 </msg>
<msg time="2025-06-16T19:12:58.542853" level="INFO">POST Response : url=http://172.23.208.1/user/login 
 status=200, reason=OK 
 headers={'Server': 'nginx/1.28.0', 'Date': 'Mon, 16 Jun 2025 22:12:58 GMT', 'Content-Type': 'application/json', 'Content-Length': '171', 'Connection': 'keep-alive', 'Access-Control-Allow-Origin': '*'} 
 body={"msg":"Success logging in","token":"eyJ0eXAiOiJKV1QiLCJhbGciOiJIUzI1NiJ9.eyJ1c2VybmFtZSI6IkF0dXJNIiwiZXhwIjoxNzUwMTk4Mzc4fQ.1McpYvliZWoFuTRRBT4iCHeeAsG0qTv0InV8lr2kdW8"}
 
 </msg>
<msg time="2025-06-16T19:12:58.543098" level="INFO">${response} = &lt;Response [200]&gt;</msg>
<var>${response}</var>
<arg>auth_session</arg>
<arg>/user/login</arg>
<arg>expected_status=Anything</arg>
<doc>Sends a POST request on a previously created HTTP Session.</doc>
<status status="PASS" start="2025-06-16T19:12:58.446802" elapsed="0.096381"/>
</kw>
<if>
<branch type="IF" condition="${response.status_code} == 401">
<kw name="Create Dictionary" owner="BuiltIn">
<var>${header}</var>
<arg>content-type=application/json</arg>
<doc>Creates and returns a dictionary based on the given ``items``.</doc>
<status status="NOT RUN" start="2025-06-16T19:12:58.543961" elapsed="0.000146"/>
</kw>
<kw name="Create Dictionary" owner="BuiltIn">
<var>${body}</var>
<arg>username=${USERNAME}</arg>
<arg>password=${PASSWORD}</arg>
<doc>Creates and returns a dictionary based on the given ``items``.</doc>
<status status="NOT RUN" start="2025-06-16T19:12:58.544249" elapsed="0.000087"/>
</kw>
<kw name="POST" owner="RequestsLibrary">
<var>${response}</var>
<arg>url=${login_url}/user/create</arg>
<arg>headers=${header}</arg>
<arg>json=${body}</arg>
<doc>Sends a POST request.</doc>
<status status="NOT RUN" start="2025-06-16T19:12:58.544456" elapsed="0.000090"/>
</kw>
<kw name="Should Be Equal As Integers" owner="BuiltIn">
<arg>${response.status_code}</arg>
<arg>201</arg>
<doc>Fails if objects are unequal after converting them to integers.</doc>
<status status="NOT RUN" start="2025-06-16T19:12:58.544666" elapsed="0.000081"/>
</kw>
<kw name="POST On Session" owner="RequestsLibrary">
<var>${response}</var>
<arg>auth_session</arg>
<arg>/user/login</arg>
<doc>Sends a POST request on a previously created HTTP Session.</doc>
<status status="NOT RUN" start="2025-06-16T19:12:58.544859" elapsed="0.000088"/>
</kw>
<status status="NOT RUN" start="2025-06-16T19:12:58.543371" elapsed="0.001644"/>
</branch>
<status status="PASS" start="2025-06-16T19:12:58.543342" elapsed="0.001706"/>
</if>
<kw name="Set Global Variable" owner="BuiltIn">
<msg time="2025-06-16T19:12:58.545619" level="INFO">${AUTH_TOKEN} = eyJ0eXAiOiJKV1QiLCJhbGciOiJIUzI1NiJ9.eyJ1c2VybmFtZSI6IkF0dXJNIiwiZXhwIjoxNzUwMTk4Mzc4fQ.1McpYvliZWoFuTRRBT4iCHeeAsG0qTv0InV8lr2kdW8</msg>
<arg>${AUTH_TOKEN}</arg>
<arg>${response.json()['token']}</arg>
<doc>Makes a variable available globally in all tests and suites.</doc>
<status status="PASS" start="2025-06-16T19:12:58.545123" elapsed="0.000609"/>
</kw>
<status status="PASS" start="2025-06-16T19:12:58.444176" elapsed="0.101661"/>
</kw>
<status status="PASS" start="2025-06-16T19:12:58.443735" elapsed="0.102192"/>
</kw>
<kw name="QUANDO ele faz a requisição de criar um produto no sistema com dados repetidos" owner="productsSteps">
<kw name="Name" owner="FakerLibrary">
<msg time="2025-06-16T19:12:58.546696" level="INFO">${fake_name} = Ana Liz Ferreira</msg>
<var>${fake_name}</var>
<doc>:example: 'John Doe'</doc>
<status status="PASS" start="2025-06-16T19:12:58.546484" elapsed="0.000474"/>
</kw>
<kw name="Criar produto" owner="products">
<kw name="Run Keyword If" owner="BuiltIn">
<kw name="Set Variable" owner="BuiltIn">
<arg>${name}</arg>
<doc>Returns the given values which can then be assigned to a variables.</doc>
<status status="PASS" start="2025-06-16T19:12:58.548317" elapsed="0.000252"/>
</kw>
<msg time="2025-06-16T19:12:58.548687" level="INFO">${name} = Ana Liz Ferreira</msg>
<var>${name}</var>
<arg>'${name}' == 'None'</arg>
<arg>FakerLibrary.Name</arg>
<arg>ELSE</arg>
<arg>Set Variable</arg>
<arg>${name}</arg>
<doc>Runs the given keyword with the given arguments, if ``condition`` is true.</doc>
<status status="PASS" start="2025-06-16T19:12:58.547954" elapsed="0.000871"/>
</kw>
<kw name="Run Keyword If" owner="BuiltIn">
<kw name="Text" owner="FakerLibrary">
<doc>Generate a text string.</doc>
<status status="PASS" start="2025-06-16T19:12:58.550225" elapsed="0.000236"/>
</kw>
<msg time="2025-06-16T19:12:58.550574" level="INFO">${description} = Sit suscipit voluptatibus nam placeat excepturi. Quos officia distinctio debitis nam animi.
Accusamus laboriosam distinctio maxime. Nulla doloribus provident aut molestiae cum velit.</msg>
<var>${description}</var>
<arg>'${description}' == 'None'</arg>
<arg>FakerLibrary.Text</arg>
<arg>ELSE</arg>
<arg>Set Variable</arg>
<arg>${description}</arg>
<doc>Runs the given keyword with the given arguments, if ``condition`` is true.</doc>
<status status="PASS" start="2025-06-16T19:12:58.549881" elapsed="0.000797"/>
</kw>
<kw name="Run Keyword If" owner="BuiltIn">
<kw name="Pyfloat" owner="FakerLibrary">
<arg>min_value=1.0</arg>
<arg>max_value=1000.0</arg>
<arg>right_digits=2</arg>
<status status="PASS" start="2025-06-16T19:12:58.551169" elapsed="0.000301"/>
</kw>
<msg time="2025-06-16T19:12:58.551621" level="INFO">${price} = 627.31</msg>
<var>${price}</var>
<arg>'${price}' == 'None'</arg>
<arg>FakerLibrary.Pyfloat</arg>
<arg>min_value=1.0</arg>
<arg>max_value=1000.0</arg>
<arg>right_digits=2</arg>
<arg>ELSE</arg>
<arg>Set Variable</arg>
<arg>${price}</arg>
<doc>Runs the given keyword with the given arguments, if ``condition`` is true.</doc>
<status status="PASS" start="2025-06-16T19:12:58.550881" elapsed="0.000874"/>
</kw>
<kw name="Run Keyword If" owner="BuiltIn">
<kw name="Pyint" owner="FakerLibrary">
<arg>min_value=1</arg>
<arg>max_value=1000</arg>
<status status="PASS" start="2025-06-16T19:12:58.552263" elapsed="0.000326"/>
</kw>
<msg time="2025-06-16T19:12:58.552775" level="INFO">${quantity} = 499</msg>
<var>${quantity}</var>
<arg>'${quantity}' == 'None'</arg>
<arg>FakerLibrary.Pyint</arg>
<arg>min_value=1</arg>
<arg>max_value=1000</arg>
<arg>ELSE</arg>
<arg>Set Variable</arg>
<arg>${quantity}</arg>
<doc>Runs the given keyword with the given arguments, if ``condition`` is true.</doc>
<status status="PASS" start="2025-06-16T19:12:58.551935" elapsed="0.000958"/>
</kw>
<kw name="Run Keyword If" owner="BuiltIn">
<kw name="Pybool" owner="FakerLibrary">
<doc>Generates a random boolean, optionally biased towards `True` or `False`.</doc>
<status status="PASS" start="2025-06-16T19:12:58.553421" elapsed="0.000254"/>
</kw>
<msg time="2025-06-16T19:12:58.553814" level="INFO">${status} = True</msg>
<var>${status}</var>
<arg>'${status}' == 'None'</arg>
<arg>FakerLibrary.Pybool</arg>
<arg>ELSE</arg>
<arg>Set Variable</arg>
<arg>${status}</arg>
<doc>Runs the given keyword with the given arguments, if ``condition`` is true.</doc>
<status status="PASS" start="2025-06-16T19:12:58.553072" elapsed="0.000847"/>
</kw>
<kw name="Create Dictionary" owner="BuiltIn">
<msg time="2025-06-16T19:12:58.554473" level="INFO">&amp;{headers} = { content-type=application/json | authorization=Bearer eyJ0eXAiOiJKV1QiLCJhbGciOiJIUzI1NiJ9.eyJ1c2VybmFtZSI6IkF0dXJNIiwiZXhwIjoxNzUwMTk4Mzc4fQ.1McpYvliZWoFuTRRBT4iCHeeAsG0qTv0InV8lr2kdW8 }</msg>
<var>&amp;{headers}</var>
<arg>content-type=application/json</arg>
<arg>authorization=Bearer ${AUTH_TOKEN}</arg>
<doc>Creates and returns a dictionary based on the given ``items``.</doc>
<status status="PASS" start="2025-06-16T19:12:58.554092" elapsed="0.000491"/>
</kw>
<kw name="Create Dictionary" owner="BuiltIn">
<msg time="2025-06-16T19:12:58.555265" level="INFO">${body} = {'name': 'Ana Liz Ferreira', 'description': 'Sit suscipit voluptatibus nam placeat excepturi. Quos officia distinctio debitis nam animi.\nAccusamus laboriosam distinctio maxime. Nulla doloribus provid...</msg>
<var>${body}</var>
<arg>name=${name}</arg>
<arg>description=${description}</arg>
<arg>price=${price}</arg>
<arg>quantity=${quantity}</arg>
<arg>status=${status}</arg>
<doc>Creates and returns a dictionary based on the given ``items``.</doc>
<status status="PASS" start="2025-06-16T19:12:58.554841" elapsed="0.000526"/>
</kw>
<kw name="POST" owner="RequestsLibrary">
<msg time="2025-06-16T19:13:00.584603" level="INFO">POST Request : url=http://172.23.208.1/products/create 
 path_url=/products/create 
 headers={'User-Agent': 'python-requests/2.32.3', 'Accept-Encoding': 'gzip, deflate', 'Accept': '*/*', 'Connection': 'keep-alive', 'content-type': 'application/json', 'authorization': 'Bearer eyJ0eXAiOiJKV1QiLCJhbGciOiJIUzI1NiJ9.eyJ1c2VybmFtZSI6IkF0dXJNIiwiZXhwIjoxNzUwMTk4Mzc4fQ.1McpYvliZWoFuTRRBT4iCHeeAsG0qTv0InV8lr2kdW8', 'Content-Length': '280'} 
 body=b'{"name": "Ana Liz Ferreira", "description": "Sit suscipit voluptatibus nam placeat excepturi. Quos officia distinctio debitis nam animi.\\nAccusamus laboriosam distinctio maxime. Nulla doloribus provident aut molestiae cum velit.", "price": 627.31, "quantity": 499, "status": true}' 
 </msg>
<msg time="2025-06-16T19:13:00.584880" level="INFO">POST Response : url=http://172.23.208.1/products/create 
 status=201, reason=CREATED 
 headers={'Server': 'nginx/1.28.0', 'Date': 'Mon, 16 Jun 2025 22:13:00 GMT', 'Content-Type': 'application/json', 'Content-Length': '56', 'Connection': 'keep-alive', 'Access-Control-Allow-Origin': '*'} 
 body={
  "id": 37,
  "msg": "Success creating the product"
}
 
 </msg>
<msg time="2025-06-16T19:13:00.585143" level="INFO">${response} = &lt;Response [201]&gt;</msg>
<var>${response}</var>
<arg>url=${products_url}/create</arg>
<arg>headers=${headers}</arg>
<arg>json=${body}</arg>
<arg>expected_status=Anything</arg>
<doc>Sends a POST request.</doc>
<status status="PASS" start="2025-06-16T19:12:58.555601" elapsed="2.029668"/>
</kw>
<kw name="Log" owner="BuiltIn">
<msg time="2025-06-16T19:13:00.586345" level="INFO">Response: {'id': 37, 'msg': 'Success creating the product'} - Status Code: 201</msg>
<arg>Response: ${response.json()} - Status Code: ${response.status_code}</arg>
<doc>Logs the given message with the given level.</doc>
<status status="PASS" start="2025-06-16T19:13:00.585563" elapsed="0.000899"/>
</kw>
<return>
<value>${response}</value>
<status status="PASS" start="2025-06-16T19:13:00.586564" elapsed="0.000096"/>
</return>
<msg time="2025-06-16T19:13:00.586789" level="INFO">${response} = &lt;Response [201]&gt;</msg>
<var>${response}</var>
<arg>name=${fake_name}</arg>
<status status="PASS" start="2025-06-16T19:12:58.547211" elapsed="2.039665"/>
</kw>
<kw name="Set Variable" owner="BuiltIn">
<msg time="2025-06-16T19:13:00.587627" level="INFO">${product_id} = 37</msg>
<var>${product_id}</var>
<arg>${response.json()['id']}</arg>
<doc>Returns the given values which can then be assigned to a variables.</doc>
<status status="PASS" start="2025-06-16T19:13:00.587019" elapsed="0.000689"/>
</kw>
<kw name="Set Suite Variable" owner="BuiltIn">
<msg time="2025-06-16T19:13:00.588058" level="INFO">${product_id} = 37</msg>
<msg time="2025-06-16T19:13:00.588219" level="INFO">${product_id} = None</msg>
<var>${product_id}</var>
<arg>${product_id}</arg>
<doc>Makes a variable available everywhere within the scope of the current suite.</doc>
<status status="PASS" start="2025-06-16T19:13:00.587843" elapsed="0.000482"/>
</kw>
<kw name="Criar produto" owner="products">
<kw name="Run Keyword If" owner="BuiltIn">
<kw name="Set Variable" owner="BuiltIn">
<arg>${name}</arg>
<doc>Returns the given values which can then be assigned to a variables.</doc>
<status status="PASS" start="2025-06-16T19:13:00.589226" elapsed="0.000169"/>
</kw>
<msg time="2025-06-16T19:13:00.589489" level="INFO">${name} = Ana Liz Ferreira</msg>
<var>${name}</var>
<arg>'${name}' == 'None'</arg>
<arg>FakerLibrary.Name</arg>
<arg>ELSE</arg>
<arg>Set Variable</arg>
<arg>${name}</arg>
<doc>Runs the given keyword with the given arguments, if ``condition`` is true.</doc>
<status status="PASS" start="2025-06-16T19:13:00.588941" elapsed="0.000626"/>
</kw>
<kw name="Run Keyword If" owner="BuiltIn">
<kw name="Text" owner="FakerLibrary">
<doc>Generate a text string.</doc>
<status status="PASS" start="2025-06-16T19:13:00.589927" elapsed="0.000237"/>
</kw>
<msg time="2025-06-16T19:13:00.590362" level="INFO">${description} = Deleniti accusamus ad ut. Quia voluptates modi minus unde inventore nisi. Saepe repellat iusto at aspernatur itaque itaque.</msg>
<var>${description}</var>
<arg>'${description}' == 'None'</arg>
<arg>FakerLibrary.Text</arg>
<arg>ELSE</arg>
<arg>Set Variable</arg>
<arg>${description}</arg>
<doc>Runs the given keyword with the given arguments, if ``condition`` is true.</doc>
<status status="PASS" start="2025-06-16T19:13:00.589696" elapsed="0.000769"/>
</kw>
<kw name="Run Keyword If" owner="BuiltIn">
<kw name="Pyfloat" owner="FakerLibrary">
<arg>min_value=1.0</arg>
<arg>max_value=1000.0</arg>
<arg>right_digits=2</arg>
<status status="PASS" start="2025-06-16T19:13:00.590907" elapsed="0.000398"/>
</kw>
<msg time="2025-06-16T19:13:00.591414" level="INFO">${price} = 672.79</msg>
<var>${price}</var>
<arg>'${price}' == 'None'</arg>
<arg>FakerLibrary.Pyfloat</arg>
<arg>min_value=1.0</arg>
<arg>max_value=1000.0</arg>
<arg>right_digits=2</arg>
<arg>ELSE</arg>
<arg>Set Variable</arg>
<arg>${price}</arg>
<doc>Runs the given keyword with the given arguments, if ``condition`` is true.</doc>
<status status="PASS" start="2025-06-16T19:13:00.590622" elapsed="0.000872"/>
</kw>
<kw name="Run Keyword If" owner="BuiltIn">
<kw name="Pyint" owner="FakerLibrary">
<arg>min_value=1</arg>
<arg>max_value=1000</arg>
<status status="PASS" start="2025-06-16T19:13:00.591927" elapsed="0.000256"/>
</kw>
<msg time="2025-06-16T19:13:00.592307" level="INFO">${quantity} = 264</msg>
<var>${quantity}</var>
<arg>'${quantity}' == 'None'</arg>
<arg>FakerLibrary.Pyint</arg>
<arg>min_value=1</arg>
<arg>max_value=1000</arg>
<arg>ELSE</arg>
<arg>Set Variable</arg>
<arg>${quantity}</arg>
<doc>Runs the given keyword with the given arguments, if ``condition`` is true.</doc>
<status status="PASS" start="2025-06-16T19:13:00.591693" elapsed="0.000710"/>
</kw>
<kw name="Run Keyword If" owner="BuiltIn">
<kw name="Pybool" owner="FakerLibrary">
<doc>Generates a random boolean, optionally biased towards `True` or `False`.</doc>
<status status="PASS" start="2025-06-16T19:13:00.592812" elapsed="0.000165"/>
</kw>
<msg time="2025-06-16T19:13:00.593096" level="INFO">${status} = False</msg>
<var>${status}</var>
<arg>'${status}' == 'None'</arg>
<arg>FakerLibrary.Pybool</arg>
<arg>ELSE</arg>
<arg>Set Variable</arg>
<arg>${status}</arg>
<doc>Runs the given keyword with the given arguments, if ``condition`` is true.</doc>
<status status="PASS" start="2025-06-16T19:13:00.592560" elapsed="0.000614"/>
</kw>
<kw name="Create Dictionary" owner="BuiltIn">
<msg time="2025-06-16T19:13:00.593635" level="INFO">&amp;{headers} = { content-type=application/json | authorization=Bearer eyJ0eXAiOiJKV1QiLCJhbGciOiJIUzI1NiJ9.eyJ1c2VybmFtZSI6IkF0dXJNIiwiZXhwIjoxNzUwMTk4Mzc4fQ.1McpYvliZWoFuTRRBT4iCHeeAsG0qTv0InV8lr2kdW8 }</msg>
<var>&amp;{headers}</var>
<arg>content-type=application/json</arg>
<arg>authorization=Bearer ${AUTH_TOKEN}</arg>
<doc>Creates and returns a dictionary based on the given ``items``.</doc>
<status status="PASS" start="2025-06-16T19:13:00.593311" elapsed="0.000431"/>
</kw>
<kw name="Create Dictionary" owner="BuiltIn">
<msg time="2025-06-16T19:13:00.594565" level="INFO">${body} = {'name': 'Ana Liz Ferreira', 'description': 'Deleniti accusamus ad ut. Quia voluptates modi minus unde inventore nisi. Saepe repellat iusto at aspernatur itaque itaque.', 'price': 672.79, 'quantity': ...</msg>
<var>${body}</var>
<arg>name=${name}</arg>
<arg>description=${description}</arg>
<arg>price=${price}</arg>
<arg>quantity=${quantity}</arg>
<arg>status=${status}</arg>
<doc>Creates and returns a dictionary based on the given ``items``.</doc>
<status status="PASS" start="2025-06-16T19:13:00.593905" elapsed="0.000802"/>
</kw>
<kw name="POST" owner="RequestsLibrary">
<msg time="2025-06-16T19:13:00.604427" level="INFO">POST Request : url=http://172.23.208.1/products/create 
 path_url=/products/create 
 headers={'User-Agent': 'python-requests/2.32.3', 'Accept-Encoding': 'gzip, deflate', 'Accept': '*/*', 'Connection': 'keep-alive', 'content-type': 'application/json', 'authorization': 'Bearer eyJ0eXAiOiJKV1QiLCJhbGciOiJIUzI1NiJ9.eyJ1c2VybmFtZSI6IkF0dXJNIiwiZXhwIjoxNzUwMTk4Mzc4fQ.1McpYvliZWoFuTRRBT4iCHeeAsG0qTv0InV8lr2kdW8', 'Content-Length': '221'} 
 body=b'{"name": "Ana Liz Ferreira", "description": "Deleniti accusamus ad ut. Quia voluptates modi minus unde inventore nisi. Saepe repellat iusto at aspernatur itaque itaque.", "price": 672.79, "quantity": 264, "status": false}' 
 </msg>
<msg time="2025-06-16T19:13:00.604765" level="INFO">POST Response : url=http://172.23.208.1/products/create 
 status=409, reason=CONFLICT 
 headers={'Server': 'nginx/1.28.0', 'Date': 'Mon, 16 Jun 2025 22:13:00 GMT', 'Content-Type': 'application/json', 'Content-Length': '43', 'Connection': 'keep-alive', 'Access-Control-Allow-Origin': '*'} 
 body={
  "msg": "Product name already exists"
}
 
 </msg>
<msg time="2025-06-16T19:13:00.605019" level="INFO">${response} = &lt;Response [409]&gt;</msg>
<var>${response}</var>
<arg>url=${products_url}/create</arg>
<arg>headers=${headers}</arg>
<arg>json=${body}</arg>
<arg>expected_status=Anything</arg>
<doc>Sends a POST request.</doc>
<status status="PASS" start="2025-06-16T19:13:00.594874" elapsed="0.010234"/>
</kw>
<kw name="Log" owner="BuiltIn">
<msg time="2025-06-16T19:13:00.606097" level="INFO">Response: {'msg': 'Product name already exists'} - Status Code: 409</msg>
<arg>Response: ${response.json()} - Status Code: ${response.status_code}</arg>
<doc>Logs the given message with the given level.</doc>
<status status="PASS" start="2025-06-16T19:13:00.605337" elapsed="0.000892"/>
</kw>
<return>
<value>${response}</value>
<status status="PASS" start="2025-06-16T19:13:00.606356" elapsed="0.000119"/>
</return>
<msg time="2025-06-16T19:13:00.606718" level="INFO">${response} = &lt;Response [409]&gt;</msg>
<var>${response}</var>
<arg>name=${fake_name}</arg>
<status status="PASS" start="2025-06-16T19:13:00.588561" elapsed="0.018306"/>
</kw>
<kw name="Set Variable" owner="BuiltIn">
<msg time="2025-06-16T19:13:00.607621" level="INFO">${status_code} = 409</msg>
<var>${status_code}</var>
<arg>${response.status_code}</arg>
<doc>Returns the given values which can then be assigned to a variables.</doc>
<status status="PASS" start="2025-06-16T19:13:00.607052" elapsed="0.000656"/>
</kw>
<kw name="Set Suite Variable" owner="BuiltIn">
<msg time="2025-06-16T19:13:00.608141" level="INFO">${status_code} = 409</msg>
<msg time="2025-06-16T19:13:00.608270" level="INFO">${status_code} = None</msg>
<var>${status_code}</var>
<arg>${status_code}</arg>
<doc>Makes a variable available everywhere within the scope of the current suite.</doc>
<status status="PASS" start="2025-06-16T19:13:00.607891" elapsed="0.000451"/>
</kw>
<status status="PASS" start="2025-06-16T19:12:58.546206" elapsed="2.062241"/>
</kw>
<kw name="ENTÃO o sistema deve retornar erro de dados repetidos" owner="productsSteps">
<kw name="Should Be Equal As Integers" owner="BuiltIn">
<msg time="2025-06-16T19:13:00.609793" level="INFO">Argument types are:
&lt;class 'int'&gt;
&lt;class 'str'&gt;</msg>
<arg>${status_code}</arg>
<arg>409</arg>
<doc>Fails if objects are unequal after converting them to integers.</doc>
<status status="PASS" start="2025-06-16T19:13:00.609535" elapsed="0.000408"/>
</kw>
<status status="PASS" start="2025-06-16T19:13:00.609105" elapsed="0.000974"/>
</kw>
<status status="PASS" start="2025-06-16T19:12:58.443096" elapsed="2.167859"/>
</test>
<test id="s1-s1-s1-s1-s1-t4" name="POSITIVE - Atualizar produto com sucesso" line="29">
<kw name="DADO que o usuário possui um token de autenticação válido" owner="authSteps">
<kw name="Login Usando Basic Auth E Obter Token" owner="auth">
<kw name="Create List" owner="BuiltIn">
<msg time="2025-06-16T19:13:00.614259" level="INFO">${auth} = ['AturM', 'Testando']</msg>
<var>${auth}</var>
<arg>${USERNAME}</arg>
<arg>${PASSWORD}</arg>
<doc>Returns a list containing given items.</doc>
<status status="PASS" start="2025-06-16T19:13:00.613830" elapsed="0.000636"/>
</kw>
<kw name="Create Session" owner="RequestsLibrary">
<msg time="2025-06-16T19:13:00.615607" level="INFO">Creating Session using : alias=auth_session, url=http://172.23.208.1, headers={},                     cookies={}, auth=&lt;requests.auth.HTTPBasicAuth object at 0x7ba5a0cd1720&gt;, timeout=None, proxies=None, verify=False,                     debug=0 </msg>
<arg>auth_session</arg>
<arg>${login_url}</arg>
<arg>auth=${auth}</arg>
<doc>Create Session: create a HTTP session to a server</doc>
<status status="PASS" start="2025-06-16T19:13:00.614743" elapsed="0.001312"/>
</kw>
<kw name="POST On Session" owner="RequestsLibrary">
<msg time="2025-06-16T19:13:00.712441" level="INFO">POST Request : url=http://172.23.208.1/user/login 
 path_url=/user/login 
 headers={'User-Agent': 'python-requests/2.32.3', 'Accept-Encoding': 'gzip, deflate', 'Accept': '*/*', 'Connection': 'keep-alive', 'Content-Length': '0', 'Authorization': 'Basic QXR1ck06VGVzdGFuZG8='} 
 body=None 
 </msg>
<msg time="2025-06-16T19:13:00.712873" level="INFO">POST Response : url=http://172.23.208.1/user/login 
 status=200, reason=OK 
 headers={'Server': 'nginx/1.28.0', 'Date': 'Mon, 16 Jun 2025 22:13:00 GMT', 'Content-Type': 'application/json', 'Content-Length': '171', 'Connection': 'keep-alive', 'Access-Control-Allow-Origin': '*'} 
 body={"msg":"Success logging in","token":"eyJ0eXAiOiJKV1QiLCJhbGciOiJIUzI1NiJ9.eyJ1c2VybmFtZSI6IkF0dXJNIiwiZXhwIjoxNzUwMTk4MzgwfQ.JuAqUlo69B5DqkNonsPhg45eJgznJWkVTEi74IxK6XE"}
 
 </msg>
<msg time="2025-06-16T19:13:00.713170" level="INFO">${response} = &lt;Response [200]&gt;</msg>
<var>${response}</var>
<arg>auth_session</arg>
<arg>/user/login</arg>
<arg>expected_status=Anything</arg>
<doc>Sends a POST request on a previously created HTTP Session.</doc>
<status status="PASS" start="2025-06-16T19:13:00.616402" elapsed="0.096865"/>
</kw>
<if>
<branch type="IF" condition="${response.status_code} == 401">
<kw name="Create Dictionary" owner="BuiltIn">
<var>${header}</var>
<arg>content-type=application/json</arg>
<doc>Creates and returns a dictionary based on the given ``items``.</doc>
<status status="NOT RUN" start="2025-06-16T19:13:00.714085" elapsed="0.000144"/>
</kw>
<kw name="Create Dictionary" owner="BuiltIn">
<var>${body}</var>
<arg>username=${USERNAME}</arg>
<arg>password=${PASSWORD}</arg>
<doc>Creates and returns a dictionary based on the given ``items``.</doc>
<status status="NOT RUN" start="2025-06-16T19:13:00.714391" elapsed="0.000093"/>
</kw>
<kw name="POST" owner="RequestsLibrary">
<var>${response}</var>
<arg>url=${login_url}/user/create</arg>
<arg>headers=${header}</arg>
<arg>json=${body}</arg>
<doc>Sends a POST request.</doc>
<status status="NOT RUN" start="2025-06-16T19:13:00.714634" elapsed="0.000087"/>
</kw>
<kw name="Should Be Equal As Integers" owner="BuiltIn">
<arg>${response.status_code}</arg>
<arg>201</arg>
<doc>Fails if objects are unequal after converting them to integers.</doc>
<status status="NOT RUN" start="2025-06-16T19:13:00.714859" elapsed="0.000082"/>
</kw>
<kw name="POST On Session" owner="RequestsLibrary">
<var>${response}</var>
<arg>auth_session</arg>
<arg>/user/login</arg>
<doc>Sends a POST request on a previously created HTTP Session.</doc>
<status status="NOT RUN" start="2025-06-16T19:13:00.715089" elapsed="0.000097"/>
</kw>
<status status="NOT RUN" start="2025-06-16T19:13:00.713477" elapsed="0.001777"/>
</branch>
<status status="PASS" start="2025-06-16T19:13:00.713443" elapsed="0.001851"/>
</if>
<kw name="Set Global Variable" owner="BuiltIn">
<msg time="2025-06-16T19:13:00.716055" level="INFO">${AUTH_TOKEN} = eyJ0eXAiOiJKV1QiLCJhbGciOiJIUzI1NiJ9.eyJ1c2VybmFtZSI6IkF0dXJNIiwiZXhwIjoxNzUwMTk4MzgwfQ.JuAqUlo69B5DqkNonsPhg45eJgznJWkVTEi74IxK6XE</msg>
<arg>${AUTH_TOKEN}</arg>
<arg>${response.json()['token']}</arg>
<doc>Makes a variable available globally in all tests and suites.</doc>
<status status="PASS" start="2025-06-16T19:13:00.715374" elapsed="0.000876"/>
</kw>
<status status="PASS" start="2025-06-16T19:13:00.613500" elapsed="0.102875"/>
</kw>
<status status="PASS" start="2025-06-16T19:13:00.612935" elapsed="0.103519"/>
</kw>
<kw name="QUANDO ele faz a requisição de atualizar o produto com dados corretos" owner="productsSteps">
<kw name="Criar produto" owner="products">
<kw name="Run Keyword If" owner="BuiltIn">
<kw name="Name" owner="FakerLibrary">
<doc>:example: 'John Doe'</doc>
<status status="PASS" start="2025-06-16T19:13:00.718545" elapsed="0.000801"/>
</kw>
<msg time="2025-06-16T19:13:00.719626" level="INFO">${name} = Dr. Matteo Cardoso</msg>
<var>${name}</var>
<arg>'${name}' == 'None'</arg>
<arg>FakerLibrary.Name</arg>
<arg>ELSE</arg>
<arg>Set Variable</arg>
<arg>${name}</arg>
<doc>Runs the given keyword with the given arguments, if ``condition`` is true.</doc>
<status status="PASS" start="2025-06-16T19:13:00.718094" elapsed="0.001798"/>
</kw>
<kw name="Run Keyword If" owner="BuiltIn">
<kw name="Text" owner="FakerLibrary">
<doc>Generate a text string.</doc>
<status status="PASS" start="2025-06-16T19:13:00.720799" elapsed="0.000440"/>
</kw>
<msg time="2025-06-16T19:13:00.721414" level="INFO">${description} = Velit quas velit nulla. Laudantium doloribus ex non expedita minima eos.</msg>
<var>${description}</var>
<arg>'${description}' == 'None'</arg>
<arg>FakerLibrary.Text</arg>
<arg>ELSE</arg>
<arg>Set Variable</arg>
<arg>${description}</arg>
<doc>Runs the given keyword with the given arguments, if ``condition`` is true.</doc>
<status status="PASS" start="2025-06-16T19:13:00.720256" elapsed="0.001392"/>
</kw>
<kw name="Run Keyword If" owner="BuiltIn">
<kw name="Pyfloat" owner="FakerLibrary">
<arg>min_value=1.0</arg>
<arg>max_value=1000.0</arg>
<arg>right_digits=2</arg>
<status status="PASS" start="2025-06-16T19:13:00.722416" elapsed="0.000542"/>
</kw>
<msg time="2025-06-16T19:13:00.723136" level="INFO">${price} = 916.37</msg>
<var>${price}</var>
<arg>'${price}' == 'None'</arg>
<arg>FakerLibrary.Pyfloat</arg>
<arg>min_value=1.0</arg>
<arg>max_value=1000.0</arg>
<arg>right_digits=2</arg>
<arg>ELSE</arg>
<arg>Set Variable</arg>
<arg>${price}</arg>
<doc>Runs the given keyword with the given arguments, if ``condition`` is true.</doc>
<status status="PASS" start="2025-06-16T19:13:00.721934" elapsed="0.001383"/>
</kw>
<kw name="Run Keyword If" owner="BuiltIn">
<kw name="Pyint" owner="FakerLibrary">
<arg>min_value=1</arg>
<arg>max_value=1000</arg>
<status status="PASS" start="2025-06-16T19:13:00.723980" elapsed="0.000328"/>
</kw>
<msg time="2025-06-16T19:13:00.724459" level="INFO">${quantity} = 789</msg>
<var>${quantity}</var>
<arg>'${quantity}' == 'None'</arg>
<arg>FakerLibrary.Pyint</arg>
<arg>min_value=1</arg>
<arg>max_value=1000</arg>
<arg>ELSE</arg>
<arg>Set Variable</arg>
<arg>${quantity}</arg>
<doc>Runs the given keyword with the given arguments, if ``condition`` is true.</doc>
<status status="PASS" start="2025-06-16T19:13:00.723542" elapsed="0.001149"/>
</kw>
<kw name="Run Keyword If" owner="BuiltIn">
<kw name="Pybool" owner="FakerLibrary">
<doc>Generates a random boolean, optionally biased towards `True` or `False`.</doc>
<status status="PASS" start="2025-06-16T19:13:00.725402" elapsed="0.000258"/>
</kw>
<msg time="2025-06-16T19:13:00.725799" level="INFO">${status} = True</msg>
<var>${status}</var>
<arg>'${status}' == 'None'</arg>
<arg>FakerLibrary.Pybool</arg>
<arg>ELSE</arg>
<arg>Set Variable</arg>
<arg>${status}</arg>
<doc>Runs the given keyword with the given arguments, if ``condition`` is true.</doc>
<status status="PASS" start="2025-06-16T19:13:00.724974" elapsed="0.000938"/>
</kw>
<kw name="Create Dictionary" owner="BuiltIn">
<msg time="2025-06-16T19:13:00.726518" level="INFO">&amp;{headers} = { content-type=application/json | authorization=Bearer eyJ0eXAiOiJKV1QiLCJhbGciOiJIUzI1NiJ9.eyJ1c2VybmFtZSI6IkF0dXJNIiwiZXhwIjoxNzUwMTk4MzgwfQ.JuAqUlo69B5DqkNonsPhg45eJgznJWkVTEi74IxK6XE }</msg>
<var>&amp;{headers}</var>
<arg>content-type=application/json</arg>
<arg>authorization=Bearer ${AUTH_TOKEN}</arg>
<doc>Creates and returns a dictionary based on the given ``items``.</doc>
<status status="PASS" start="2025-06-16T19:13:00.726069" elapsed="0.000793"/>
</kw>
<kw name="Create Dictionary" owner="BuiltIn">
<msg time="2025-06-16T19:13:00.728004" level="INFO">${body} = {'name': 'Dr. Matteo Cardoso', 'description': 'Velit quas velit nulla. Laudantium doloribus ex non expedita minima eos.', 'price': 916.37, 'quantity': 789, 'status': True}</msg>
<var>${body}</var>
<arg>name=${name}</arg>
<arg>description=${description}</arg>
<arg>price=${price}</arg>
<arg>quantity=${quantity}</arg>
<arg>status=${status}</arg>
<doc>Creates and returns a dictionary based on the given ``items``.</doc>
<status status="PASS" start="2025-06-16T19:13:00.727176" elapsed="0.001233"/>
</kw>
<kw name="POST" owner="RequestsLibrary">
<msg time="2025-06-16T19:13:00.754022" level="INFO">POST Request : url=http://172.23.208.1/products/create 
 path_url=/products/create 
 headers={'User-Agent': 'python-requests/2.32.3', 'Accept-Encoding': 'gzip, deflate', 'Accept': '*/*', 'Connection': 'keep-alive', 'content-type': 'application/json', 'authorization': 'Bearer eyJ0eXAiOiJKV1QiLCJhbGciOiJIUzI1NiJ9.eyJ1c2VybmFtZSI6IkF0dXJNIiwiZXhwIjoxNzUwMTk4MzgwfQ.JuAqUlo69B5DqkNonsPhg45eJgznJWkVTEi74IxK6XE', 'Content-Length': '171'} 
 body=b'{"name": "Dr. Matteo Cardoso", "description": "Velit quas velit nulla. Laudantium doloribus ex non expedita minima eos.", "price": 916.37, "quantity": 789, "status": true}' 
 </msg>
<msg time="2025-06-16T19:13:00.754350" level="INFO">POST Response : url=http://172.23.208.1/products/create 
 status=201, reason=CREATED 
 headers={'Server': 'nginx/1.28.0', 'Date': 'Mon, 16 Jun 2025 22:13:00 GMT', 'Content-Type': 'application/json', 'Content-Length': '56', 'Connection': 'keep-alive', 'Access-Control-Allow-Origin': '*'} 
 body={
  "id": 39,
  "msg": "Success creating the product"
}
 
 </msg>
<msg time="2025-06-16T19:13:00.754630" level="INFO">${response} = &lt;Response [201]&gt;</msg>
<var>${response}</var>
<arg>url=${products_url}/create</arg>
<arg>headers=${headers}</arg>
<arg>json=${body}</arg>
<arg>expected_status=Anything</arg>
<doc>Sends a POST request.</doc>
<status status="PASS" start="2025-06-16T19:13:00.728727" elapsed="0.025997"/>
</kw>
<kw name="Log" owner="BuiltIn">
<msg time="2025-06-16T19:13:00.755946" level="INFO">Response: {'id': 39, 'msg': 'Success creating the product'} - Status Code: 201</msg>
<arg>Response: ${response.json()} - Status Code: ${response.status_code}</arg>
<doc>Logs the given message with the given level.</doc>
<status status="PASS" start="2025-06-16T19:13:00.754955" elapsed="0.001144"/>
</kw>
<return>
<value>${response}</value>
<status status="PASS" start="2025-06-16T19:13:00.756217" elapsed="0.000119"/>
</return>
<msg time="2025-06-16T19:13:00.756484" level="INFO">${response} = &lt;Response [201]&gt;</msg>
<var>${response}</var>
<status status="PASS" start="2025-06-16T19:13:00.717675" elapsed="0.038907"/>
</kw>
<if>
<branch type="IF" condition="${response.status_code} == 201">
<kw name="Set Variable" owner="BuiltIn">
<msg time="2025-06-16T19:13:00.757526" level="INFO">${product_id} = 39</msg>
<var>${product_id}</var>
<arg>${response.json()['id']}</arg>
<doc>Returns the given values which can then be assigned to a variables.</doc>
<status status="PASS" start="2025-06-16T19:13:00.757085" elapsed="0.000526"/>
</kw>
<kw name="Atualizar produto" owner="products">
<kw name="Run Keyword If" owner="BuiltIn">
<kw name="Name" owner="FakerLibrary">
<doc>:example: 'John Doe'</doc>
<status status="PASS" start="2025-06-16T19:13:00.758560" elapsed="0.000197"/>
</kw>
<msg time="2025-06-16T19:13:00.758867" level="INFO">${name} = Benício Fonseca</msg>
<var>${name}</var>
<arg>'${name}' == 'None'</arg>
<arg>FakerLibrary.Name</arg>
<arg>ELSE</arg>
<arg>Set Variable</arg>
<arg>${name}</arg>
<doc>Runs the given keyword with the given arguments, if ``condition`` is true.</doc>
<status status="PASS" start="2025-06-16T19:13:00.758274" elapsed="0.000701"/>
</kw>
<kw name="Run Keyword If" owner="BuiltIn">
<kw name="Text" owner="FakerLibrary">
<doc>Generate a text string.</doc>
<status status="PASS" start="2025-06-16T19:13:00.759427" elapsed="0.000322"/>
</kw>
<msg time="2025-06-16T19:13:00.759917" level="INFO">${description} = Error rerum sunt minima officiis dolor aliquid repellendus. Iure reiciendis dignissimos quos iste incidunt. Perferendis mollitia sapiente temporibus officia.</msg>
<var>${description}</var>
<arg>'${description}' == 'None'</arg>
<arg>FakerLibrary.Text</arg>
<arg>ELSE</arg>
<arg>Set Variable</arg>
<arg>${description}</arg>
<doc>Runs the given keyword with the given arguments, if ``condition`` is true.</doc>
<status status="PASS" start="2025-06-16T19:13:00.759137" elapsed="0.000944"/>
</kw>
<kw name="Run Keyword If" owner="BuiltIn">
<kw name="Pyfloat" owner="FakerLibrary">
<arg>min_value=1.0</arg>
<arg>max_value=1000.0</arg>
<arg>right_digits=2</arg>
<status status="PASS" start="2025-06-16T19:13:00.760694" elapsed="0.000333"/>
</kw>
<msg time="2025-06-16T19:13:00.761151" level="INFO">${price} = 928.78</msg>
<var>${price}</var>
<arg>'${price}' == 'None'</arg>
<arg>FakerLibrary.Pyfloat</arg>
<arg>min_value=1.0</arg>
<arg>max_value=1000.0</arg>
<arg>right_digits=2</arg>
<arg>ELSE</arg>
<arg>Set Variable</arg>
<arg>${price}</arg>
<doc>Runs the given keyword with the given arguments, if ``condition`` is true.</doc>
<status status="PASS" start="2025-06-16T19:13:00.760344" elapsed="0.000902"/>
</kw>
<kw name="Run Keyword If" owner="BuiltIn">
<kw name="Pyint" owner="FakerLibrary">
<arg>min_value=1</arg>
<arg>max_value=1000</arg>
<status status="PASS" start="2025-06-16T19:13:00.761706" elapsed="0.000873"/>
</kw>
<msg time="2025-06-16T19:13:00.762737" level="INFO">${quantity} = 710</msg>
<var>${quantity}</var>
<arg>'${quantity}' == 'None'</arg>
<arg>FakerLibrary.Pyint</arg>
<arg>min_value=1</arg>
<arg>max_value=1000</arg>
<arg>ELSE</arg>
<arg>Set Variable</arg>
<arg>${quantity}</arg>
<doc>Runs the given keyword with the given arguments, if ``condition`` is true.</doc>
<status status="PASS" start="2025-06-16T19:13:00.761409" elapsed="0.001457"/>
</kw>
<kw name="Run Keyword If" owner="BuiltIn">
<kw name="Pybool" owner="FakerLibrary">
<doc>Generates a random boolean, optionally biased towards `True` or `False`.</doc>
<status status="PASS" start="2025-06-16T19:13:00.763454" elapsed="0.000250"/>
</kw>
<msg time="2025-06-16T19:13:00.763812" level="INFO">${status} = False</msg>
<var>${status}</var>
<arg>'${status}' == 'None'</arg>
<arg>FakerLibrary.Pybool</arg>
<arg>ELSE</arg>
<arg>Set Variable</arg>
<arg>${status}</arg>
<doc>Runs the given keyword with the given arguments, if ``condition`` is true.</doc>
<status status="PASS" start="2025-06-16T19:13:00.763112" elapsed="0.000816"/>
</kw>
<kw name="Create Dictionary" owner="BuiltIn">
<msg time="2025-06-16T19:13:00.764468" level="INFO">&amp;{headers} = { content-type=application/json | authorization=Bearer eyJ0eXAiOiJKV1QiLCJhbGciOiJIUzI1NiJ9.eyJ1c2VybmFtZSI6IkF0dXJNIiwiZXhwIjoxNzUwMTk4MzgwfQ.JuAqUlo69B5DqkNonsPhg45eJgznJWkVTEi74IxK6XE }</msg>
<var>&amp;{headers}</var>
<arg>content-type=application/json</arg>
<arg>authorization=Bearer ${AUTH_TOKEN}</arg>
<doc>Creates and returns a dictionary based on the given ``items``.</doc>
<status status="PASS" start="2025-06-16T19:13:00.764112" elapsed="0.000467"/>
</kw>
<kw name="Create Dictionary" owner="BuiltIn">
<msg time="2025-06-16T19:13:00.765349" level="INFO">${body} = {'name': 'Benício Fonseca', 'description': 'Error rerum sunt minima officiis dolor aliquid repellendus. Iure reiciendis dignissimos quos iste incidunt. Perferendis mollitia sapiente temporibus officia...</msg>
<var>${body}</var>
<arg>name=${name}</arg>
<arg>description=${description}</arg>
<arg>price=${price}</arg>
<arg>quantity=${quantity}</arg>
<arg>status=${status}</arg>
<doc>Creates and returns a dictionary based on the given ``items``.</doc>
<status status="PASS" start="2025-06-16T19:13:00.764755" elapsed="0.000755"/>
</kw>
<kw name="PUT" owner="RequestsLibrary">
<msg time="2025-06-16T19:13:00.776238" level="INFO">PUT Request : url=http://172.23.208.1/products/update/39 
 path_url=/products/update/39 
 headers={'User-Agent': 'python-requests/2.32.3', 'Accept-Encoding': 'gzip, deflate', 'Accept': '*/*', 'Connection': 'keep-alive', 'content-type': 'application/json', 'authorization': 'Bearer eyJ0eXAiOiJKV1QiLCJhbGciOiJIUzI1NiJ9.eyJ1c2VybmFtZSI6IkF0dXJNIiwiZXhwIjoxNzUwMTk4MzgwfQ.JuAqUlo69B5DqkNonsPhg45eJgznJWkVTEi74IxK6XE', 'Content-Length': '259'} 
 body=b'{"name": "Ben\\u00edcio Fonseca", "description": "Error rerum sunt minima officiis dolor aliquid repellendus. Iure reiciendis dignissimos quos iste incidunt. Perferendis mollitia sapiente temporibus officia.", "price": 928.78, "quantity": 710, "status": false}' 
 </msg>
<msg time="2025-06-16T19:13:00.777104" level="INFO">PUT Response : url=http://172.23.208.1/products/update/39 
 status=500, reason=INTERNAL SERVER ERROR 
 headers={'Server': 'nginx/1.28.0', 'Date': 'Mon, 16 Jun 2025 22:13:00 GMT', 'Content-Type': 'text/html; charset=utf-8', 'Content-Length': '13560', 'Connection': 'keep-alive'} 
 body=&lt;!doctype html&gt;
&lt;html lang=en&gt;
  &lt;head&gt;
    &lt;title&gt;TypeError: The view function for &amp;#39;products.update&amp;#39; did not return a valid response. The function either returned None or ended without a return statement.
 // Werkzeug Debugger&lt;/title&gt;
    &lt;link rel="stylesheet" href="?__debugger__=yes&amp;amp;cmd=resource&amp;amp;f=style.css"&gt;
    &lt;link rel="shortcut icon"
        href="?__debugger__=yes&amp;amp;cmd=resource&amp;amp;f=console.png"&gt;
    &lt;script src="?__debugger__=yes&amp;amp;cmd=resource&amp;amp;f=debugger.js"&gt;&lt;/script&gt;
    &lt;script&gt;
      var CONSOLE_MODE = false,
          EVALEX = true,
          EVALEX_TRUSTED = false,
          SECRET = "nzYGqgqTzsZzpySqpUpH";
    &lt;/script&gt;
  &lt;/head&gt;
  &lt;body style="background-color: #fff"&gt;
    &lt;div class="debugger"&gt;
&lt;h1&gt;TypeError&lt;/h1&gt;
&lt;div class="detail"&gt;
  &lt;p class="errormsg"&gt;TypeError: The view function for &amp;#39;products.update&amp;#39; did not return a valid response. The function either returned None or ended without a return statement.
&lt;/p&gt;
&lt;/div&gt;
&lt;h2 class="traceback"&gt;Traceback &lt;em&gt;(most recent call last)&lt;/em&gt;&lt;/h2&gt;
&lt;div class="traceback"&gt;
  &lt;h3&gt;&lt;/h3&gt;
  &lt;ul&gt;&lt;li&gt;&lt;div class="frame" id="frame-139871973250032"&gt;
  &lt;h4&gt;File &lt;cite class="filename"&gt;"/usr/local/lib/python3.10/dist-packages/flask/app.py"&lt;/cite&gt;,
      line &lt;em class="line"&gt;1536&lt;/em&gt;,
      in &lt;code class="function"&gt;__call__&lt;/code&gt;&lt;/h4&gt;
  &lt;div class="source "&gt;&lt;pre class="line before"&gt;&lt;span class="ws"&gt;    &lt;/span&gt;) -&amp;gt; cabc.Iterable[bytes]:&lt;/pre&gt;
&lt;pre class="line before"&gt;&lt;span class="ws"&gt;        &lt;/span&gt;&amp;#34;&amp;#34;&amp;#34;The WSGI server calls the Flask application object as the&lt;/pre&gt;
&lt;pre class="line before"&gt;&lt;span class="ws"&gt;        &lt;/span&gt;WSGI application. This calls :meth:`wsgi_app`, which can be&lt;/pre&gt;
&lt;pre class="line before"&gt;&lt;span class="ws"&gt;        &lt;/span&gt;wrapped to apply middleware.&lt;/pre&gt;
&lt;pre class="line before"&gt;&lt;span class="ws"&gt;        &lt;/span&gt;&amp;#34;&amp;#34;&amp;#34;&lt;/pre&gt;
&lt;pre class="line current"&gt;&lt;span class="ws"&gt;        &lt;/span&gt;return self.wsgi_app(environ, start_response)&lt;/pre&gt;&lt;/div&gt;
&lt;/div&gt;

&lt;li&gt;&lt;div class="frame" id="frame-139871973250368"&gt;
  &lt;h4&gt;File &lt;cite class="filename"&gt;"/usr/local/lib/python3.10/dist-packages/flask/app.py"&lt;/cite&gt;,
      line &lt;em class="line"&gt;1514&lt;/em&gt;,
      in &lt;code class="function"&gt;wsgi_app&lt;/code&gt;&lt;/h4&gt;
  &lt;div class="source "&gt;&lt;pre class="line before"&gt;&lt;span class="ws"&gt;            &lt;/span&gt;try:&lt;/pre&gt;
&lt;pre class="line before"&gt;&lt;span class="ws"&gt;                &lt;/span&gt;ctx.push()&lt;/pre&gt;
&lt;pre class="line before"&gt;&lt;span class="ws"&gt;                &lt;/span&gt;response = self.full_dispatch_request()&lt;/pre&gt;
&lt;pre class="line before"&gt;&lt;span class="ws"&gt;            &lt;/span&gt;except Exception as e:&lt;/pre&gt;
&lt;pre class="line before"&gt;&lt;span class="ws"&gt;                &lt;/span&gt;error = e&lt;/pre&gt;
&lt;pre class="line current"&gt;&lt;span class="ws"&gt;                &lt;/span&gt;response = self.handle_exception(e)&lt;/pre&gt;
&lt;pre class="line after"&gt;&lt;span class="ws"&gt;            &lt;/span&gt;except:  # noqa: B001&lt;/pre&gt;
&lt;pre class="line after"&gt;&lt;span class="ws"&gt;                &lt;/span&gt;error = sys.exc_info()[1]&lt;/pre&gt;
&lt;pre class="line after"&gt;&lt;span class="ws"&gt;                &lt;/span&gt;raise&lt;/pre&gt;
&lt;pre class="line after"&gt;&lt;span class="ws"&gt;            &lt;/span&gt;return response(environ, start_response)&lt;/pre&gt;
&lt;pre class="line after"&gt;&lt;span class="ws"&gt;        &lt;/span&gt;finally:&lt;/pre&gt;&lt;/div&gt;
&lt;/div&gt;

&lt;li&gt;&lt;div class="frame" id="frame-139871973253168"&gt;
  &lt;h4&gt;File &lt;cite class="filename"&gt;"/usr/local/lib/python3.10/dist-packages/flask_cors/extension.py"&lt;/cite&gt;,
      line &lt;em class="line"&gt;176&lt;/em&gt;,
      in &lt;code class="function"&gt;wrapped_function&lt;/code&gt;&lt;/h4&gt;
  &lt;div class="source "&gt;&lt;pre class="line before"&gt;&lt;span class="ws"&gt;        &lt;/span&gt;# These error handlers will still respect the behavior of the route&lt;/pre&gt;
&lt;pre class="line before"&gt;&lt;span class="ws"&gt;        &lt;/span&gt;if options.get(&amp;#34;intercept_exceptions&amp;#34;, True):&lt;/pre&gt;
&lt;pre class="line before"&gt;&lt;span class="ws"&gt;&lt;/span&gt; &lt;/pre&gt;
&lt;pre class="line before"&gt;&lt;span class="ws"&gt;            &lt;/span&gt;def _after_request_decorator(f):&lt;/pre&gt;
&lt;pre class="line before"&gt;&lt;span class="ws"&gt;                &lt;/span&gt;def wrapped_function(*args, **kwargs):&lt;/pre&gt;
&lt;pre class="line current"&gt;&lt;span class="ws"&gt;                    &lt;/span&gt;return cors_after_request(app.make_response(f(*args, **kwargs)))&lt;/pre&gt;
&lt;pre class="line after"&gt;&lt;span class="ws"&gt;&lt;/span&gt; &lt;/pre&gt;
&lt;pre class="line after"&gt;&lt;span class="ws"&gt;                &lt;/span&gt;return wrapped_function&lt;/pre&gt;
&lt;pre class="line after"&gt;&lt;span class="ws"&gt;&lt;/span&gt; &lt;/pre&gt;
&lt;pre class="line after"&gt;&lt;span class="ws"&gt;            &lt;/span&gt;if hasattr(app, &amp;#34;handle_exception&amp;#34;):&lt;/pre&gt;
&lt;pre class="line after"&gt;&lt;span class="ws"&gt;                &lt;/span&gt;app.handle_exception = _after_request_decorator(app.handle_exception)&lt;/pre&gt;&lt;/div&gt;
&lt;/div&gt;

&lt;li&gt;&lt;div class="frame" id="frame-139871973250256"&gt;
  &lt;h4&gt;File &lt;cite class="filename"&gt;"/usr/local/lib/python3.10/dist-packages/flask/app.py"&lt;/cite&gt;,
      line &lt;em class="line"&gt;1511&lt;/em&gt;,
      in &lt;code class="function"&gt;wsgi_app&lt;/code&gt;&lt;/h4&gt;
  &lt;div class="source "&gt;&lt;pre class="line before"&gt;&lt;span class="ws"&gt;        &lt;/span&gt;ctx = self.request_context(environ)&lt;/pre&gt;
&lt;pre class="line before"&gt;&lt;span class="ws"&gt;        &lt;/span&gt;error: BaseException | None = None&lt;/pre&gt;
&lt;pre class="line before"&gt;&lt;span class="ws"&gt;        &lt;/span&gt;try:&lt;/pre&gt;
&lt;pre class="line before"&gt;&lt;span class="ws"&gt;            &lt;/span&gt;try:&lt;/pre&gt;
&lt;pre class="line before"&gt;&lt;span class="ws"&gt;                &lt;/span&gt;ctx.push()&lt;/pre&gt;
&lt;pre class="line current"&gt;&lt;span class="ws"&gt;                &lt;/span&gt;response = self.full_dispatch_request()&lt;/pre&gt;
&lt;pre class="line after"&gt;&lt;span class="ws"&gt;            &lt;/span&gt;except Exception as e:&lt;/pre&gt;
&lt;pre class="line after"&gt;&lt;span class="ws"&gt;                &lt;/span&gt;error = e&lt;/pre&gt;
&lt;pre class="line after"&gt;&lt;span class="ws"&gt;                &lt;/span&gt;response = self.handle_exception(e)&lt;/pre&gt;
&lt;pre class="line after"&gt;&lt;span class="ws"&gt;            &lt;/span&gt;except:  # noqa: B001&lt;/pre&gt;
&lt;pre class="line after"&gt;&lt;span class="ws"&gt;                &lt;/span&gt;error = sys.exc_info()[1]&lt;/pre&gt;&lt;/div&gt;
&lt;/div&gt;

&lt;li&gt;&lt;div class="frame" id="frame-139871973250592"&gt;
  &lt;h4&gt;File &lt;cite class="filename"&gt;"/usr/local/lib/python3.10/dist-packages/flask/app.py"&lt;/cite&gt;,
      line &lt;em class="line"&gt;920&lt;/em&gt;,
      in &lt;code class="function"&gt;full_dispatch_request&lt;/code&gt;&lt;/h4&gt;
  &lt;div class="source "&gt;&lt;pre class="line before"&gt;&lt;span class="ws"&gt;            &lt;/span&gt;rv = self.preprocess_request()&lt;/pre&gt;
&lt;pre class="line before"&gt;&lt;span class="ws"&gt;            &lt;/span&gt;if rv is None:&lt;/pre&gt;
&lt;pre class="line before"&gt;&lt;span class="ws"&gt;                &lt;/span&gt;rv = self.dispatch_request()&lt;/pre&gt;
&lt;pre class="line before"&gt;&lt;span class="ws"&gt;        &lt;/span&gt;except Exception as e:&lt;/pre&gt;
&lt;pre class="line before"&gt;&lt;span class="ws"&gt;            &lt;/span&gt;rv = self.handle_user_exception(e)&lt;/pre&gt;
&lt;pre class="line current"&gt;&lt;span class="ws"&gt;        &lt;/span&gt;return self.finalize_request(rv)&lt;/pre&gt;
&lt;pre class="line after"&gt;&lt;span class="ws"&gt;&lt;/span&gt; &lt;/pre&gt;
&lt;pre class="line after"&gt;&lt;span class="ws"&gt;    &lt;/span&gt;def finalize_request(&lt;/pre&gt;
&lt;pre class="line after"&gt;&lt;span class="ws"&gt;        &lt;/span&gt;self,&lt;/pre&gt;
&lt;pre class="line after"&gt;&lt;span class="ws"&gt;        &lt;/span&gt;rv: ft.ResponseReturnValue | HTTPException,&lt;/pre&gt;
&lt;pre class="line after"&gt;&lt;span class="ws"&gt;        &lt;/span&gt;from_error_handler: bool = False,&lt;/pre&gt;&lt;/div&gt;
&lt;/div&gt;

&lt;li&gt;&lt;div class="frame" id="frame-139871973253280"&gt;
  &lt;h4&gt;File &lt;cite class="filename"&gt;"/usr/local/lib/python3.10/dist-packages/flask/app.py"&lt;/cite&gt;,
      line &lt;em class="line"&gt;939&lt;/em&gt;,
      in &lt;code class="function"&gt;finalize_request&lt;/code&gt;&lt;/h4&gt;
  &lt;div class="source "&gt;&lt;pre class="line before"&gt;&lt;span class="ws"&gt;        &lt;/span&gt;with the `from_error_handler` flag.  If enabled, failures in&lt;/pre&gt;
&lt;pre class="line before"&gt;&lt;span class="ws"&gt;        &lt;/span&gt;response processing will be logged and otherwise ignored.&lt;/pre&gt;
&lt;pre class="line before"&gt;&lt;span class="ws"&gt;&lt;/span&gt; &lt;/pre&gt;
&lt;pre class="line before"&gt;&lt;span class="ws"&gt;        &lt;/span&gt;:internal:&lt;/pre&gt;
&lt;pre class="line before"&gt;&lt;span class="ws"&gt;        &lt;/span&gt;&amp;#34;&amp;#34;&amp;#34;&lt;/pre&gt;
&lt;pre class="line current"&gt;&lt;span class="ws"&gt;        &lt;/span&gt;response = self.make_response(rv)&lt;/pre&gt;
&lt;pre class="line after"&gt;&lt;span class="ws"&gt;        &lt;/span&gt;try:&lt;/pre&gt;
&lt;pre class="line after"&gt;&lt;span class="ws"&gt;            &lt;/span&gt;response = self.process_response(response)&lt;/pre&gt;
&lt;pre class="line after"&gt;&lt;span class="ws"&gt;            &lt;/span&gt;request_finished.send(&lt;/pre&gt;
&lt;pre class="line after"&gt;&lt;span class="ws"&gt;                &lt;/span&gt;self, _async_wrapper=self.ensure_sync, response=response&lt;/pre&gt;
&lt;pre class="line after"&gt;&lt;span class="ws"&gt;            &lt;/span&gt;)&lt;/pre&gt;&lt;/div&gt;
&lt;/div&gt;

&lt;li&gt;&lt;div class="frame" id="frame-139871973253392"&gt;
  &lt;h4&gt;File &lt;cite class="filename"&gt;"/usr/local/lib/python3.10/dist-packages/flask/app.py"&lt;/cite&gt;,
      line &lt;em class="line"&gt;1212&lt;/em&gt;,
      in &lt;code class="function"&gt;make_response&lt;/code&gt;&lt;/h4&gt;
  &lt;div class="source "&gt;&lt;pre class="line before"&gt;&lt;span class="ws"&gt;                    &lt;/span&gt;&amp;#34; (body, status), or (body, headers).&amp;#34;&lt;/pre&gt;
&lt;pre class="line before"&gt;&lt;span class="ws"&gt;                &lt;/span&gt;)&lt;/pre&gt;
&lt;pre class="line before"&gt;&lt;span class="ws"&gt;&lt;/span&gt; &lt;/pre&gt;
&lt;pre class="line before"&gt;&lt;span class="ws"&gt;        &lt;/span&gt;# the body must not be None&lt;/pre&gt;
&lt;pre class="line before"&gt;&lt;span class="ws"&gt;        &lt;/span&gt;if rv is None:&lt;/pre&gt;
&lt;pre class="line current"&gt;&lt;span class="ws"&gt;            &lt;/span&gt;raise TypeError(&lt;/pre&gt;
&lt;pre class="line after"&gt;&lt;span class="ws"&gt;                &lt;/span&gt;f&amp;#34;The view function for {request.endpoint!r} did not&amp;#34;&lt;/pre&gt;
&lt;pre class="line after"&gt;&lt;span class="ws"&gt;                &lt;/span&gt;&amp;#34; return a valid response. The function either returned&amp;#34;&lt;/pre&gt;
&lt;pre class="line after"&gt;&lt;span class="ws"&gt;                &lt;/span&gt;&amp;#34; None or ended without a return statement.&amp;#34;&lt;/pre&gt;
&lt;pre class="line after"&gt;&lt;span class="ws"&gt;            &lt;/span&gt;)&lt;/pre&gt;
&lt;pre class="line after"&gt;&lt;span class="ws"&gt;&lt;/span&gt; &lt;/pre&gt;&lt;/div&gt;
&lt;/div&gt;
&lt;/ul&gt;
  &lt;blockquote&gt;TypeError: The view function for &amp;#39;products.update&amp;#39; did not return a valid response. The function either returned None or ended without a return statement.
&lt;/blockquote&gt;
&lt;/div&gt;

... (set the log level to DEBUG or TRACE to see the full content) 
 </msg>
<msg time="2025-06-16T19:13:00.777807" level="INFO">${response} = &lt;Response [500]&gt;</msg>
<var>${response}</var>
<arg>url=${products_url}/update/${id}</arg>
<arg>headers=${headers}</arg>
<arg>json=${body}</arg>
<arg>expected_status=Anything</arg>
<doc>Sends a PUT request.</doc>
<status status="PASS" start="2025-06-16T19:13:00.765665" elapsed="0.012291"/>
</kw>
<return>
<value>${response}</value>
<status status="PASS" start="2025-06-16T19:13:00.778219" elapsed="0.000469"/>
</return>
<msg time="2025-06-16T19:13:00.778959" level="INFO">${response} = &lt;Response [500]&gt;</msg>
<var>${response}</var>
<arg>id=${product_id}</arg>
<status status="PASS" start="2025-06-16T19:13:00.757827" elapsed="0.021281"/>
</kw>
<kw name="Set Variable" owner="BuiltIn">
<msg time="2025-06-16T19:13:00.780292" level="INFO">${status_code} = 500</msg>
<var>${status_code}</var>
<arg>${response.status_code}</arg>
<doc>Returns the given values which can then be assigned to a variables.</doc>
<status status="PASS" start="2025-06-16T19:13:00.779339" elapsed="0.001132"/>
</kw>
<kw name="Set Suite Variable" owner="BuiltIn">
<msg time="2025-06-16T19:13:00.781262" level="INFO">${status_code} = 500</msg>
[...]
<arg>max_value=1000.0</arg>
<arg>right_digits=2</arg>
<status status="PASS" start="2025-06-16T19:13:01.848919" elapsed="0.000267"/>
</kw>
<msg time="2025-06-16T19:13:01.849293" level="INFO">${price} = 121.58</msg>
<var>${price}</var>
<arg>'${price}' == 'None'</arg>
<arg>FakerLibrary.Pyfloat</arg>
<arg>min_value=1.0</arg>
<arg>max_value=1000.0</arg>
<arg>right_digits=2</arg>
<arg>ELSE</arg>
<arg>Set Variable</arg>
<arg>${price}</arg>
<doc>Runs the given keyword with the given arguments, if ``condition`` is true.</doc>
<status status="PASS" start="2025-06-16T19:13:01.848644" elapsed="0.000733"/>
</kw>
<kw name="Run Keyword If" owner="BuiltIn">
<kw name="Pyint" owner="FakerLibrary">
<arg>min_value=1</arg>
<arg>max_value=1000</arg>
<status status="PASS" start="2025-06-16T19:13:01.849847" elapsed="0.000220"/>
</kw>
<msg time="2025-06-16T19:13:01.850176" level="INFO">${quantity} = 450</msg>
<var>${quantity}</var>
<arg>'${quantity}' == 'None'</arg>
<arg>FakerLibrary.Pyint</arg>
<arg>min_value=1</arg>
<arg>max_value=1000</arg>
<arg>ELSE</arg>
<arg>Set Variable</arg>
<arg>${quantity}</arg>
<doc>Runs the given keyword with the given arguments, if ``condition`` is true.</doc>
<status status="PASS" start="2025-06-16T19:13:01.849548" elapsed="0.000712"/>
</kw>
<kw name="Run Keyword If" owner="BuiltIn">
<kw name="Pybool" owner="FakerLibrary">
<doc>Generates a random boolean, optionally biased towards `True` or `False`.</doc>
<status status="PASS" start="2025-06-16T19:13:01.850679" elapsed="0.000182"/>
</kw>
<msg time="2025-06-16T19:13:01.850967" level="INFO">${status} = True</msg>
<var>${status}</var>
<arg>'${status}' == 'None'</arg>
<arg>FakerLibrary.Pybool</arg>
<arg>ELSE</arg>
<arg>Set Variable</arg>
<arg>${status}</arg>
<doc>Runs the given keyword with the given arguments, if ``condition`` is true.</doc>
<status status="PASS" start="2025-06-16T19:13:01.850405" elapsed="0.000668"/>
</kw>
<kw name="Create Dictionary" owner="BuiltIn">
<msg time="2025-06-16T19:13:01.851622" level="INFO">&amp;{headers} = { content-type=application/json | authorization=Bearer eyJ0eXAiOiJKV1QiLCJhbGciOiJIUzI1NiJ9.eyJ1c2VybmFtZSI6IkF0dXJNIiwiZXhwIjoxNzUwMTk4MzgxfQ.vcnuBDRoJ_h5QUIq32dD1G-Eb9AD2XH1qL9nWD40OOk }</msg>
<var>&amp;{headers}</var>
<arg>content-type=application/json</arg>
<arg>authorization=Bearer ${AUTH_TOKEN}</arg>
<doc>Creates and returns a dictionary based on the given ``items``.</doc>
<status status="PASS" start="2025-06-16T19:13:01.851238" elapsed="0.000500"/>
</kw>
<kw name="Create Dictionary" owner="BuiltIn">
<msg time="2025-06-16T19:13:01.852272" level="INFO">${body} = {'name': 'Sabrina Gonçalves', 'description': 'Repudiandae vero animi veniam placeat repudiandae incidunt. Et dicta distinctio eum error rem at voluptatum. Ratione laborum quis veniam expedita.', 'pric...</msg>
<var>${body}</var>
<arg>name=${name}</arg>
<arg>description=${description}</arg>
<arg>price=${price}</arg>
<arg>quantity=${quantity}</arg>
<arg>status=${status}</arg>
<doc>Creates and returns a dictionary based on the given ``items``.</doc>
<status status="PASS" start="2025-06-16T19:13:01.851891" elapsed="0.000478"/>
</kw>
<kw name="POST" owner="RequestsLibrary">
<msg time="2025-06-16T19:13:01.878420" level="INFO">POST Request : url=http://172.23.208.1/products/create 
 path_url=/products/create 
 headers={'User-Agent': 'python-requests/2.32.3', 'Accept-Encoding': 'gzip, deflate', 'Accept': '*/*', 'Connection': 'keep-alive', 'content-type': 'application/json', 'authorization': 'Bearer eyJ0eXAiOiJKV1QiLCJhbGciOiJIUzI1NiJ9.eyJ1c2VybmFtZSI6IkF0dXJNIiwiZXhwIjoxNzUwMTk4MzgxfQ.vcnuBDRoJ_h5QUIq32dD1G-Eb9AD2XH1qL9nWD40OOk', 'Content-Length': '249'} 
 body=b'{"name": "Sabrina Gon\\u00e7alves", "description": "Repudiandae vero animi veniam placeat repudiandae incidunt. Et dicta distinctio eum error rem at voluptatum. Ratione laborum quis veniam expedita.", "price": 121.58, "quantity": 450, "status": true}' 
 </msg>
<msg time="2025-06-16T19:13:01.878714" level="INFO">POST Response : url=http://172.23.208.1/products/create 
 status=201, reason=CREATED 
 headers={'Server': 'nginx/1.28.0', 'Date': 'Mon, 16 Jun 2025 22:13:01 GMT', 'Content-Type': 'application/json', 'Content-Length': '56', 'Connection': 'keep-alive', 'Access-Control-Allow-Origin': '*'} 
 body={
  "id": 45,
  "msg": "Success creating the product"
}
 
 </msg>
<msg time="2025-06-16T19:13:01.878965" level="INFO">${response} = &lt;Response [201]&gt;</msg>
<var>${response}</var>
<arg>url=${products_url}/create</arg>
<arg>headers=${headers}</arg>
<arg>json=${body}</arg>
<arg>expected_status=Anything</arg>
<doc>Sends a POST request.</doc>
<status status="PASS" start="2025-06-16T19:13:01.852623" elapsed="0.026448"/>
</kw>
<kw name="Log" owner="BuiltIn">
<msg time="2025-06-16T19:13:01.880773" level="INFO">Response: {'id': 45, 'msg': 'Success creating the product'} - Status Code: 201</msg>
<arg>Response: ${response.json()} - Status Code: ${response.status_code}</arg>
<doc>Logs the given message with the given level.</doc>
<status status="PASS" start="2025-06-16T19:13:01.879348" elapsed="0.001564"/>
</kw>
<return>
<value>${response}</value>
<status status="PASS" start="2025-06-16T19:13:01.881018" elapsed="0.000319"/>
</return>
<msg time="2025-06-16T19:13:01.881506" level="INFO">${response} = &lt;Response [201]&gt;</msg>
<var>${response}</var>
<status status="PASS" start="2025-06-16T19:13:01.846355" elapsed="0.035265"/>
</kw>
<if>
<branch type="IF" condition="${response.status_code} == 201">
<kw name="Set Variable" owner="BuiltIn">
<msg time="2025-06-16T19:13:01.882870" level="INFO">${product_id} = 45</msg>
<var>${product_id}</var>
<arg>${response.json()['id']}</arg>
<doc>Returns the given values which can then be assigned to a variables.</doc>
<status status="PASS" start="2025-06-16T19:13:01.882260" elapsed="0.000740"/>
</kw>
<kw name="Verificar existencia de produto" owner="products">
<kw name="Create Dictionary" owner="BuiltIn">
<msg time="2025-06-16T19:13:01.885336" level="INFO">&amp;{headers} = { content-type=application/json | authorization=Bearer eyJ0eXAiOiJKV1QiLCJhbGciOiJIUzI1NiJ9.eyJ1c2VybmFtZSI6IkF0dXJNIiwiZXhwIjoxNzUwMTk4MzgxfQ.vcnuBDRoJ_h5QUIq32dD1G-Eb9AD2XH1qL9nWD40OOk }</msg>
<var>&amp;{headers}</var>
<arg>content-type=application/json</arg>
<arg>authorization=Bearer ${AUTH_TOKEN}</arg>
<doc>Creates and returns a dictionary based on the given ``items``.</doc>
<status status="PASS" start="2025-06-16T19:13:01.884729" elapsed="0.000756"/>
</kw>
<kw name="GET" owner="RequestsLibrary">
<msg time="2025-06-16T19:13:01.896489" level="INFO">GET Request : url=http://172.23.208.1/products/exists/45 
 path_url=/products/exists/45 
 headers={'User-Agent': 'python-requests/2.32.3', 'Accept-Encoding': 'gzip, deflate', 'Accept': '*/*', 'Connection': 'keep-alive', 'content-type': 'application/json', 'authorization': 'Bearer eyJ0eXAiOiJKV1QiLCJhbGciOiJIUzI1NiJ9.eyJ1c2VybmFtZSI6IkF0dXJNIiwiZXhwIjoxNzUwMTk4MzgxfQ.vcnuBDRoJ_h5QUIq32dD1G-Eb9AD2XH1qL9nWD40OOk'} 
 body=None 
 </msg>
<msg time="2025-06-16T19:13:01.896766" level="INFO">GET Response : url=http://172.23.208.1/products/exists/45 
 status=200, reason=OK 
 headers={'Server': 'nginx/1.28.0', 'Date': 'Mon, 16 Jun 2025 22:13:01 GMT', 'Content-Type': 'application/json', 'Content-Length': '65', 'Connection': 'keep-alive', 'Access-Control-Allow-Origin': '*'} 
 body={
  "product_name": "Sabrina Gon\u00e7alves",
  "status": true
}
 
 </msg>
<msg time="2025-06-16T19:13:01.897003" level="INFO">${response} = &lt;Response [200]&gt;</msg>
<var>${response}</var>
<arg>url=${products_url}/exists/${id}</arg>
<arg>headers=${headers}</arg>
<arg>expected_status=Anything</arg>
<doc>Sends a GET request.</doc>
<status status="PASS" start="2025-06-16T19:13:01.885692" elapsed="0.011750"/>
</kw>
<return>
<value>${response}</value>
<status status="PASS" start="2025-06-16T19:13:01.897683" elapsed="0.000181"/>
</return>
<msg time="2025-06-16T19:13:01.898069" level="INFO">${response} = &lt;Response [200]&gt;</msg>
<var>${response}</var>
<arg>id=${product_id}</arg>
<status status="PASS" start="2025-06-16T19:13:01.883309" elapsed="0.014862"/>
</kw>
<kw name="Set Suite Variable" owner="BuiltIn">
<msg time="2025-06-16T19:13:01.898685" level="INFO">${response} = &lt;Response [200]&gt;</msg>
<msg time="2025-06-16T19:13:01.898833" level="INFO">${response} = None</msg>
<var>${response}</var>
<arg>${response}</arg>
<doc>Makes a variable available everywhere within the scope of the current suite.</doc>
<status status="PASS" start="2025-06-16T19:13:01.898384" elapsed="0.000522"/>
</kw>
<status status="PASS" start="2025-06-16T19:13:01.881758" elapsed="0.017253"/>
</branch>
<branch type="ELSE">
<kw name="Fail" owner="BuiltIn">
<arg>Não foi possível criar o produto para verificação</arg>
<doc>Fails the test with the given message and optionally alters its tags.</doc>
<status status="NOT RUN" start="2025-06-16T19:13:01.899246" elapsed="0.000093"/>
</kw>
<status status="NOT RUN" start="2025-06-16T19:13:01.899082" elapsed="0.000368"/>
</branch>
<status status="PASS" start="2025-06-16T19:13:01.881731" elapsed="0.017778"/>
</if>
<status status="PASS" start="2025-06-16T19:13:01.846009" elapsed="0.053646"/>
</kw>
<kw name="ENTÃO o sistema deve retornar True e sucesso" owner="productsSteps">
<kw name="Should Be Equal As Integers" owner="BuiltIn">
<msg time="2025-06-16T19:13:01.901189" level="INFO">Argument types are:
&lt;class 'int'&gt;
&lt;class 'str'&gt;</msg>
<arg>${response.status_code}</arg>
<arg>200</arg>
<doc>Fails if objects are unequal after converting them to integers.</doc>
<status status="PASS" start="2025-06-16T19:13:01.900626" elapsed="0.000749"/>
</kw>
<kw name="Should Be Equal As Strings" owner="BuiltIn">
<msg time="2025-06-16T19:13:01.902004" level="INFO">Argument types are:
&lt;class 'bool'&gt;
&lt;class 'str'&gt;</msg>
<arg>${response.json()['status']}</arg>
<arg>True</arg>
<doc>Fails if objects are unequal after converting them to strings.</doc>
<status status="PASS" start="2025-06-16T19:13:01.901528" elapsed="0.000617"/>
</kw>
<status status="PASS" start="2025-06-16T19:13:01.900074" elapsed="0.002169"/>
</kw>
<status status="PASS" start="2025-06-16T19:13:01.740441" elapsed="0.162855"/>
</test>
<test id="s1-s1-s1-s1-s1-t12" name="POSITIVE - Verificar se produto não existe" line="76">
<kw name="DADO que o usuário possui um token de autenticação válido" owner="authSteps">
<kw name="Login Usando Basic Auth E Obter Token" owner="auth">
<kw name="Create List" owner="BuiltIn">
<msg time="2025-06-16T19:13:01.905583" level="INFO">${auth} = ['AturM', 'Testando']</msg>
<var>${auth}</var>
<arg>${USERNAME}</arg>
<arg>${PASSWORD}</arg>
<doc>Returns a list containing given items.</doc>
<status status="PASS" start="2025-06-16T19:13:01.905302" elapsed="0.000418"/>
</kw>
<kw name="Create Session" owner="RequestsLibrary">
<msg time="2025-06-16T19:13:01.906187" level="INFO">Creating Session using : alias=auth_session, url=http://172.23.208.1, headers={},                     cookies={}, auth=&lt;requests.auth.HTTPBasicAuth object at 0x7ba5a0d64b50&gt;, timeout=None, proxies=None, verify=False,                     debug=0 </msg>
<arg>auth_session</arg>
<arg>${login_url}</arg>
<arg>auth=${auth}</arg>
<doc>Create Session: create a HTTP session to a server</doc>
<status status="PASS" start="2025-06-16T19:13:01.905888" elapsed="0.000729"/>
</kw>
<kw name="POST On Session" owner="RequestsLibrary">
<msg time="2025-06-16T19:13:02.008525" level="INFO">POST Request : url=http://172.23.208.1/user/login 
 path_url=/user/login 
 headers={'User-Agent': 'python-requests/2.32.3', 'Accept-Encoding': 'gzip, deflate', 'Accept': '*/*', 'Connection': 'keep-alive', 'Content-Length': '0', 'Authorization': 'Basic QXR1ck06VGVzdGFuZG8='} 
 body=None 
 </msg>
<msg time="2025-06-16T19:13:02.008876" level="INFO">POST Response : url=http://172.23.208.1/user/login 
 status=200, reason=OK 
 headers={'Server': 'nginx/1.28.0', 'Date': 'Mon, 16 Jun 2025 22:13:02 GMT', 'Content-Type': 'application/json', 'Content-Length': '171', 'Connection': 'keep-alive', 'Access-Control-Allow-Origin': '*'} 
 body={"msg":"Success logging in","token":"eyJ0eXAiOiJKV1QiLCJhbGciOiJIUzI1NiJ9.eyJ1c2VybmFtZSI6IkF0dXJNIiwiZXhwIjoxNzUwMTk4MzgyfQ.VFwgmK7P7I1cCFMzD0H29Lyp9rNAIAx1cSAavwO0I5I"}
 
 </msg>
<msg time="2025-06-16T19:13:02.009232" level="INFO">${response} = &lt;Response [200]&gt;</msg>
<var>${response}</var>
<arg>auth_session</arg>
<arg>/user/login</arg>
<arg>expected_status=Anything</arg>
<doc>Sends a POST request on a previously created HTTP Session.</doc>
<status status="PASS" start="2025-06-16T19:13:01.906793" elapsed="0.102574"/>
</kw>
<if>
<branch type="IF" condition="${response.status_code} == 401">
<kw name="Create Dictionary" owner="BuiltIn">
<var>${header}</var>
<arg>content-type=application/json</arg>
<doc>Creates and returns a dictionary based on the given ``items``.</doc>
<status status="NOT RUN" start="2025-06-16T19:13:02.011087" elapsed="0.000241"/>
</kw>
<kw name="Create Dictionary" owner="BuiltIn">
<var>${body}</var>
<arg>username=${USERNAME}</arg>
<arg>password=${PASSWORD}</arg>
<doc>Creates and returns a dictionary based on the given ``items``.</doc>
<status status="NOT RUN" start="2025-06-16T19:13:02.011539" elapsed="0.000145"/>
</kw>
<kw name="POST" owner="RequestsLibrary">
<var>${response}</var>
<arg>url=${login_url}/user/create</arg>
<arg>headers=${header}</arg>
<arg>json=${body}</arg>
<doc>Sends a POST request.</doc>
<status status="NOT RUN" start="2025-06-16T19:13:02.011897" elapsed="0.000134"/>
</kw>
<kw name="Should Be Equal As Integers" owner="BuiltIn">
<arg>${response.status_code}</arg>
<arg>201</arg>
<doc>Fails if objects are unequal after converting them to integers.</doc>
<status status="NOT RUN" start="2025-06-16T19:13:02.012258" elapsed="0.000153"/>
</kw>
<kw name="POST On Session" owner="RequestsLibrary">
<var>${response}</var>
<arg>auth_session</arg>
<arg>/user/login</arg>
<doc>Sends a POST request on a previously created HTTP Session.</doc>
<status status="NOT RUN" start="2025-06-16T19:13:02.012592" elapsed="0.000107"/>
</kw>
<status status="NOT RUN" start="2025-06-16T19:13:02.009710" elapsed="0.003095"/>
</branch>
<status status="PASS" start="2025-06-16T19:13:02.009655" elapsed="0.003222"/>
</if>
<kw name="Set Global Variable" owner="BuiltIn">
<msg time="2025-06-16T19:13:02.013963" level="INFO">${AUTH_TOKEN} = eyJ0eXAiOiJKV1QiLCJhbGciOiJIUzI1NiJ9.eyJ1c2VybmFtZSI6IkF0dXJNIiwiZXhwIjoxNzUwMTk4MzgyfQ.VFwgmK7P7I1cCFMzD0H29Lyp9rNAIAx1cSAavwO0I5I</msg>
<arg>${AUTH_TOKEN}</arg>
<arg>${response.json()['token']}</arg>
<doc>Makes a variable available globally in all tests and suites.</doc>
<status status="PASS" start="2025-06-16T19:13:02.013018" elapsed="0.001232"/>
</kw>
<status status="PASS" start="2025-06-16T19:13:01.904977" elapsed="0.109440"/>
</kw>
<status status="PASS" start="2025-06-16T19:13:01.904524" elapsed="0.110025"/>
</kw>
<kw name="QUANDO ele faz a requisição de verificar se um produto existe com ID inexistente" owner="productsSteps">
<kw name="Verificar existencia de produto" owner="products">
<kw name="Create Dictionary" owner="BuiltIn">
<msg time="2025-06-16T19:13:02.017481" level="INFO">&amp;{headers} = { content-type=application/json | authorization=Bearer eyJ0eXAiOiJKV1QiLCJhbGciOiJIUzI1NiJ9.eyJ1c2VybmFtZSI6IkF0dXJNIiwiZXhwIjoxNzUwMTk4MzgyfQ.VFwgmK7P7I1cCFMzD0H29Lyp9rNAIAx1cSAavwO0I5I }</msg>
<var>&amp;{headers}</var>
<arg>content-type=application/json</arg>
<arg>authorization=Bearer ${AUTH_TOKEN}</arg>
<doc>Creates and returns a dictionary based on the given ``items``.</doc>
<status status="PASS" start="2025-06-16T19:13:02.017057" elapsed="0.000603"/>
</kw>
<kw name="GET" owner="RequestsLibrary">
<msg time="2025-06-16T19:13:02.032429" level="INFO">GET Request : url=http://172.23.208.1/products/exists/999999 
 path_url=/products/exists/999999 
 headers={'User-Agent': 'python-requests/2.32.3', 'Accept-Encoding': 'gzip, deflate', 'Accept': '*/*', 'Connection': 'keep-alive', 'content-type': 'application/json', 'authorization': 'Bearer eyJ0eXAiOiJKV1QiLCJhbGciOiJIUzI1NiJ9.eyJ1c2VybmFtZSI6IkF0dXJNIiwiZXhwIjoxNzUwMTk4MzgyfQ.VFwgmK7P7I1cCFMzD0H29Lyp9rNAIAx1cSAavwO0I5I'} 
 body=None 
 </msg>
<msg time="2025-06-16T19:13:02.032745" level="INFO">GET Response : url=http://172.23.208.1/products/exists/999999 
 status=200, reason=OK 
 headers={'Server': 'nginx/1.28.0', 'Date': 'Mon, 16 Jun 2025 22:13:02 GMT', 'Content-Type': 'application/json', 'Content-Length': '22', 'Connection': 'keep-alive', 'Access-Control-Allow-Origin': '*'} 
 body={
  "status": false
}
 
 </msg>
<msg time="2025-06-16T19:13:02.033133" level="INFO">${response} = &lt;Response [200]&gt;</msg>
<var>${response}</var>
<arg>url=${products_url}/exists/${id}</arg>
<arg>headers=${headers}</arg>
<arg>expected_status=Anything</arg>
<doc>Sends a GET request.</doc>
<status status="PASS" start="2025-06-16T19:13:02.018390" elapsed="0.014897"/>
</kw>
<return>
<value>${response}</value>
<status status="PASS" start="2025-06-16T19:13:02.033560" elapsed="0.000384"/>
</return>
<msg time="2025-06-16T19:13:02.034273" level="INFO">${response} = &lt;Response [200]&gt;</msg>
<var>${response}</var>
<arg>id=999999</arg>
<status status="PASS" start="2025-06-16T19:13:02.016498" elapsed="0.017942"/>
</kw>
<kw name="Set Suite Variable" owner="BuiltIn">
<msg time="2025-06-16T19:13:02.035825" level="INFO">${response} = &lt;Response [200]&gt;</msg>
<msg time="2025-06-16T19:13:02.036090" level="INFO">${response} = None</msg>
<var>${response}</var>
<arg>${response}</arg>
<doc>Makes a variable available everywhere within the scope of the current suite.</doc>
<status status="PASS" start="2025-06-16T19:13:02.034887" elapsed="0.001319"/>
</kw>
<status status="PASS" start="2025-06-16T19:13:02.015328" elapsed="0.021115"/>
</kw>
<kw name="ENTÃO o sistema deve retornar False e sucesso" owner="productsSteps">
<kw name="Should Be Equal As Integers" owner="BuiltIn">
<msg time="2025-06-16T19:13:02.038570" level="INFO">Argument types are:
&lt;class 'int'&gt;
&lt;class 'str'&gt;</msg>
<arg>${response.status_code}</arg>
<arg>200</arg>
<doc>Fails if objects are unequal after converting them to integers.</doc>
<status status="PASS" start="2025-06-16T19:13:02.037931" elapsed="0.000861"/>
</kw>
<kw name="Should Be Equal As Strings" owner="BuiltIn">
<msg time="2025-06-16T19:13:02.039525" level="INFO">Argument types are:
&lt;class 'bool'&gt;
&lt;class 'str'&gt;</msg>
<arg>${response.json()['status']}</arg>
<arg>False</arg>
<doc>Fails if objects are unequal after converting them to strings.</doc>
<status status="PASS" start="2025-06-16T19:13:02.038997" elapsed="0.000812"/>
</kw>
<status status="PASS" start="2025-06-16T19:13:02.037189" elapsed="0.002800"/>
</kw>
<status status="PASS" start="2025-06-16T19:13:01.904019" elapsed="0.136320"/>
</test>
<status status="FAIL" start="2025-06-16T19:12:55.918023" elapsed="6.124593"/>
</suite>
<status status="FAIL" start="2025-06-16T19:12:55.916908" elapsed="6.127910"/>
</suite>
<status status="FAIL" start="2025-06-16T19:12:55.915856" elapsed="6.130876"/>
</suite>
<status status="FAIL" start="2025-06-16T19:12:55.914544" elapsed="6.134015"/>
</suite>
<status status="FAIL" start="2025-06-16T19:12:55.899390" elapsed="6.150896"/>
</suite>
<statistics>
<total>
<stat pass="10" fail="2" skip="0">All Tests</stat>
</total>
<tag>
</tag>
<suite>
<stat name="Inmetrics---Desafios" id="s1" pass="10" fail="2" skip="0">Inmetrics---Desafios</stat>
<stat name="Robot Tests" id="s1-s1" pass="10" fail="2" skip="0">Inmetrics---Desafios.Robot Tests</stat>
<stat name="TestCases" id="s1-s1-s1" pass="10" fail="2" skip="0">Inmetrics---Desafios.Robot Tests.TestCases</stat>
<stat name="Gherkins" id="s1-s1-s1-s1" pass="10" fail="2" skip="0">Inmetrics---Desafios.Robot Tests.TestCases.Gherkins</stat>
<stat name="productsGherkins" id="s1-s1-s1-s1-s1" pass="10" fail="2" skip="0">Inmetrics---Desafios.Robot Tests.TestCases.Gherkins.productsGherkins</stat>
</suite>
</statistics>
<errors>
</errors>
</robot>
